📋 Loaded 1097 contacts
💾 Output: output.csv

[1/1097] ✅ Imran Ali (locations.labcorp.com): imran.ali@labcorp.com (verified=False)
[2/1097] ❌ Shakti Ra***n (locations.labcorp.com): not found
[3/1097] ❌ Robert Ho***d (uab.edu): not found
[4/1097] ❌ Greg Do***d (alabamapublichealth.gov): not found
[5/1097] ✅ Imran Ali (labcorp.com): imran.ali@labcorp.com (verified=False)
[6/1097] ❌ Shakti Ra***n (labcorp.com): not found
[7/1097] ❌ Greg Do***d (alabamapublichealth.gov): not found
[8/1097] ❌ Robert Ho***d (uab.edu): not found
[9/1097] ❌ Paul Th***t (bgapc.com): not found
[10/1097] ✅ Imran Ali (labcorp.com): imran.ali@labcorp.com (verified=False)
[11/1097] ❌ Shakti Ra***n (labcorp.com): not found
[12/1097] ❌ Jose Pi***a (cslplasma.com): not found
[13/1097] ✅ Imran Ali (labcorp.com): imran.ali@labcorp.com (verified=False)
[14/1097] ❌ Shakti Ra***n (labcorp.com): not found
[15/1097] ❌ Nicole Ho***r (southeastlabs.com): not found
[16/1097] ❌ Didi Go***o (madisoncorelabs.com): not found
[17/1097] ✅ Imran Ali (labcorp.com): imran.ali@labcorp.com (verified=False)
[18/1097] ❌ Shakti Ra***n (labcorp.com): not found
[19/1097] ❌ Crystal Mo***r (biolifeplasma.com): not found
[20/1097] ❌ Charolette Ja***n (biolifeplasma.com): not found
[21/1097] ❌ Jose Pi***a (cslplasma.com): not found
[22/1097] ❌ Osman Al***n (usahealthsystem.com): not found
[23/1097] ❌ Karim Bu***i (cerflux.com): not found
[24/1097] ✅ Imran Ali (labcorp.com): imran.ali@labcorp.com (verified=False)
[25/1097] ❌ Shakti Ra***n (labcorp.com): not found
[26/1097] ❌ Karthik Ku***y (questdiagnostics.com): not found
[27/1097] ❌ Karthik Ku***y (locations.questdiagnostics.com): not found
[28/1097] ❌ William Ch***n (lifemedalaska.com): not found
[29/1097] ❌ Craig Ke***h (guardianflight.com): not found
[30/1097] ❌ Jason Jo***n (guardianflight.com): not found
[31/1097] ❌ Kristin Ko***s (cellnetix.com): not found
[32/1097] ❌ Jason Mo***r (cellnetix.com): not found
[33/1097] ✅ Imran Ali (labcorp.com): imran.ali@labcorp.com (verified=False)
[34/1097] ❌ Shakti Ra***n (labcorp.com): not found
[35/1097] ❌ Joshua To***a (anmc.org): not found
❌ Error: The read operation timed out
[36/1097] ❌ Mohammed Ha***n (health.arizona.edu): not found
[37/1097] ❌ Travis De***n (pima.gov): not found
[38/1097] ❌ Jose Pi***a (cslplasma.com): not found
[39/1097] ❌ John Ca***i (sagisdx.com): not found
[40/1097] ❌ Allie Jo***s (virtualscientific.net): not found
[41/1097] ❌ Josie Le***s (affderm.com): not found
[42/1097] ❌ Josie Le***s (affderm.com): not found
[43/1097] ❌ James Di***n (cqch.org): not found
[44/1097] ❌ Mohammed Ha***n (pathology.arizona.edu): not found
[45/1097] ❌ Paul Ak***s (ameripath.com): not found
[46/1097] ❌ Marcie Al***i (ameripath.com): not found
[47/1097] ❌ Anuradha Ra***n (ameripath.com): not found
[48/1097] ❌ Megan Da***e (azgastrohealth.com): not found
[49/1097] ❌ Paul Ak***s (ameripath.com): not found
[50/1097] ❌ Marcie Al***i (ameripath.com): not found
[51/1097] ❌ Anuradha Ra***n (ameripath.com): not found
[52/1097] ❌ Kevin Pa***r (cndlifesciences.com): not found
[53/1097] ❌ Amine Mo***d (adpalab.com): not found
[54/1097] ✅ Imran Ali (locations.labcorp.com): imran.ali@labcorp.com (verified=False)
[55/1097] ❌ Shakti Ra***n (locations.labcorp.com): not found
[56/1097] ❌ David Ar***a (mercy.net): not found
[57/1097] ❌ Randy Bo***h (unity-health.org): not found
[58/1097] ❌ Natalie Am***o (baxterhealth.org): not found
[59/1097] ❌ Jess Ev***s (ael.com): not found
[60/1097] ❌ Carl Mi***i (ael.com): not found
[61/1097] ❌ Megan Bo***y (chistvincent.com): not found
[62/1097] ❌ Abdelrahman At***i (chistvincent.com): not found
[63/1097] ❌ David Ar***a (mercy.net): not found
[64/1097] ❌ Karthik Ku***y (locations.questdiagnostics.com): not found
[65/1097] ❌ Karthik Ku***y (locations.questdiagnostics.com): not found
[66/1097] ❌ Sameer Bh***n (carecredit.com): not found
[67/1097] ❌ Danny Be***r (uamshealth.com): not found
[68/1097] ❌ Allison Su***n (westdermatology.com): not found
[69/1097] ❌ Deborah Lu***s (westdermatology.com): not found
[70/1097] ✅ Imran Ali (locations.labcorp.com): imran.ali@labcorp.com (verified=False)
[71/1097] ❌ Shakti Ra***n (locations.labcorp.com): not found
[72/1097] ❌ Khadijah Da***s (plannedparenthood.org): not found
[73/1097] ❌ Aaron Wa***n (buttecounty.ca.gov): not found
[74/1097] ❌ Aarron Co***s (buttecounty.ca.gov): not found
[75/1097] ❌ Walt Be***k (modocmedicalcenter.org): not found
[76/1097] ✅ Daniella Me***k (psychemedics.com): daniellam@psychemedics.com (verified=False)
[77/1097] ❌ Areg Bo***n (foundationlaboratory.com): not found
[78/1097] ❌ Aaron Wa***n (cdph.ca.gov): not found
[79/1097] ❌ Aarron Co***s (cdph.ca.gov): not found
[80/1097] ✅ Song Liu (igenex.com): sliu@igenex.com (verified=False)
[81/1097] ❌ Karthik Ku***y (locations.questdiagnostics.com): not found
[82/1097] ❌ Paulomi Sh***h (sonomacounty.gov): not found
[83/1097] ❌ Karthik Ku***y (questdiagnostics.com): not found
[84/1097] ❌ Mike Pe***t (hca.venturacounty.gov): not found
[85/1097] ❌ Karthik Ku***y (locations.questdiagnostics.com): not found
[86/1097] ❌ Nicole Pa***e (countyofsb.org): not found
[87/1097] ❌ Gavin Ki***n (longbeach.gov): not found
[88/1097] ❌ Aaron Wa***n (slocounty.ca.gov): not found
[89/1097] ❌ Aarron Co***s (slocounty.ca.gov): not found
[90/1097] ❌ Karthik Ku***y (locations.questdiagnostics.com): not found
[91/1097] ❌ Michael Te***n (maderacounty.com): not found
[92/1097] ❌ Andrea Ma***z (maderacounty.com): not found
[93/1097] ❌ Steven Ne***s (smchealth.org): not found
[94/1097] ❌ Aileen Sh***u (smchealth.org): not found
[95/1097] ❌ Bruce Do***s (calpath.com): not found
[96/1097] ❌ Aaron Wa***n (cdph.ca.gov): not found
[97/1097] ❌ Aarron Co***s (cdph.ca.gov): not found
[98/1097] ❌ Aaron Wa***n (cdph.ca.gov): not found
[99/1097] ❌ Aarron Co***s (cdph.ca.gov): not found
[100/1097] ❌ Martin Ba***a (spermbankcalifornia.com): not found
[101/1097] ❌ Scott Ev***s (sharp.com): not found
[102/1097] ❌ Elisa Ca***e (sharp.com): not found
[103/1097] ❌ Philip Ku***i (vitadox.com): not found
[104/1097] ✅ Shruty Pa***i (corelabandxray.com): shrutyp@corelabandxray.com (verified=False)
[105/1097] ✅ Tali Re***v (sinailabs.com): talir@sinailabs.com (verified=False)
[106/1097] ❌ Scott Ev***s (sharp.com): not found
[107/1097] ❌ Elisa Ca***e (sharp.com): not found
[108/1097] ❌ Sonia So***n (havingbabies.com): not found
[109/1097] ❌ Michael Fe***n (havingbabies.com): not found
[110/1097] ❌ Scott Ev***s (sharp.com): not found
[111/1097] ❌ Elisa Ca***e (sharp.com): not found
[112/1097] ❌ Chris Go***r (scripps.org): not found
[113/1097] ❌ Keshav Na***k (scripps.org): not found
[114/1097] ❌ Elzbieta Ju***a (peninsulapathologists.com): not found
[115/1097] ✅ Yigit Gu***y (cleat.ai): yigit@cleat.ai (verified=False)
[116/1097] ❌ Philip Ku***i (vitadox.com): not found
[117/1097] ❌ Khadijah Da***s (plannedparenthood.org): not found
[118/1097] ❌ Khadijah Da***s (plannedparenthood.org): not found
[119/1097] ❌ Brian He***y (uci.edu): not found
[120/1097] ✅ Xiaofeng Liu (uci.edu): xiaofeng.liu@uci.edu (verified=False)
[121/1097] ❌ Aaron Ha***s (phamatech.com): not found
[122/1097] ❌ Ronald Bl***m (omnipathology.com): not found
[123/1097] ✅ Imran Ali (locations.labcorp.com): imran.ali@labcorp.com (verified=False)
[124/1097] ❌ Shakti Ra***n (locations.labcorp.com): not found
[125/1097] ❌ Sophie Gh***i (pathkare.com): not found
[126/1097] ❌ Johnese Sp***o (uclahealth.org): not found
[127/1097] ❌ Hisham Se***y (uclahealth.org): not found
[128/1097] ❌ James Ha***r (deltapathology.com): not found
[129/1097] ❌ Christen Di***l (deltapathology.com): not found
[130/1097] ❌ Bruce Do***s (calpath.com): not found
[131/1097] ❌ Sonia So***n (havingbabies.com): not found
[132/1097] ❌ Michael Fe***n (havingbabies.com): not found
[133/1097] ❌ Erick Gu***a (startupwebsolutions.com.au): not found
[134/1097] ❌ Scott Ev***s (sharp.com): not found
[135/1097] ❌ Elisa Ca***e (sharp.com): not found
[136/1097] ❌ Brooke Sa***h (sdfamilyderm.com): not found
[137/1097] ❌ Sonia So***n (havingbabies.com): not found
[138/1097] ❌ Michael Fe***n (havingbabies.com): not found
❌ Error: The read operation timed out
[139/1097] ❌ James Ra***y (orangecountylabs.com): not found
[140/1097] ❌ Gary Ol***r (dermatopathologyinstitute.com): not found
[141/1097] ❌ Moses Ag***e (memorialcare.org): not found
[142/1097] ❌ Jim Bo***e (hoag.org): not found
[143/1097] ❌ Susan Na***b (hoag.org): not found
[144/1097] ❌ Dylan Ba***h (bachdx.com): not found
[145/1097] ❌ Grizz Ali (helixmwr.com): not found
[146/1097] ❌ Michelle Hu***e (ocskinlab.com): not found
[147/1097] ❌ Aaron Wa***n (cdph.ca.gov): not found
[148/1097] ❌ Aarron Co***s (cdph.ca.gov): not found
[149/1097] ❌ J Be***t (jit-labs.com): not found
[150/1097] ❌ Jeffrey Ow***n (genomictestingcooperative.com): not found
[151/1097] ❌ Ahmad Ch***a (genomictestingcooperative.com): not found
[152/1097] ❌ Varinder Me***a (schealthlabs.com): not found
[153/1097] ❌ Sadie Co***n (dermla.com): not found
[154/1097] ❌ Scott Ev***s (sharp.com): not found
[155/1097] ❌ Elisa Ca***e (sharp.com): not found
[156/1097] ✅ Brandon Sim (astranahealth.com): brandon.sim@astranahealth.com (verified=False)
[157/1097] ✅ Kevin Ba***r (visualvisitor.com): kevin@visualvisitor.com (verified=False)
[158/1097] ❌ David Dr***e (bizprofile.net): not found
[159/1097] ❌ Chase Wa***n (carislifesciences.com): not found
[160/1097] ❌ Scott Ev***s (sharp.com): not found
[161/1097] ❌ Elisa Ca***e (sharp.com): not found
[162/1097] ❌ Jose Pi***a (cslplasma.com): not found
[163/1097] ❌ Philip Ku***i (vitadox.com): not found
[164/1097] ❌ Chase Wa***n (carislifesciences.com): not found
[165/1097] ❌ Crystal Mo***r (biolifeplasma.com): not found
[166/1097] ❌ Charolette Ja***n (biolifeplasma.com): not found
[167/1097] ❌ Crystal Mo***r (biolifeplasma.com): not found
[168/1097] ❌ Charolette Ja***n (biolifeplasma.com): not found
[169/1097] ❌ Crystal Mo***r (biolifeplasma.com): not found
[170/1097] ❌ Charolette Ja***n (biolifeplasma.com): not found
[171/1097] ❌ Crystal Mo***r (biolifeplasma.com): not found
[172/1097] ❌ Charolette Ja***n (biolifeplasma.com): not found
[173/1097] ❌ Crystal Mo***r (biolifeplasma.com): not found
[174/1097] ❌ Charolette Ja***n (biolifeplasma.com): not found
[175/1097] ❌ Crystal Mo***r (biolifeplasma.com): not found
[176/1097] ❌ Charolette Ja***n (biolifeplasma.com): not found
[177/1097] ❌ Travis Ad***s (neogenomics.com): not found
[178/1097] ❌ Motti Ed***n (sutterhealth.org): not found
[179/1097] ✅ Inga Zh***a (network.doctor2me.com): inga@doctor2me.com (verified=False)
[180/1097] ❌ David Dr***e (bizprofile.net): not found
[181/1097] ❌ Chris Ze***s (fulgent-therapeutics.com): not found
[182/1097] ❌ Hanlin Gao (fulgent-therapeutics.com): not found
[183/1097] ❌ Yener Ba***n (healthy.kaiserpermanente.org): not found
[184/1097] ❌ Krishna Ve***a (healthy.kaiserpermanente.org): not found
[185/1097] ✅ Jordan Co***l (thrivelab.com): jordan@thrivelab.com (verified=False)
[186/1097] ✅ Martin Lee (prolacta.com): mlee@prolacta.com (verified=False)
[187/1097] ❌ Rachel Gr***l (informdx.com): not found
[188/1097] ❌ Belinda Ec***a (informdx.com): not found
[189/1097] ❌ Arash Ra***r (informdx.com): not found
[190/1097] ❌ Rachel Gr***l (informdx.com): not found
[191/1097] ❌ Belinda Ec***a (informdx.com): not found
[192/1097] ❌ Arash Ra***r (informdx.com): not found
[193/1097] ❌ XJ Mo***s (cdphe.colorado.gov): not found
[194/1097] ❌ Jose Pi***a (cslplasma.com): not found
[195/1097] ❌ Crystal Mo***r (biolifeplasma.com): not found
[196/1097] ❌ Charolette Ja***n (biolifeplasma.com): not found
[197/1097] ❌ Andrea Ho (imdpath.com): not found
[198/1097] ❌ Jose Pi***a (cslplasma.com): not found
❌ Error: The read operation timed out
[199/1097] ❌ Jackie Sc***g (mountain.commonspirit.org): not found
[200/1097] ❌ Crystal Mo***r (biolifeplasma.com): not found
[201/1097] ❌ Charolette Ja***n (biolifeplasma.com): not found
❌ Error: The read operation timed out
[202/1097] ❌ Jackie Sc***g (mountain.commonspirit.org): not found
[203/1097] ✅ Jerry Du***s (rockymountainlabs.com): jerry@rockymountainlabs.com (verified=False)
[204/1097] ❌ Jose Pi***a (cslplasma.com): not found
[205/1097] ❌ Shay Ke***n (statlabdiagnostics.com): not found
[206/1097] ✅ Imran Ali (labcorp.com): imran.ali@labcorp.com (verified=False)
[207/1097] ❌ Shakti Ra***n (labcorp.com): not found
[208/1097] ❌ James Mi***r (pathologyservices.com): not found
[209/1097] ❌ Lyle Ba***e (pathologyservices.com): not found
[210/1097] ❌ Crystal Mo***r (biolifeplasma.com): not found
[211/1097] ❌ Charolette Ja***n (biolifeplasma.com): not found
[212/1097] ❌ Karthik Ku***y (locations.questdiagnostics.com): not found
[213/1097] ❌ Karthik Ku***y (locations.questdiagnostics.com): not found
[214/1097] ❌ Karthik Ku***y (locations.questdiagnostics.com): not found
[215/1097] ❌ Justin Hi***y (portal.ct.gov): not found
[216/1097] ❌ Dana Ma***e (greenwichhospital.org): not found
[217/1097] ❌ Michael Ma***o (greenwichhospital.org): not found
[218/1097] ❌ Antonio Pe***o (trinityhealthofne.org): not found
[219/1097] ❌ Karthik Ku***y (locations.questdiagnostics.com): not found
[220/1097] ❌ Karthik Ku***y (locations.questdiagnostics.com): not found
❌ Error: The read operation timed out
[221/1097] ❌ Lidia Fo***a (pfizer.com): not found
[222/1097] ❌ Amy Ha***n (pfizer.com): not found
[223/1097] ❌ Karthik Ku***y (locations.questdiagnostics.com): not found
[224/1097] ❌ Guido Po***k (accureference.com): not found
[225/1097] ❌ Mohamed Ka***i (accureference.com): not found
[226/1097] ❌ Julian Es***s (accureference.com): not found
[227/1097] ❌ Jennifer Sh***o (connecticutgi.org): not found
[228/1097] ❌ Karthik Ku***y (locations.questdiagnostics.com): not found
[229/1097] ❌ Karthik Ku***y (locations.questdiagnostics.com): not found
[230/1097] ❌ Karthik Ku***y (locations.questdiagnostics.com): not found
[231/1097] ❌ Karthik Ku***y (locations.questdiagnostics.com): not found
[232/1097] ❌ Karthik Ku***y (locations.questdiagnostics.com): not found
[233/1097] ❌ Karthik Ku***y (locations.questdiagnostics.com): not found
[234/1097] ❌ Karthik Ku***y (locations.questdiagnostics.com): not found
[235/1097] ❌ Karthik Ku***y (locations.questdiagnostics.com): not found
[236/1097] ✅ Michael Ro***e (advancedgeneticslab.com): miker@advancedgeneticslab.com (verified=False)
[237/1097] ✅ Imran Ali (locations.labcorp.com): imran.ali@labcorp.com (verified=False)
[238/1097] ❌ Shakti Ra***n (locations.labcorp.com): not found
[239/1097] ✅ Imran Ali (labcorp.com): imran.ali@labcorp.com (verified=False)
[240/1097] ❌ Shakti Ra***n (labcorp.com): not found
[241/1097] ✅ Imran Ali (locations.labcorp.com): imran.ali@labcorp.com (verified=False)
[242/1097] ❌ Shakti Ra***n (locations.labcorp.com): not found
[243/1097] ❌ Karthik Ku***y (locations.questdiagnostics.com): not found
[244/1097] ❌ Karthik Ku***y (locations.questdiagnostics.com): not found
[245/1097] ❌ Karthik Ku***y (locations.questdiagnostics.com): not found
[246/1097] ❌ Karthik Ku***y (locations.questdiagnostics.com): not found
[247/1097] ✅ Imran Ali (locations.labcorp.com): imran.ali@labcorp.com (verified=False)
[248/1097] ❌ Shakti Ra***n (locations.labcorp.com): not found
[249/1097] ✅ Imran Ali (labcorp.com): imran.ali@labcorp.com (verified=False)
[250/1097] ❌ Shakti Ra***n (labcorp.com): not found
[251/1097] ✅ Imran Ali (labcorp.com): imran.ali@labcorp.com (verified=False)
[252/1097] ❌ Shakti Ra***n (labcorp.com): not found
[253/1097] ✅ Imran Ali (locations.labcorp.com): imran.ali@labcorp.com (verified=False)
[254/1097] ❌ Shakti Ra***n (locations.labcorp.com): not found
[255/1097] ❌ David Co***r (dhss.delaware.gov): not found
[256/1097] ❌ Julie Wi***y (dhss.delaware.gov): not found
[257/1097] ❌ Gabrielle Pa***e (qps.com): not found
