📋 Apollo misses to search: 219
💾 Output: misses_searched.csv

[1/219] ❌ Crystal (biolifeplasma.com)
[2/219] ❌ Craig (guardianflight.com)
[3/219] ❌ Joshua (anmc.org)
[4/219] ❌ James (cqch.org)
[5/219] ❌ Paul (ameripath.com)
[6/219] ❌ Paul (ameripath.com)
[7/219] ❌ Amine (adpalab.com)
[8/219] ❌ Carl (ael.com)
[9/219] ❌ Megan (chistvincent.com)
[10/219] ❌ Abdelrahman (chistvincent.com)
[11/219] ❌ Allison (westdermatology.com)
[12/219] ❌ Deborah (westdermatology.com)
[13/219] ❌ Walt (modocmedicalcenter.org)
[14/219] ❌ Steven (smchealth.org)
[15/219] ❌ Martin (spermbankcalifornia.com)
[16/219] ❌ Aaron (phamatech.com)
[17/219] ❌ Sophie (pathkare.com)
[18/219] ❌ James (deltapathology.com)
[19/219] ❌ Erick (startupwebsolutions.com.au)
[20/219] ❌ Gary (dermatopathologyinstitute.com)
[21/219] ❌ Michelle (ocskinlab.com)
[22/219] ❌ J (jit-labs.com)
[23/219] ❌ Varinder (schealthlabs.com)
[24/219] ❌ Sadie (dermla.com)
[25/219] ❌ David (bizprofile.net)
[26/219] ❌ Crystal (biolifeplasma.com)
[27/219] ❌ Crystal (biolifeplasma.com)
[28/219] ❌ Crystal (biolifeplasma.com)
[29/219] ❌ Crystal (biolifeplasma.com)
[30/219] ❌ Crystal (biolifeplasma.com)
[31/219] ❌ Crystal (biolifeplasma.com)
[32/219] ❌ David (bizprofile.net)
[33/219] ❌ Crystal (biolifeplasma.com)
[34/219] ❌ Andrea (imdpath.com)
[35/219] ❌ Crystal (biolifeplasma.com)
[36/219] ❌ Shay (statlabdiagnostics.com)
[37/219] ❌ James (pathologyservices.com)
[38/219] ❌ Lyle (pathologyservices.com)
[39/219] ❌ Crystal (biolifeplasma.com)
[40/219] ❌ Michael (greenwichhospital.org)
[41/219] ❌ Mohamed (accureference.com)
[42/219] ❌ Michael (advancedgeneticslab.com)
[43/219] ❌ Davis (immunolabs.com)
[44/219] ❌ Crystal (biolifeplasma.com)
[45/219] ❌ Paul (ameripath.com)
[46/219] ❌ Paul (ameripath.com)
[47/219] ❌ United (unitedlabservice.com)
[48/219] ❌ Alexander (midfloridapathology.com)
[49/219] ❌ Alexander (midfloridapathology.com)
[50/219] ❌ Alexander (midfloridapathology.com)
[51/219] ❌ Crystal (biolifeplasma.com)
[52/219] ❌ Alexander (midfloridapathology.com)
[53/219] ❌ Erick (startupwebsolutions.com.au)
[54/219] ❌ Crystal (biolifeplasma.com)
[55/219] ❌ Ann-Marie (ufhealthjax.org)
[56/219] ❌ Alexander (midfloridapathology.com)
[57/219] ✅ Don (onspotdermatology.com): don@onspotdermatology.com (verified=False)
[58/219] ❌ Crystal (biolifeplasma.com)
[59/219] ❌ Paul (ameripath.com)
[60/219] ❌ Masiely (conciergediagnostics.com)
[61/219] ❌ Alexander (midfloridapathology.com)
[62/219] ❌ Sabrina (clinicallaboratoryservices.com)
[63/219] ❌ William (clinicallaboratoryservices.com)
[64/219] ❌ Crystal (biolifeplasma.com)
[65/219] ❌ Jeremy (prioritytoxlab.com)
[66/219] ❌ Crystal (biolifeplasma.com)
[67/219] ❌ Crystal (biolifeplasma.com)
[68/219] ❌ Crystal (biolifeplasma.com)
[69/219] ❌ Paul (ameripath.com)
[70/219] ❌ Rhawnee (wcchc.com)
[71/219] ❌ Crystal (biolifeplasma.com)
[72/219] ❌ Kenneth (mcwhc.com)
[73/219] ❌ Crystal (biolifeplasma.com)
[74/219] ❌ Crystal (biolifeplasma.com)
[75/219] ❌ Crystal (biolifeplasma.com)
[76/219] ❌ Crystal (biolifeplasma.com)
[77/219] ❌ Crystal (biolifeplasma.com)
[78/219] ❌ Salida (testitl.com)
[79/219] ❌ Crystal (biolifeplasma.com)
[80/219] ❌ Crystal (biolifeplasma.com)
[81/219] ❌ Dominic (sbmf.org)
[82/219] ❌ Crystal (biolifeplasma.com)
[83/219] ❌ Crystal (biolifeplasma.com)
[84/219] ❌ Crystal (biolifeplasma.com)
[85/219] ❌ Crystal (biolifeplasma.com)
[86/219] ❌ Crystal (biolifeplasma.com)
[87/219] ❌ Crystal (biolifeplasma.com)
[88/219] ❌ Dominic (sbmf.org)
[89/219] ❌ Daniel (polkcountyiowa.gov)
[90/219] ❌ Crystal (biolifeplasma.com)
[91/219] ❌ Crystal (biolifeplasma.com)
[92/219] ❌ Crystal (biolifeplasma.com)
[93/219] ❌ Crystal (biolifeplasma.com)
[94/219] ❌ Crystal (biolifeplasma.com)
[95/219] ❌ Crystal (biolifeplasma.com)
[96/219] ❌ Crystal (biolifeplasma.com)
[97/219] ❌ Crystal (biolifeplasma.com)
[98/219] ❌ Kari (hrilabs.org)
[99/219] ❌ David (salinecountyks.gov)
[100/219] ❌ Stepheny (louisvilleky.gov)
[101/219] ❌ Ginny (baptisthealthdeaconess.com)
[102/219] ❌ David (russellcohospital.org)
[103/219] ❌ Chris (gravesgilbert.com)
[104/219] ❌ James (deltapathology.com)
[105/219] ❌ James (deltapathology.com)
[106/219] ❌ James (deltapathology.com)
[107/219] ❌ James (deltapathology.com)
[108/219] ❌ Harold (batonrougeclinic.com)
[109/219] ❌ James (deltapathology.com)
[110/219] ❌ Christina (labcorp-locations.com)
[111/219] ❌ Cathy (labcorp-locations.com)
[112/219] ❌ Wes (resolvemdx.com)
[113/219] ❌ James (deltapathology.com)
[114/219] ❌ James (deltapathology.com)
[115/219] ❌ James (deltapathology.com)
[116/219] ❌ James (deltapathology.com)
[117/219] ❌ James (deltapathology.com)
[118/219] ❌ James (deltapathology.com)
[119/219] ❌ Kenneth (bdlab.com)
[120/219] ❌ Erick (startupwebsolutions.com.au)
[121/219] ❌ Bethaleen (ethos-labs.com)
[122/219] ❌ Crystal (biolifeplasma.com)
[123/219] ❌ Crystal (biolifeplasma.com)
[124/219] ❌ Crystal (biolifeplasma.com)
[125/219] ❌ Crystal (biolifeplasma.com)
[126/219] ❌ Crystal (biolifeplasma.com)
[127/219] ❌ Crystal (biolifeplasma.com)
[128/219] ❌ Crystal (biolifeplasma.com)
[129/219] ❌ Crystal (biolifeplasma.com)
[130/219] ❌ Crystal (biolifeplasma.com)
[131/219] ❌ David (lrhc.org)
[132/219] ❌ Josh (lifelinkiii.com)
[133/219] ❌ Crystal (biolifeplasma.com)
[134/219] ❌ Crystal (biolifeplasma.com)
[135/219] ❌ Gary (phghouston.com)
[136/219] ❌ Carl (ael.com)
[137/219] ❌ Carl (ael.com)
[138/219] ❌ Vickie (plslab.com)
[139/219] ❌ Crystal (biolifeplasma.com)
[140/219] ❌ Crystal (biolifeplasma.com)
[141/219] ❌ Crystal (biolifeplasma.com)
[142/219] ❌ Crystal (biolifeplasma.com)
[143/219] ❌ Crystal (biolifeplasma.com)
[144/219] ❌ Crystal (biolifeplasma.com)
[145/219] ❌ Crystal (biolifeplasma.com)
[146/219] ❌ Pamela (westernmontanaclinic.com)
[147/219] ❌ Pamela (westernmontanaclinic.com)
[148/219] ❌ Joan (riverstonehealth.org)
[149/219] ❌ James (pathologyservices.com)
[150/219] ❌ Lyle (pathologyservices.com)
[151/219] ❌ Maureen (lincoln.ne.gov)
[152/219] ❌ Alfred (celligent.net)
[153/219] ❌ Alfred (celligent.net)
[154/219] ❌ Alfred (celligent.net)
[155/219] ❌ Alfred (celligent.net)
[156/219] ❌ Linda (gso.select-labs.com)
[157/219] ❌ Crystal (biolifeplasma.com)
[158/219] ❌ Stephen (asaplabsandcare.com)
[159/219] ❌ Alfred (celligent.net)
[160/219] ❌ Crystal (biolifeplasma.com)
[161/219] ❌ Crystal (biolifeplasma.com)
[162/219] ❌ Emmett (phdmc.org)
[163/219] ❌ Crystal (biolifeplasma.com)
[164/219] ❌ Crystal (biolifeplasma.com)
[165/219] ❌ Deb (midwestrecoverycenter.com)
[166/219] ❌ Crystal (biolifeplasma.com)
[167/219] ❌ Crystal (biolifeplasma.com)
[168/219] ❌ Crystal (biolifeplasma.com)
[169/219] ❌ Kenny (curryhealthnetwork.com)
[170/219] ❌ James (salemclinic.org)
[171/219] ❌ Michael (zrtlab.com)
[172/219] ❌ Kenny (curryhealthnetwork.com)
[173/219] ❌ Robert (salimetrics.com)
[174/219] ❌ Jose (salud.pr.gov)
[175/219] ❌ Taghi (waze.com)
[176/219] ❌ Taghi (waze.com)
[177/219] ❌ Armando (centrossancristobal.com)
[178/219] ❌ Joe (lifelinebloodserv.org)
[179/219] ❌ Crystal (biolifeplasma.com)
[180/219] ❌ Crystal (biolifeplasma.com)
[181/219] ❌ Paul (ameripath.com)
[182/219] ❌ Michael (cityoflaredo.com)
[183/219] ❌ Crystal (biolifeplasma.com)
[184/219] ❌ Paul (ameripath.com)
[185/219] ❌ Tony (westlakedermatology.com)
[186/219] ❌ Paul (ameripath.com)
[187/219] ❌ Paul (ameripath.com)
[188/219] ❌ Crystal (biolifeplasma.com)
[189/219] ❌ Crystal (biolifeplasma.com)
[190/219] ❌ Crystal (biolifeplasma.com)
[191/219] ❌ Crystal (biolifeplasma.com)
[192/219] ❌ Crystal (biolifeplasma.com)
[193/219] ❌ Cameron (abdalabs.com)
[194/219] ❌ Crystal (biolifeplasma.com)
[195/219] ❌ Crystal (biolifeplasma.com)
[196/219] ❌ Crystal (biolifeplasma.com)
[197/219] ❌ Crystal (biolifeplasma.com)
[198/219] ❌ Craig (clinicalconsultants.org)
[199/219] ❌ Crystal (biolifeplasma.com)
[200/219] ❌ Janet (calculilab.com)
[201/219] ❌ Matthew (vmfh.org)
[202/219] ❌ Bhanu (vmfh.org)
[203/219] ❌ Matthew (euc.vmfh.org)
[204/219] ❌ Bhanu (euc.vmfh.org)
[205/219] ❌ Crystal (biolifeplasma.com)
[206/219] ❌ Crystal (biolifeplasma.com)
[207/219] ❌ Konstance (coppelabs.com)
[208/219] ❌ Crystal (biolifeplasma.com)
[209/219] ❌ Crystal (biolifeplasma.com)
[210/219] ❌ Crystal (biolifeplasma.com)
[211/219] ❌ Crystal (biolifeplasma.com)
[212/219] ❌ Crystal (biolifeplasma.com)
[213/219] ❌ Crystal (biolifeplasma.com)
[214/219] ❌ Crystal (biolifeplasma.com)
[215/219] ❌ Crystal (biolifeplasma.com)
[216/219] ❌ Ogden (health.wyo.gov)
[217/219] ❌ Kandasamy (dhawy.com)
[218/219] ❌ Jeff (dhawy.com)
[219/219] ❌ Kevin (nutripath.com.au)

✅ Done.
   Found:   1 (0.5%)
   Credits: 1 (~$0.01)
