📋 Contacts to reveal: 1252
💾 Output: reveal_full.csv
💳 Max cost: $1.252 (only verified emails charged)

[1/1252] ✅ Imran Ali (locations.labcorp.com): imran.ali@covance.com
[2/1252] ✅ Shakti Ramkissoon (locations.labcorp.com): shakti.ramkissoon@covance.com
[3/1252] ✅ Robert Howard (uab.edu): rhoward@uab.edu
[4/1252] ✅ Greg Dodd (alabamapublichealth.gov): gregory.dodd@adph.state.al.us
[5/1252] ✅ Imran Ali (labcorp.com): imran.ali@covance.com
[6/1252] ✅ Shakti Ramkissoon (labcorp.com): shakti.ramkissoon@covance.com
[7/1252] ✅ Greg Dodd (alabamapublichealth.gov): gregory.dodd@adph.state.al.us
[8/1252] ✅ Robert Howard (uab.edu): rhoward@uab.edu
[9/1252] ✅ Paul Theriot (bgapc.com): ptheriot@bgapc.com
[10/1252] ✅ Imran Ali (labcorp.com): imran.ali@covance.com
[11/1252] ✅ Shakti Ramkissoon (labcorp.com): shakti.ramkissoon@covance.com
[12/1252] ✅ Jose Pineda (cslplasma.com): jose.pineda@cslplasma.com
[13/1252] ✅ Imran Ali (labcorp.com): imran.ali@covance.com
[14/1252] ✅ Shakti Ramkissoon (labcorp.com): shakti.ramkissoon@covance.com
[15/1252] ✅ Nicole Hopper (southeastlabs.com): nhopper@southeastlabs.com
[16/1252] ✅ Didi Gooco (madisoncorelabs.com): egooco@madisoncorelabs.com
[17/1252] ✅ Imran Ali (labcorp.com): imran.ali@covance.com
[18/1252] ✅ Shakti Ramkissoon (labcorp.com): shakti.ramkissoon@covance.com
[19/1252] ❌ Crystal Mo***r (biolifeplasma.com): unavailable
[20/1252] ✅ Charolette Jackson (biolifeplasma.com): charolette.jackson@baxalta.com
[21/1252] ✅ Jose Pineda (cslplasma.com): jose.pineda@cslplasma.com
[22/1252] ✅ Osman Altun (usahealthsystem.com): oaltun@health.southalabama.edu
[23/1252] ✅ Karim Budhwani (cerflux.com): ironman@cerflux.com
[24/1252] ✅ Imran Ali (labcorp.com): imran.ali@covance.com
[25/1252] ✅ Shakti Ramkissoon (labcorp.com): shakti.ramkissoon@covance.com
[26/1252] ✅ Karthik Kuppusamy (questdiagnostics.com): karthikeyan.x.kuppusamy@questdiagnostics.com
[27/1252] ✅ Karthik Kuppusamy (locations.questdiagnostics.com): karthikeyan.x.kuppusamy@questdiagnostics.com
[28/1252] ✅ William Chaplin (lifemedalaska.com): bill.chaplin@lifemedalaska.com
[29/1252] ❌ Craig Ke***h (guardianflight.com): unavailable
[30/1252] ✅ Jason Johnson (guardianflight.com): jason.johnson@gmr.net
[31/1252] ✅ Kristin Kotlan-Jones (cellnetix.com): kkotlan-jones@cellnetix.com
[32/1252] ✅ Jason Molnar (cellnetix.com): jmolnar@cellnetix.com
[33/1252] ✅ Imran Ali (labcorp.com): imran.ali@covance.com
[34/1252] ✅ Shakti Ramkissoon (labcorp.com): shakti.ramkissoon@covance.com
[35/1252] ❌ Joshua To***a (anmc.org): unavailable
[36/1252] ✅ Mohammed Hassan (health.arizona.edu): mohammedhassan@arizona.edu
[37/1252] ✅ Travis Dean (pima.gov): travis.dean@pima.gov
[38/1252] ✅ Jose Pineda (cslplasma.com): jose.pineda@cslplasma.com
[39/1252] ✅ John Cangelosi (sagisdx.com): jcangelosi@sagisdx.com
[40/1252] ✅ Allie Johns (virtualscientific.net): ajohns@virtualscientific.net
[41/1252] ✅ Josie Leanos (affderm.com): jleanos@affderm.com
[42/1252] ✅ Josie Leanos (affderm.com): jleanos@affderm.com
[43/1252] ❌ James Di***n (cqch.org): unavailable
[44/1252] ✅ Mohammed Hassan (pathology.arizona.edu): mohammedhassan@arizona.edu
[45/1252] ❌ Paul Ak***s (ameripath.com): unavailable
[46/1252] ✅ Marcie Albanesi (ameripath.com): malbanesi@ameripath.com
[47/1252] ✅ Anuradha Radhakrishnan (ameripath.com): aradhakrishnan@ameripath.com
[48/1252] ✅ Megan Dane (azgastrohealth.com): mlott@azgastrohealth.com
[49/1252] ❌ Paul Ak***s (ameripath.com): unavailable
[50/1252] ✅ Marcie Albanesi (ameripath.com): malbanesi@ameripath.com
[51/1252] ✅ Anuradha Radhakrishnan (ameripath.com): aradhakrishnan@ameripath.com
[52/1252] ✅ Kevin Parker (cndlifesciences.com): kparker@cndlifesciences.com
[53/1252] ❌ Amine Mo***d (adpalab.com): unavailable
[54/1252] ✅ Imran Ali (locations.labcorp.com): imran.ali@covance.com
[55/1252] ✅ Shakti Ramkissoon (locations.labcorp.com): shakti.ramkissoon@covance.com
[56/1252] ✅ David Argueta (mercy.net): david.argueta@mercy.net
[57/1252] ✅ Randy Bosch (unity-health.org): randy.bosch@unity-health.org
[58/1252] ✅ Natalie Amato (baxterhealth.org): namato@baxterregional.org
[59/1252] ✅ Jess Evans (ael.com): jgevans@ael.com
[60/1252] ❌ Carl Mi***i (ael.com): unavailable
[61/1252] ❌ Megan Bo***y (chistvincent.com): unavailable
[62/1252] ❌ Abdelrahman At***i (chistvincent.com): unavailable
[63/1252] ✅ David Argueta (mercy.net): david.argueta@mercy.net
[64/1252] ✅ Karthik Kuppusamy (locations.questdiagnostics.com): karthikeyan.x.kuppusamy@questdiagnostics.com
[65/1252] ✅ Karthik Kuppusamy (locations.questdiagnostics.com): karthikeyan.x.kuppusamy@questdiagnostics.com
[66/1252] ✅ Sameer Bhasin (carecredit.com): sbhasin@carecredit.com
[67/1252] ✅ Danny Bercher (uamshealth.com): dbercher@uams.edu
[68/1252] ❌ Allison Su***n (westdermatology.com): unavailable
[69/1252] ❌ Deborah Lu***s (westdermatology.com): unavailable
[70/1252] ✅ Imran Ali (locations.labcorp.com): imran.ali@covance.com
[71/1252] ✅ Shakti Ramkissoon (locations.labcorp.com): shakti.ramkissoon@covance.com
[72/1252] ✅ Khadijah Davis (plannedparenthood.org): khadijah.davis@ppfa.org
[73/1252] ✅ Aaron Warren (buttecounty.ca.gov): aaron.warren2@cdcr.ca.gov
[74/1252] ✅ Aarron Corvalis (buttecounty.ca.gov): aarron.corvalis@eurekaca.gov
[75/1252] ❌ Walt Be***k (modocmedicalcenter.org): unavailable
[76/1252] ✅ Daniella Mehalik (psychemedics.com): daniellam@psychemedics.com
[77/1252] ✅ Areg Boyamyan (foundationlaboratory.com): aboyamyan@foundationlaboratory.com
[78/1252] ✅ Aaron Warren (cdph.ca.gov): aaron.warren2@cdcr.ca.gov
[79/1252] ✅ Aarron Corvalis (cdph.ca.gov): aarron.corvalis@eurekaca.gov
[80/1252] ✅ Song Liu (igenex.com): sliu@igenex.com
[81/1252] ✅ Karthik Kuppusamy (locations.questdiagnostics.com): karthikeyan.x.kuppusamy@questdiagnostics.com
[82/1252] ✅ Paulomi Shah (sonomacounty.gov): paulomi.shah@sonoma-county.org
[83/1252] ✅ Kimberly McLennan (health.ucdavis.edu): kmclennan@ucdavis.edu
[84/1252] ✅ Karthik Kuppusamy (questdiagnostics.com): karthikeyan.x.kuppusamy@questdiagnostics.com
[85/1252] ✅ Mike Pettit (hca.venturacounty.gov): mike.pettit@ventura.org
[86/1252] ✅ Karthik Kuppusamy (locations.questdiagnostics.com): karthikeyan.x.kuppusamy@questdiagnostics.com
[87/1252] ✅ Nicole Parmelee (countyofsb.org): nparmelee@countyofsb.org
[88/1252] ✅ Gavin Kiernan (longbeach.gov): gavin@mercuryevent.com
[89/1252] ✅ Aaron Warren (slocounty.ca.gov): aaron.warren2@cdcr.ca.gov
[90/1252] ✅ Aarron Corvalis (slocounty.ca.gov): aarron.corvalis@eurekaca.gov
[91/1252] ✅ Karthik Kuppusamy (locations.questdiagnostics.com): karthikeyan.x.kuppusamy@questdiagnostics.com
[92/1252] ✅ Michael Telegan (maderacounty.com): michael.telegan@maderacounty.com
[93/1252] ✅ Andrea Martinez (maderacounty.com): andrea.martinez@maderacounty.com
[94/1252] ❌ Steven Ne***s (smchealth.org): unavailable
[95/1252] ✅ Aileen Shieu (smchealth.org): ashieu@smcgov.org
[96/1252] ✅ Bruce Douglas (calpath.com): bruce.douglas@calpath.com
[97/1252] ✅ Aaron Warren (cdph.ca.gov): aaron.warren2@cdcr.ca.gov
[98/1252] ✅ Aarron Corvalis (cdph.ca.gov): aarron.corvalis@eurekaca.gov
[99/1252] ✅ Aaron Warren (cdph.ca.gov): aaron.warren2@cdcr.ca.gov
[100/1252] ✅ Aarron Corvalis (cdph.ca.gov): aarron.corvalis@eurekaca.gov
[101/1252] ❌ Martin Ba***a (spermbankcalifornia.com): unavailable
[102/1252] ✅ Scott Evans (sharp.com): scott.evans@sharp.com
[103/1252] ✅ Elisa Candidate (sharp.com): elisa.romero@sharp.com
[104/1252] ✅ Philip Kujawski (vitadox.com): philip@vitadox.com
[105/1252] ✅ Shruty Parti (corelabandxray.com): shrutyp@corelabandxray.com
[106/1252] ✅ Tali Regev (sinailabs.com): tali.regev@sinailabs.com
[107/1252] ✅ Daniele Farnedi (solvhealth.com): daniele@solvhealth.com
[108/1252] ✅ Scott Evans (sharp.com): scott.evans@sharp.com
[109/1252] ✅ Elisa Candidate (sharp.com): elisa.romero@sharp.com
[110/1252] ✅ Sonia Solin (havingbabies.com): sonia.solin@havingbabies.com
[111/1252] ✅ Michael Feinman (havingbabies.com): feinmanivf@havingbabies.com
[112/1252] ✅ Scott Evans (sharp.com): scott.evans@sharp.com
[113/1252] ✅ Elisa Candidate (sharp.com): elisa.romero@sharp.com
[114/1252] ✅ Chris Gorder (scripps.org): shf@scrippshealth.org
[115/1252] ✅ Keshav Nayak (scripps.org): nayak.keshav@scrippshealth.org
[116/1252] ✅ Elzbieta Jurka (peninsulapathologists.com): ejurka@peninsulapathologists.com
[117/1252] ✅ Yigit Guney (cleat.ai): yigit@cleat.ai
[118/1252] ✅ Philip Kujawski (vitadox.com): philip@vitadox.com
[119/1252] ✅ Khadijah Davis (plannedparenthood.org): khadijah.davis@ppfa.org
[120/1252] ✅ Khadijah Davis (plannedparenthood.org): khadijah.davis@ppfa.org
[121/1252] ✅ Brian Hervey (uci.edu): bhervey@uci.edu
[122/1252] ✅ Xiaofeng Liu (uci.edu): xiaofl12@uci.edu
[123/1252] ❌ Aaron Ha***s (phamatech.com): unavailable
[124/1252] ✅ Ronald Blum (omnipathology.com): rblum@omnipathology.com
[125/1252] ✅ Mirna Dipano (canopybiosciences.com): mdipano@nanostring.com
[126/1252] ✅ Imran Ali (locations.labcorp.com): imran.ali@covance.com
[127/1252] ✅ Shakti Ramkissoon (locations.labcorp.com): shakti.ramkissoon@covance.com
[128/1252] ❌ Sophie Gh***i (pathkare.com): unavailable
[129/1252] ✅ Johnese Spisso (uclahealth.org): jspisso@mednet.ucla.edu
[130/1252] ✅ Hisham Seify (uclahealth.org): drseify@newportplastic.com
[131/1252] ❌ James Ha***r (deltapathology.com): unavailable
[132/1252] ✅ Christen Diel (deltapathology.com): christen.diel@deltapathology.com
[133/1252] ✅ Bruce Douglas (calpath.com): bruce.douglas@calpath.com
[134/1252] ✅ Sonia Solin (havingbabies.com): sonia.solin@havingbabies.com
[135/1252] ✅ Michael Feinman (havingbabies.com): feinmanivf@havingbabies.com
[136/1252] ❌ Erick Gu***a (startupwebsolutions.com.au): unavailable
[137/1252] ✅ Scott Evans (sharp.com): scott.evans@sharp.com
[138/1252] ✅ Elisa Candidate (sharp.com): elisa.romero@sharp.com
[139/1252] ✅ Brooke Sateesh (sdfamilyderm.com): brs@sdfamilyderm.com
[140/1252] ✅ Sonia Solin (havingbabies.com): sonia.solin@havingbabies.com
[141/1252] ✅ Michael Feinman (havingbabies.com): feinmanivf@havingbabies.com
[142/1252] ✅ James Ramsey (orangecountylabs.com): jimmy@orangecountylabs.com
[143/1252] ❌ Gary Ol***r (dermatopathologyinstitute.com): unavailable
[144/1252] ✅ Moses Aguirre (memorialcare.org): maguirre4@memorialcare.org
[145/1252] ✅ Jim Boyle (hoag.org): jim.boyle@hoag.org
[146/1252] ✅ Susan Nasab (hoag.org): susan.nasab@hoag.org
[147/1252] ✅ Dylan Bach (bachdx.com): lab@bachdx.com
[148/1252] ✅ Grizz Ali (helixmwr.com): grizz@helixbayarea.com
[149/1252] ❌ Michelle Hu***e (ocskinlab.com): unavailable
[150/1252] ✅ Aaron Warren (cdph.ca.gov): aaron.warren2@cdcr.ca.gov
[151/1252] ✅ Aarron Corvalis (cdph.ca.gov): aarron.corvalis@eurekaca.gov
[152/1252] ❌ J Be***t (jit-labs.com): unavailable
[153/1252] ✅ Jeffrey Owen (genomictestingcooperative.com): jowen@genomictestingcooperative.com
[154/1252] ✅ Ahmad Charifa (genomictestingcooperative.com): acharifa@genomictestingcooperative.com
[155/1252] ❌ Varinder Me***a (schealthlabs.com): extrapolated
[156/1252] ❌ Sadie Co***n (dermla.com): unavailable
[157/1252] ✅ Scott Evans (sharp.com): scott.evans@sharp.com
[158/1252] ✅ Elisa Candidate (sharp.com): elisa.romero@sharp.com
[159/1252] ✅ Brandon Sim (astranahealth.com): brandon.sim@astranahealth.com
[160/1252] ✅ Kevin Batchelor (visualvisitor.com): kevin@visualvisitor.com
[161/1252] ❌ David Dr***e (bizprofile.net): unavailable
[162/1252] ✅ Chase Wasson (carislifesciences.com): cwasson@carisls.com
[163/1252] ✅ Scott Evans (sharp.com): scott.evans@sharp.com
[164/1252] ✅ Elisa Candidate (sharp.com): elisa.romero@sharp.com
[165/1252] ✅ Jose Pineda (cslplasma.com): jose.pineda@cslplasma.com
[166/1252] ✅ Philip Kujawski (vitadox.com): philip@vitadox.com
[167/1252] ✅ Chase Wasson (carislifesciences.com): cwasson@carisls.com
[168/1252] ❌ Crystal Mo***r (biolifeplasma.com): unavailable
[169/1252] ✅ Charolette Jackson (biolifeplasma.com): charolette.jackson@baxalta.com
[170/1252] ❌ Crystal Mo***r (biolifeplasma.com): unavailable
[171/1252] ✅ Charolette Jackson (biolifeplasma.com): charolette.jackson@baxalta.com
[172/1252] ❌ Crystal Mo***r (biolifeplasma.com): unavailable
[173/1252] ✅ Charolette Jackson (biolifeplasma.com): charolette.jackson@baxalta.com
[174/1252] ❌ Crystal Mo***r (biolifeplasma.com): unavailable
[175/1252] ✅ Charolette Jackson (biolifeplasma.com): charolette.jackson@baxalta.com
[176/1252] ❌ Crystal Mo***r (biolifeplasma.com): unavailable
[177/1252] ✅ Charolette Jackson (biolifeplasma.com): charolette.jackson@baxalta.com
[178/1252] ❌ Crystal Mo***r (biolifeplasma.com): unavailable
[179/1252] ✅ Charolette Jackson (biolifeplasma.com): charolette.jackson@baxalta.com
[180/1252] ✅ Travis Adams (neogenomics.com): travis.adams@neogenomics.com
[181/1252] ✅ Motti Edelstein (sutterhealth.org): motti.edelstein@sutterhealth.org
[182/1252] ✅ Inga Zhibkova (network.doctor2me.com): inga@doctor2me.com
[183/1252] ❌ David Dr***e (bizprofile.net): unavailable
[184/1252] ✅ Chris Zerwas (fulgent-therapeutics.com): czerwas@fulgentgenetics.com
[185/1252] ✅ Hanlin Gao (fulgent-therapeutics.com): hgao@fulgentgenetics.com
[186/1252] ✅ Yener Balan (healthy.kaiserpermanente.org): yener.a.balan@kp.org
[187/1252] ✅ Krishna Velaga (healthy.kaiserpermanente.org): kvelaga@kaiserpermanente.org
[188/1252] ✅ Jordan Colwell (thrivelab.com): jordan@thrivelab.com
[189/1252] ✅ Martin Lee (prolacta.com): mlee@prolacta.com
[190/1252] ✅ Rachel Groggel (informdx.com): rachel.groggel@informdx.com
[191/1252] ✅ Belinda Echartea (informdx.com): belinda.echartea@informdx.com
[192/1252] ✅ Arash Radfar (informdx.com): arash.radfar@informdx.com
[193/1252] ✅ Rachel Groggel (informdx.com): rachel.groggel@informdx.com
[194/1252] ✅ Belinda Echartea (informdx.com): belinda.echartea@informdx.com
[195/1252] ✅ Arash Radfar (informdx.com): arash.radfar@informdx.com
[196/1252] ✅ XJ Moses (cdphe.colorado.gov): xj.moses@state.co.us
[197/1252] ✅ Jose Pineda (cslplasma.com): jose.pineda@cslplasma.com
[198/1252] ❌ Crystal Mo***r (biolifeplasma.com): unavailable
[199/1252] ✅ Charolette Jackson (biolifeplasma.com): charolette.jackson@baxalta.com
[200/1252] ❌ Andrea Ho (imdpath.com): unavailable
[201/1252] ✅ Jose Pineda (cslplasma.com): jose.pineda@cslplasma.com
[202/1252] ✅ Jackie Schierenberg (mountain.commonspirit.org): jackie.schierenberg@commonspirit.org
[203/1252] ❌ Crystal Mo***r (biolifeplasma.com): unavailable
[204/1252] ✅ Charolette Jackson (biolifeplasma.com): charolette.jackson@baxalta.com
[205/1252] ✅ Jackie Schierenberg (mountain.commonspirit.org): jackie.schierenberg@commonspirit.org
[206/1252] ✅ Jerry Dukes (rockymountainlabs.com): jerry@rockymountainlabs.com
[207/1252] ✅ Jose Pineda (cslplasma.com): jose.pineda@cslplasma.com
[208/1252] ❌ Shay Ke***n (statlabdiagnostics.com): unavailable
[209/1252] ✅ Imran Ali (labcorp.com): imran.ali@covance.com
[210/1252] ✅ Shakti Ramkissoon (labcorp.com): shakti.ramkissoon@covance.com
[211/1252] ❌ James Mi***r (pathologyservices.com): unavailable
[212/1252] ❌ Lyle Ba***e (pathologyservices.com): unavailable
[213/1252] ❌ Crystal Mo***r (biolifeplasma.com): unavailable
[214/1252] ✅ Charolette Jackson (biolifeplasma.com): charolette.jackson@baxalta.com
[215/1252] ✅ Karthik Kuppusamy (locations.questdiagnostics.com): karthikeyan.x.kuppusamy@questdiagnostics.com
[216/1252] ✅ Karthik Kuppusamy (locations.questdiagnostics.com): karthikeyan.x.kuppusamy@questdiagnostics.com
[217/1252] ✅ Karthik Kuppusamy (locations.questdiagnostics.com): karthikeyan.x.kuppusamy@questdiagnostics.com
[218/1252] ✅ Justin Hickey (portal.ct.gov): justin.hickey@ct.gov
[219/1252] ✅ Dana Marnane (greenwichhospital.org): dana.marnane@greenwichhospital.org
[220/1252] ❌ Michael Ma***o (greenwichhospital.org): extrapolated
[221/1252] ✅ Antonio Perugino (trinityhealthofne.org): antonio.perugino@trinityhealthofne.org
[222/1252] ✅ Karthik Kuppusamy (locations.questdiagnostics.com): karthikeyan.x.kuppusamy@questdiagnostics.com
[223/1252] ✅ Karthik Kuppusamy (locations.questdiagnostics.com): karthikeyan.x.kuppusamy@questdiagnostics.com
[224/1252] ✅ Lidia Fonseca (pfizer.com): lidia.fonseca@pfizer.com
[225/1252] ✅ Amy Hanson (pfizer.com): amy.hanson@pfizer.com
[226/1252] ✅ Karthik Kuppusamy (locations.questdiagnostics.com): karthikeyan.x.kuppusamy@questdiagnostics.com
[227/1252] ✅ Guido Pollevick (accureference.com): guido.pollevick@accureference.com
[228/1252] ❌ Mohamed Ka***i (accureference.com): unavailable
[229/1252] ✅ Julian Espasas (accureference.com): julian.espasas@accureference.com
[230/1252] ✅ Jennifer Shlomo (connecticutgi.org): jshlomo@connecticutgi.org
[231/1252] ✅ Karthik Kuppusamy (locations.questdiagnostics.com): karthikeyan.x.kuppusamy@questdiagnostics.com
[232/1252] ✅ Karthik Kuppusamy (locations.questdiagnostics.com): karthikeyan.x.kuppusamy@questdiagnostics.com
[233/1252] ✅ Karthik Kuppusamy (locations.questdiagnostics.com): karthikeyan.x.kuppusamy@questdiagnostics.com
[234/1252] ✅ Karthik Kuppusamy (locations.questdiagnostics.com): karthikeyan.x.kuppusamy@questdiagnostics.com
[235/1252] ✅ Karthik Kuppusamy (locations.questdiagnostics.com): karthikeyan.x.kuppusamy@questdiagnostics.com
[236/1252] ✅ Karthik Kuppusamy (locations.questdiagnostics.com): karthikeyan.x.kuppusamy@questdiagnostics.com
[237/1252] ✅ Karthik Kuppusamy (locations.questdiagnostics.com): karthikeyan.x.kuppusamy@questdiagnostics.com
[238/1252] ✅ Shannon Orgel (yalemedicine.org): shannon.orgel@yale.edu
[239/1252] ✅ Rosalyn Barnes (yalemedicine.org): rosalyn.andrews@yale.edu
[240/1252] ✅ Karthik Kuppusamy (locations.questdiagnostics.com): karthikeyan.x.kuppusamy@questdiagnostics.com
[241/1252] ✅ Karthik Kuppusamy (locations.questdiagnostics.com): karthikeyan.x.kuppusamy@questdiagnostics.com
[242/1252] ✅ Karthik Kuppusamy (locations.questdiagnostics.com): karthikeyan.x.kuppusamy@questdiagnostics.com
[243/1252] ❌ Michael Ro***e (advancedgeneticslab.com): unavailable
[244/1252] ✅ Imran Ali (locations.labcorp.com): imran.ali@covance.com
[245/1252] ✅ Shakti Ramkissoon (locations.labcorp.com): shakti.ramkissoon@covance.com
[246/1252] ✅ Imran Ali (labcorp.com): imran.ali@covance.com
[247/1252] ✅ Shakti Ramkissoon (labcorp.com): shakti.ramkissoon@covance.com
[248/1252] ✅ Imran Ali (locations.labcorp.com): imran.ali@covance.com
[249/1252] ✅ Shakti Ramkissoon (locations.labcorp.com): shakti.ramkissoon@covance.com
[250/1252] ✅ Karthik Kuppusamy (locations.questdiagnostics.com): karthikeyan.x.kuppusamy@questdiagnostics.com
[251/1252] ✅ Karthik Kuppusamy (locations.questdiagnostics.com): karthikeyan.x.kuppusamy@questdiagnostics.com
[252/1252] ✅ Karthik Kuppusamy (locations.questdiagnostics.com): karthikeyan.x.kuppusamy@questdiagnostics.com
[253/1252] ✅ Karthik Kuppusamy (locations.questdiagnostics.com): karthikeyan.x.kuppusamy@questdiagnostics.com
[254/1252] ✅ Imran Ali (locations.labcorp.com): imran.ali@covance.com
[255/1252] ✅ Shakti Ramkissoon (locations.labcorp.com): shakti.ramkissoon@covance.com
[256/1252] ✅ Imran Ali (labcorp.com): imran.ali@covance.com
[257/1252] ✅ Shakti Ramkissoon (labcorp.com): shakti.ramkissoon@covance.com
[258/1252] ✅ Imran Ali (labcorp.com): imran.ali@covance.com
[259/1252] ✅ Shakti Ramkissoon (labcorp.com): shakti.ramkissoon@covance.com
[260/1252] ✅ Imran Ali (locations.labcorp.com): imran.ali@covance.com
[261/1252] ✅ Shakti Ramkissoon (locations.labcorp.com): shakti.ramkissoon@covance.com
[262/1252] ✅ David Coker (dhss.delaware.gov): david.coker@delaware.gov
[263/1252] ✅ Julie Willey (dhss.delaware.gov): julie.willey@delaware.gov
[264/1252] ✅ Gabrielle Pastore (qps.com): gabrielle.pastore@qps.com
[265/1252] ✅ Jennifer Larusso (sunwisederm.com): jennifer@sunwisederm.com
[266/1252] ✅ Jose Pineda (cslplasma.com): jose.pineda@cslplasma.com
[267/1252] ✅ Shankara Subramanian (rsmdiagnosticslab.com): shankara@rsmdiagnosticslab.com
[268/1252] ✅ Nemanja Rodic (epiarx.com): nrodic@epiarx.com
[269/1252] ✅ Hemandu Malhotra (miamidade.floridahealth.gov): hemandu.malhotra@flhealth.gov
[270/1252] ✅ Michael Wydotis (miamidade.floridahealth.gov): michael.wydotis@flhealth.gov
[271/1252] ✅ Roger Deutsch (cellsciencesystems.com): rdeutsch@cellsciencesystems.com
[272/1252] ✅ Gabriela Larranaga (cellsciencesystems.com): glarranaga@cellsciencesystems.com
[273/1252] ❌ Davis Za***k (immunolabs.com): unavailable
[274/1252] ✅ Hemandu Malhotra (floridahealth.gov): hemandu.malhotra@flhealth.gov
[275/1252] ✅ Michael Wydotis (floridahealth.gov): michael.wydotis@flhealth.gov
[276/1252] ✅ Hemandu Malhotra (floridahealth.gov): hemandu.malhotra@flhealth.gov
[277/1252] ✅ Michael Wydotis (floridahealth.gov): michael.wydotis@flhealth.gov
[278/1252] ✅ Hemandu Malhotra (floridahealth.gov): hemandu.malhotra@flhealth.gov
[279/1252] ✅ Michael Wydotis (floridahealth.gov): michael.wydotis@flhealth.gov
[280/1252] ❌ Crystal Mo***r (biolifeplasma.com): unavailable
[281/1252] ✅ Charolette Jackson (biolifeplasma.com): charolette.jackson@baxalta.com
[282/1252] ✅ Hemandu Malhotra (palmbeach.floridahealth.gov): hemandu.malhotra@flhealth.gov
[283/1252] ✅ Michael Wydotis (palmbeach.floridahealth.gov): michael.wydotis@flhealth.gov
[284/1252] ✅ Greg Brenner (med.miami.edu): g.brenner@miami.edu
[285/1252] ✅ Jose Pineda (cslplasma.com): jose.pineda@cslplasma.com
[286/1252] ✅ Khadijah Davis (plannedparenthood.org): khadijah.davis@ppfa.org
[287/1252] ❌ Paul Ak***s (ameripath.com): unavailable
[288/1252] ✅ Marcie Albanesi (ameripath.com): malbanesi@ameripath.com
[289/1252] ✅ Anuradha Radhakrishnan (ameripath.com): aradhakrishnan@ameripath.com
[290/1252] ❌ Paul Ak***s (ameripath.com): unavailable
[291/1252] ✅ Marcie Albanesi (ameripath.com): malbanesi@ameripath.com
[292/1252] ✅ Anuradha Radhakrishnan (ameripath.com): aradhakrishnan@ameripath.com
[293/1252] ❌ United Se***s (unitedlabservice.com): extrapolated
[294/1252] ✅ Larry Antonucci (leehealth.org): foundation@leehealth.org
[295/1252] ✅ George Mandybur (leehealth.org): george.mandybur@leehealth.org
[296/1252] ✅ Jose Pineda (cslplasma.com): jose.pineda@cslplasma.com
[297/1252] ✅ Jose Pineda (cslplasma.com): jose.pineda@cslplasma.com
[298/1252] ✅ Travis Adams (neogenomics.com): travis.adams@neogenomics.com
[299/1252] ✅ Alison Mincey (umiamihealth.org): alisonmincey@miami.edu
[300/1252] ❌ Alexander Dsc (midfloridapathology.com): unavailable
[301/1252] ❌ Alexander Dsc (midfloridapathology.com): unavailable
[302/1252] ✅ Jose Pineda (cslplasma.com): jose.pineda@cslplasma.com
[303/1252] ✅ Jose Pineda (cslplasma.com): jose.pineda@cslplasma.com
[304/1252] ✅ Sigrid Volko (nilogen.com): sigrid@nilogen.com
[305/1252] ✅ Egon Altiok-Volko (nilogen.com): egon@nilogen.com
[306/1252] ✅ Jose Pineda (cslplasma.com): jose.pineda@cslplasma.com
[307/1252] ✅ Jose Pineda (cslplasma.com): jose.pineda@cslplasma.com
[308/1252] ❌ Alexander Dsc (midfloridapathology.com): unavailable
[309/1252] ✅ Sean Xie (ohm-labs.com): sean@ohmlabs.ai
[310/1252] ✅ Greg Brenner (med.miami.edu): g.brenner@miami.edu
[311/1252] ❌ Crystal Mo***r (biolifeplasma.com): unavailable
[312/1252] ✅ Charolette Jackson (biolifeplasma.com): charolette.jackson@baxalta.com
[313/1252] ✅ Jose Pineda (cslplasma.com): jose.pineda@cslplasma.com
[314/1252] ✅ Jose Pineda (cslplasma.com): jose.pineda@cslplasma.com
[315/1252] ✅ Alegria (ahf.org): aa@aidshealth.org
[316/1252] ✅ Julius Kamwesiga (ahf.org): julius.kamwesiga@aidshealth.org
[317/1252] ✅ Travis Adams (neogenomics.com): travis.adams@neogenomics.com
[318/1252] ✅ Jose Pineda (cslplasma.com): jose.pineda@cslplasma.com
[319/1252] ✅ Jose Pineda (cslplasma.com): jose.pineda@cslplasma.com
[320/1252] ✅ Jose Pineda (cslplasma.com): jose.pineda@cslplasma.com
[321/1252] ❌ Alexander Dsc (midfloridapathology.com): unavailable
[322/1252] ❌ Erick Gu***a (startupwebsolutions.com.au): unavailable
[323/1252] ✅ Jose Pineda (cslplasma.com): jose.pineda@cslplasma.com
[324/1252] ❌ Crystal Mo***r (biolifeplasma.com): unavailable
[325/1252] ✅ Charolette Jackson (biolifeplasma.com): charolette.jackson@baxalta.com
[326/1252] ❌ Ann-Marie Kn***t (ufhealthjax.org): unavailable
[327/1252] ✅ Jedd Roe (ufhealthjax.org): jedd.roe@jax.ufl.edu
[328/1252] ✅ Larry Antonucci (leehealth.org): foundation@leehealth.org
[329/1252] ✅ George Mandybur (leehealth.org): george.mandybur@leehealth.org
[330/1252] ✅ Jose Pineda (cslplasma.com): jose.pineda@cslplasma.com
[331/1252] ✅ Alison Mincey (umiamihealth.org): alisonmincey@miami.edu
[332/1252] ❌ Alexander Dsc (midfloridapathology.com): unavailable
[333/1252] ✅ Jose Pineda (cslplasma.com): jose.pineda@cslplasma.com
[334/1252] ✅ Sameer Bhasin (carecredit.com): sbhasin@carecredit.com
[335/1252] ❌ Don Hu***t (onspotdermatology.com): unavailable
[336/1252] ✅ Alexander Herbst (onspotdermatology.com): alexander.herbst@onspotdermatology.com
[337/1252] ✅ Heather Griswold (mayo.edu): griswold.heather@mayo.edu
[338/1252] ✅ Sonya Makhni (mayo.edu): makhni.sonya@mayo.edu
[339/1252] ✅ Jeff Hrush (rtrl.us): jeff@rtrl.us
[340/1252] ✅ Jose Pineda (cslplasma.com): jose.pineda@cslplasma.com
[341/1252] ❌ Crystal Mo***r (biolifeplasma.com): unavailable
[342/1252] ✅ Charolette Jackson (biolifeplasma.com): charolette.jackson@baxalta.com
[343/1252] ❌ Paul Ak***s (ameripath.com): unavailable
[344/1252] ✅ Marcie Albanesi (ameripath.com): malbanesi@ameripath.com
[345/1252] ✅ Anuradha Radhakrishnan (ameripath.com): aradhakrishnan@ameripath.com
[346/1252] ✅ Larry Antonucci (leehealth.org): foundation@leehealth.org
[347/1252] ✅ George Mandybur (leehealth.org): george.mandybur@leehealth.org
[348/1252] ❌ Masiely Ra***u (conciergediagnostics.com): None
[349/1252] ❌ Alexander Dsc (midfloridapathology.com): unavailable
[350/1252] ✅ Joe Connell (mymedexlab.com): joe@mymedexlab.com
[351/1252] ✅ Alison Mincey (umiamihealth.org): alisonmincey@miami.edu
[352/1252] ✅ Jan Witowski (ataraxis.ai): jan.witowski@ataraxis.ai
[353/1252] ✅ Andrew Macdonald (romega.chambermaster.com): andrew@deaconinvestments.ca
[354/1252] ✅ Khadijah Davis (plannedparenthood.org): khadijah.davis@ppfa.org
[355/1252] ✅ Jimmy Desantis (dph.georgia.gov): jimmy.desantis@gdc.ga.gov
[356/1252] ✅ Jimmy Desantis (dph.georgia.gov): jimmy.desantis@gdc.ga.gov
[357/1252] ✅ Jimmy Desantis (dph.georgia.gov): jimmy.desantis@gdc.ga.gov
[358/1252] ✅ Jimmy Desantis (dph.georgia.gov): jimmy.desantis@gdc.ga.gov
[359/1252] ❌ Sabrina As***p (clinicallaboratoryservices.com): unavailable
[360/1252] ❌ William Ame (clinicallaboratoryservices.com): unavailable
[361/1252] ✅ Dipti Anand (skinpathsolutions.com): danand@skinpathsolutions.com
[362/1252] ✅ Stephanie Stark (sghs.org): sstark@sghs.org
[363/1252] ✅ Phillip Amodeo (sghs.org): pamodeo@sghs.org
[364/1252] ✅ Jose Pineda (cslplasma.com): jose.pineda@cslplasma.com
[365/1252] ✅ Jose Pineda (cslplasma.com): jose.pineda@cslplasma.com
[366/1252] ✅ Jose Pineda (cslplasma.com): jose.pineda@cslplasma.com
[367/1252] ✅ Tony Hoffman (diagnosticsolutionslab.com): tony.hoffman@diagnosticsolutionslab.com
[368/1252] ❌ Crystal Mo***r (biolifeplasma.com): unavailable
[369/1252] ✅ Charolette Jackson (biolifeplasma.com): charolette.jackson@baxalta.com
[370/1252] ❌ Jeremy Wi***s (prioritytoxlab.com): unavailable
[371/1252] ❌ Crystal Mo***r (biolifeplasma.com): unavailable
[372/1252] ✅ Charolette Jackson (biolifeplasma.com): charolette.jackson@baxalta.com
[373/1252] ✅ Andy Buschow (eurofinsus.com): andrewbuschow@eurofinsus.com
[374/1252] ✅ Imran Ali (locations.labcorp.com): imran.ali@covance.com
[375/1252] ✅ Shakti Ramkissoon (locations.labcorp.com): shakti.ramkissoon@covance.com
[376/1252] ❌ Crystal Mo***r (biolifeplasma.com): unavailable
[377/1252] ✅ Charolette Jackson (biolifeplasma.com): charolette.jackson@baxalta.com
[378/1252] ❌ Crystal Mo***r (biolifeplasma.com): unavailable
[379/1252] ✅ Charolette Jackson (biolifeplasma.com): charolette.jackson@baxalta.com
[380/1252] ✅ Jose Pineda (cslplasma.com): jose.pineda@cslplasma.com
[381/1252] ❌ Paul Ak***s (ameripath.com): unavailable
[382/1252] ✅ Marcie Albanesi (ameripath.com): malbanesi@ameripath.com
[383/1252] ✅ Anuradha Radhakrishnan (ameripath.com): aradhakrishnan@ameripath.com
[384/1252] ✅ Yener Balan (healthy.kaiserpermanente.org): yener.a.balan@kp.org
[385/1252] ✅ Krishna Velaga (healthy.kaiserpermanente.org): kvelaga@kaiserpermanente.org
[386/1252] ✅ Daniel Hall (clinicallabs.com): daniel.hall@hawaiilabs.com
[387/1252] ✅ Frederick Jacobs (clinicallabs.com): frederick.jacobs@hawaiilabs.com
[388/1252] ✅ Garan Ito (dlslab.com): gito@dlslab.com
[389/1252] ✅ Wesley Kim (dlslab.com): wkim@dlslab.com
[390/1252] ✅ Daniel Hall (clinicallabs.com): daniel.hall@hawaiilabs.com
[391/1252] ✅ Frederick Jacobs (clinicallabs.com): frederick.jacobs@hawaiilabs.com
[392/1252] ✅ Daniel Hall (clinicallabs.com): daniel.hall@hawaiilabs.com
[393/1252] ✅ Frederick Jacobs (clinicallabs.com): frederick.jacobs@hawaiilabs.com
[394/1252] ✅ Daniel Hall (clinicallabs.com): daniel.hall@hawaiilabs.com
[395/1252] ✅ Frederick Jacobs (clinicallabs.com): frederick.jacobs@hawaiilabs.com
[396/1252] ✅ Yener Balan (healthy.kaiserpermanente.org): yener.a.balan@kp.org
[397/1252] ✅ Krishna Velaga (healthy.kaiserpermanente.org): kvelaga@kaiserpermanente.org
[398/1252] ✅ Yener Balan (healthy.kaiserpermanente.org): yener.a.balan@kp.org
[399/1252] ✅ Krishna Velaga (healthy.kaiserpermanente.org): kvelaga@kaiserpermanente.org
[400/1252] ❌ Rhawnee Ke***a (wcchc.com): unavailable
[401/1252] ✅ Yener Balan (healthy.kaiserpermanente.org): yener.a.balan@kp.org
[402/1252] ✅ Krishna Velaga (healthy.kaiserpermanente.org): kvelaga@kaiserpermanente.org
[403/1252] ✅ Garan Ito (dlslab.com): gito@dlslab.com
[404/1252] ✅ Wesley Kim (dlslab.com): wkim@dlslab.com
[405/1252] ✅ Daniel Hall (clinicallabs.com): daniel.hall@hawaiilabs.com
[406/1252] ✅ Frederick Jacobs (clinicallabs.com): frederick.jacobs@hawaiilabs.com
[407/1252] ✅ Brian Jeffries (cityofboise.org): bjeffries@cityofboise.org
[408/1252] ✅ Brandon Peterson (incytepathology.com): bpeterson@incdx.com
[409/1252] ❌ Crystal Mo***r (biolifeplasma.com): unavailable
[410/1252] ✅ Charolette Jackson (biolifeplasma.com): charolette.jackson@baxalta.com
[411/1252] ✅ Elizabeth Steger (stlukesonline.org): stegere@slhs.org
[412/1252] ✅ Adam Robison (stlukesonline.org): robisona@slhs.org
[413/1252] ✅ Brandon Peterson (incytepathology.com): bpeterson@incdx.com
[414/1252] ✅ Chad Hudson (hematologics.com): chudson@hematologics.com
[415/1252] ✅ Jose Pineda (cslplasma.com): jose.pineda@cslplasma.com
[416/1252] ✅ Imran Ali (locations.labcorp.com): imran.ali@covance.com
[417/1252] ✅ Shakti Ramkissoon (locations.labcorp.com): shakti.ramkissoon@covance.com
[418/1252] ✅ Elizabeth Steger (stlukesonline.org): stegere@slhs.org
[419/1252] ✅ Adam Robison (stlukesonline.org): robisona@slhs.org
[420/1252] ✅ Jose Pineda (cslplasma.com): jose.pineda@cslplasma.com
[421/1252] ✅ John Castilla (medstarlab.com): john@medstarlab.com
[422/1252] ✅ Christopher Chalokwu (medassay.com): christopher@medassay.com
[423/1252] ✅ Jose Pineda (cslplasma.com): jose.pineda@cslplasma.com
[424/1252] ✅ Imran Ali (locations.labcorp.com): imran.ali@covance.com
[425/1252] ✅ Shakti Ramkissoon (locations.labcorp.com): shakti.ramkissoon@covance.com
[426/1252] ✅ D'Andre Carpenter (advocatehealth.com): dandre.carpenter@advocatehealth.com
[427/1252] ✅ Dean Karahalios (advocatehealth.com): dean.karahalios@advocatehealth.com
[428/1252] ✅ Karthik Kuppusamy (questdiagnostics.com): karthikeyan.x.kuppusamy@questdiagnostics.com
[429/1252] ✅ David Fleisner (spiriplex.com): dfleisner@spiriplex.com
[430/1252] ✅ Jose Pineda (cslplasma.com): jose.pineda@cslplasma.com
[431/1252] ❌ Kenneth Ne***n (mcwhc.com): unavailable
[432/1252] ✅ Walter Burns (sourcemp.com): walterburns@sourcemp.com
[433/1252] ✅ Jose Pineda (cslplasma.com): jose.pineda@cslplasma.com
[434/1252] ❌ Crystal Mo***r (biolifeplasma.com): unavailable
[435/1252] ✅ Charolette Jackson (biolifeplasma.com): charolette.jackson@baxalta.com
[436/1252] ✅ Jose Pineda (cslplasma.com): jose.pineda@cslplasma.com
[437/1252] ✅ Shannon Lawton (kindbody.com): shannon.lawton@kindbody.com
[438/1252] ✅ Haley Kluegel (kindbody.com): haley.kluegel@kindbody.com
[439/1252] ❌ Crystal Mo***r (biolifeplasma.com): unavailable
[440/1252] ✅ Charolette Jackson (biolifeplasma.com): charolette.jackson@baxalta.com
[441/1252] ❌ Crystal Mo***r (biolifeplasma.com): unavailable
[442/1252] ✅ Charolette Jackson (biolifeplasma.com): charolette.jackson@baxalta.com
[443/1252] ❌ Crystal Mo***r (biolifeplasma.com): unavailable
[444/1252] ✅ Charolette Jackson (biolifeplasma.com): charolette.jackson@baxalta.com
[445/1252] ❌ Crystal Mo***r (biolifeplasma.com): unavailable
[446/1252] ✅ Charolette Jackson (biolifeplasma.com): charolette.jackson@baxalta.com
[447/1252] ❌ Salida Mi***a (testitl.com): unavailable
[448/1252] ❌ Crystal Mo***r (biolifeplasma.com): unavailable
[449/1252] ✅ Charolette Jackson (biolifeplasma.com): charolette.jackson@baxalta.com
[450/1252] ✅ Travis Adams (neogenomics.com): travis.adams@neogenomics.com
[451/1252] ❌ Crystal Mo***r (biolifeplasma.com): unavailable
[452/1252] ✅ Charolette Jackson (biolifeplasma.com): charolette.jackson@baxalta.com
[453/1252] ✅ Pieter Wiersema (cytopath.cc): pw@cytopath.cc
[454/1252] ✅ Imran Ali (labcorp.com): imran.ali@covance.com
[455/1252] ✅ Shakti Ramkissoon (labcorp.com): shakti.ramkissoon@covance.com
[456/1252] ❌ Dominic Ca***r (sbmf.org): unavailable
[457/1252] ✅ Kurtis Kim (sbmf.org): kim@sbmf.org
[458/1252] ❌ Crystal Mo***r (biolifeplasma.com): unavailable
[459/1252] ✅ Charolette Jackson (biolifeplasma.com): charolette.jackson@baxalta.com
[460/1252] ❌ Crystal Mo***r (biolifeplasma.com): unavailable
[461/1252] ✅ Charolette Jackson (biolifeplasma.com): charolette.jackson@baxalta.com
[462/1252] ✅ Victoria Elia (marionhealth.org): velia@marionhealth.org
[463/1252] ✅ Karen Holly (marionhealth.org): kholly@marionhealth.org
[464/1252] ✅ Jose Pineda (cslplasma.com): jose.pineda@cslplasma.com
[465/1252] ✅ Daniele Farnedi (solvhealth.com): daniele@solvhealth.com
[466/1252] ❌ Crystal Mo***r (biolifeplasma.com): unavailable
[467/1252] ✅ Charolette Jackson (biolifeplasma.com): charolette.jackson@baxalta.com
[468/1252] ❌ Crystal Mo***r (biolifeplasma.com): unavailable
[469/1252] ✅ Charolette Jackson (biolifeplasma.com): charolette.jackson@baxalta.com
[470/1252] ❌ Crystal Mo***r (biolifeplasma.com): unavailable
[471/1252] ✅ Charolette Jackson (biolifeplasma.com): charolette.jackson@baxalta.com
[472/1252] ✅ Imran Ali (labcorp.com): imran.ali@covance.com
[473/1252] ✅ Shakti Ramkissoon (labcorp.com): shakti.ramkissoon@covance.com
[474/1252] ✅ Jose Pineda (cslplasma.com): jose.pineda@cslplasma.com
[475/1252] ❌ Crystal Mo***r (biolifeplasma.com): unavailable
[476/1252] ✅ Charolette Jackson (biolifeplasma.com): charolette.jackson@baxalta.com
[477/1252] ✅ Jose Pineda (cslplasma.com): jose.pineda@cslplasma.com
[478/1252] ❌ Dominic Ca***r (sbmf.org): unavailable
[479/1252] ✅ Kurtis Kim (sbmf.org): kim@sbmf.org
[480/1252] ✅ Imran Ali (drugdevelopment.labcorp.com): imran.ali@covance.com
[481/1252] ✅ Shakti Ramkissoon (drugdevelopment.labcorp.com): shakti.ramkissoon@covance.com
[482/1252] ✅ Cole Aebersold (solarisdx.com): caebersold@solarisdx.com
[483/1252] ✅ Sanam Koirala (solarisdx.com): skoirala@solarisdx.com
[484/1252] ✅ Gary Botine (mgmc.org): botine@mgmc.com
[485/1252] ✅ Imran Ali (locations.labcorp.com): imran.ali@covance.com
[486/1252] ✅ Shakti Ramkissoon (locations.labcorp.com): shakti.ramkissoon@covance.com
[487/1252] ✅ Sarah Hansen (shl.uiowa.edu): sarah-hansen@uiowa.edu
[488/1252] ✅ Nic Ungs (shl.uiowa.edu): nungs@uiowa.edu
[489/1252] ❌ Daniel To***n (polkcountyiowa.gov): unavailable
[490/1252] ✅ Sarah Hansen (shl.uiowa.edu): sarah-hansen@uiowa.edu
[491/1252] ✅ Nic Ungs (shl.uiowa.edu): nungs@uiowa.edu
[492/1252] ❌ Crystal Mo***r (biolifeplasma.com): unavailable
[493/1252] ✅ Charolette Jackson (biolifeplasma.com): charolette.jackson@baxalta.com
[494/1252] ❌ Crystal Mo***r (biolifeplasma.com): unavailable
[495/1252] ✅ Charolette Jackson (biolifeplasma.com): charolette.jackson@baxalta.com
[496/1252] ❌ Crystal Mo***r (biolifeplasma.com): unavailable
[497/1252] ✅ Charolette Jackson (biolifeplasma.com): charolette.jackson@baxalta.com
[498/1252] ✅ Imran Ali (locations.labcorp.com): imran.ali@covance.com
[499/1252] ✅ Shakti Ramkissoon (locations.labcorp.com): shakti.ramkissoon@covance.com
[500/1252] ❌ Crystal Mo***r (biolifeplasma.com): unavailable
[501/1252] ✅ Charolette Jackson (biolifeplasma.com): charolette.jackson@baxalta.com
[502/1252] ✅ Michael Dowd (element.com): michael.dowd@element.com
[503/1252] ❌ Crystal Mo***r (biolifeplasma.com): unavailable
[504/1252] ✅ Charolette Jackson (biolifeplasma.com): charolette.jackson@baxalta.com
[505/1252] ❌ Crystal Mo***r (biolifeplasma.com): unavailable
[506/1252] ✅ Charolette Jackson (biolifeplasma.com): charolette.jackson@baxalta.com
[507/1252] ❌ Crystal Mo***r (biolifeplasma.com): unavailable
[508/1252] ✅ Charolette Jackson (biolifeplasma.com): charolette.jackson@baxalta.com
[509/1252] ❌ Crystal Mo***r (biolifeplasma.com): unavailable
[510/1252] ✅ Charolette Jackson (biolifeplasma.com): charolette.jackson@baxalta.com
[511/1252] ✅ John Fagan (hrilabs.org): john.fagan@hrilabs.org
[512/1252] ❌ Kari Be***i (hrilabs.org): unavailable
[513/1252] ❌ David Fl***i (salinecountyks.gov): extrapolated
[514/1252] ✅ Alan Heriford (jocogov.org): alan@jocoauto.com
[515/1252] ✅ Jose Leon (jocogov.org): jose.leon@jocogov.org
[516/1252] ✅ Imran Ali (labcorp.com): imran.ali@covance.com
[517/1252] ✅ Shakti Ramkissoon (labcorp.com): shakti.ramkissoon@covance.com
[518/1252] ✅ Imran Ali (labcorp.com): imran.ali@covance.com
[519/1252] ✅ Shakti Ramkissoon (labcorp.com): shakti.ramkissoon@covance.com
[520/1252] ✅ Imran Ali (locations.labcorp.com): imran.ali@covance.com
[521/1252] ✅ Shakti Ramkissoon (locations.labcorp.com): shakti.ramkissoon@covance.com
[522/1252] ✅ Imran Ali (labcorp.com): imran.ali@covance.com
[523/1252] ✅ Shakti Ramkissoon (labcorp.com): shakti.ramkissoon@covance.com
[524/1252] ✅ Imran Ali (labcorp.com): imran.ali@covance.com
[525/1252] ✅ Shakti Ramkissoon (labcorp.com): shakti.ramkissoon@covance.com
[526/1252] ✅ Imran Ali (labcorp.com): imran.ali@covance.com
[527/1252] ✅ Shakti Ramkissoon (labcorp.com): shakti.ramkissoon@covance.com
[528/1252] ✅ Imran Ali (labcorp.com): imran.ali@covance.com
[529/1252] ✅ Shakti Ramkissoon (labcorp.com): shakti.ramkissoon@covance.com
[530/1252] ✅ Imran Ali (labcorp.com): imran.ali@covance.com
[531/1252] ✅ Shakti Ramkissoon (labcorp.com): shakti.ramkissoon@covance.com
[532/1252] ✅ Neal Daugherty (mawdpathology.com): neal.daugherty@mawdpathology.com
[533/1252] ✅ Ethan Gawith (kcbariatric.com): egawith@kcbariatric.com
[534/1252] ✅ Imran Ali (locations.labcorp.com): imran.ali@covance.com
[535/1252] ✅ Shakti Ramkissoon (locations.labcorp.com): shakti.ramkissoon@covance.com
[536/1252] ✅ Lauren Day (hmhco.com): lauren.day@hmhco.com
[537/1252] ❌ Stepheny Mi***d (louisvilleky.gov): extrapolated
[538/1252] ✅ Janet Howard (wkrbc.org): janet@wkrbc.org
[539/1252] ❌ Ginny Ba***l (baptisthealthdeaconess.com): unavailable
[540/1252] ✅ Patrick Ivey (medicine.louisville.edu): patrick.ivey@louisville.edu
[541/1252] ✅ Hollie Phillips (arh.org): holliephillips@arh.org
[542/1252] ❌ David Ra***n (russellcohospital.org): unavailable
[543/1252] ✅ Jansen Reader (russellcohospital.org): jreader@russellcohospital.org
[544/1252] ✅ Imran Ali (locations.labcorp.com): imran.ali@covance.com
[545/1252] ✅ Shakti Ramkissoon (locations.labcorp.com): shakti.ramkissoon@covance.com
[546/1252] ❌ Chris Th***n (gravesgilbert.com): unavailable
[547/1252] ✅ Chase Reckart (gravesgilbert.com): reckartc@ggclinic.com
[548/1252] ✅ Rachel Groggel (informdx.com): rachel.groggel@informdx.com
[549/1252] ✅ Belinda Echartea (informdx.com): belinda.echartea@informdx.com
[550/1252] ✅ Arash Radfar (informdx.com): arash.radfar@informdx.com
[551/1252] ✅ Jim Henderson (ldh.la.gov): jim.henderson@latech.edu
[552/1252] ❌ James Ha***r (deltapathology.com): unavailable
[553/1252] ✅ Christen Diel (deltapathology.com): christen.diel@deltapathology.com
[554/1252] ❌ James Ha***r (deltapathology.com): unavailable
[555/1252] ✅ Christen Diel (deltapathology.com): christen.diel@deltapathology.com
[556/1252] ❌ James Ha***r (deltapathology.com): unavailable
[557/1252] ✅ Christen Diel (deltapathology.com): christen.diel@deltapathology.com
[558/1252] ❌ James Ha***r (deltapathology.com): unavailable
[559/1252] ✅ Christen Diel (deltapathology.com): christen.diel@deltapathology.com
[560/1252] ✅ Dipti Anand (skinpathsolutions.com): danand@skinpathsolutions.com
[561/1252] ✅ Katy Meyers (batonrougeclinic.com): kmeyers@batonrougeclinic.com
[562/1252] ❌ Harold Br***t (batonrougeclinic.com): unavailable
[563/1252] ❌ James Ha***r (deltapathology.com): unavailable
[564/1252] ✅ Christen Diel (deltapathology.com): christen.diel@deltapathology.com
[565/1252] ✅ Imran Ali (labcorp.com): imran.ali@covance.com
[566/1252] ✅ Shakti Ramkissoon (labcorp.com): shakti.ramkissoon@covance.com
[567/1252] ❌ Christina Wa***n (labcorp-locations.com): unavailable
[568/1252] ❌ Cathy Ba***r (labcorp-locations.com): unavailable
[569/1252] ✅ Imran Ali (locations.labcorp.com): imran.ali@covance.com
[570/1252] ✅ Shakti Ramkissoon (locations.labcorp.com): shakti.ramkissoon@covance.com
[571/1252] ✅ Danielle Mack (marybird.org): dmack@marybird.com
[572/1252] ✅ Konstantin Kovtun (marybird.org): kkovtun@marybird.com
[573/1252] ❌ Wes Wa***n (resolvemdx.com): unavailable
[574/1252] ❌ James Ha***r (deltapathology.com): unavailable
[575/1252] ✅ Christen Diel (deltapathology.com): christen.diel@deltapathology.com
[576/1252] ✅ Shane Stremming (admabiocenters.com): sstremming@admabio.com
[577/1252] ❌ James Ha***r (deltapathology.com): unavailable
[578/1252] ✅ Christen Diel (deltapathology.com): christen.diel@deltapathology.com
[579/1252] ❌ James Ha***r (deltapathology.com): unavailable
[580/1252] ✅ Christen Diel (deltapathology.com): christen.diel@deltapathology.com
[581/1252] ❌ James Ha***r (deltapathology.com): unavailable
[582/1252] ✅ Christen Diel (deltapathology.com): christen.diel@deltapathology.com
[583/1252] ❌ James Ha***r (deltapathology.com): unavailable
[584/1252] ✅ Christen Diel (deltapathology.com): christen.diel@deltapathology.com
[585/1252] ❌ James Ha***r (deltapathology.com): unavailable
[586/1252] ✅ Christen Diel (deltapathology.com): christen.diel@deltapathology.com
[587/1252] ✅ Elizabeth White (ochsnerlsuhs.org): elizabeth.roos@ochsnerlsuhs.org
[588/1252] ✅ George Lozano (ochsnerlsuhs.org): george.lozano@ochsnerlsuhs.org
[589/1252] ✅ Matthea Daughtry (www3.maine.gov): mattie.daughtry@legislature.maine.gov
[590/1252] ✅ Karthik Kuppusamy (locations.questdiagnostics.com): karthikeyan.x.kuppusamy@questdiagnostics.com
[591/1252] ✅ David Davis (health.maryland.gov): david.davis@maryland.gov
[592/1252] ✅ Dara King (health.maryland.gov): dara.king@maryland.gov
[593/1252] ✅ Roger Ward (dental.umaryland.edu): rward@umaryland.edu
[594/1252] ✅ Kate Storm (dental.umaryland.edu): kstorm@umaryland.edu
[595/1252] ✅ Debbie Rock (baltimorecity.gov): drock@lighthealth.org
[596/1252] ✅ Yoanna Moisides (baltimorecity.gov): yoanna.moisides@baltimorecity.gov
[597/1252] ✅ Imran Ali (locations.labcorp.com): imran.ali@covance.com
[598/1252] ✅ Shakti Ramkissoon (locations.labcorp.com): shakti.ramkissoon@covance.com
[599/1252] ✅ Rodney Brockenbrough (princegeorgescountymd.gov): rbrockenbrough@co.pg.md.us
[600/1252] ❌ Kenneth Fr***n (bdlab.com): unavailable
[601/1252] ✅ Andrew Gleason (smithers.com): agleason@smithers.com
[602/1252] ✅ Nancy Yao (smithers.com): nyao@smithers.com
[603/1252] ✅ Sawan Hurst (philifesciences.com): sawan@philifesciences.com
[604/1252] ✅ Jose Pineda (cslplasma.com): jose.pineda@cslplasma.com
[605/1252] ✅ Joe Abdo (oxfordbiodynamics.com): joe.abdo@oxfordbiodynamics.com
[606/1252] ✅ Jayne Green (oxfordbiodynamics.com): jayne.green@oxfordbiodynamics.com
[607/1252] ✅ Jacquie Liddell (massgeneralbrigham.org): jliddell1@partners.org
[608/1252] ✅ Karthik Kuppusamy (locations.questdiagnostics.com): karthikeyan.x.kuppusamy@questdiagnostics.com
[609/1252] ✅ Bethany Ferguson (imgendx.com): bethany@imgendx.com
[610/1252] ❌ Erick Gu***a (startupwebsolutions.com.au): unavailable
[611/1252] ✅ Charlotte Chew (cleanslatecenters.com): cchew@cleanslatecenters.com
[612/1252] ✅ Rachael Thompson (cleanslatecenters.com): rthompson@cleanslatecenters.com
[613/1252] ✅ Daanish Shaikh (cleanslatecenters.com): dshaikh@cleanslatecenters.com
[614/1252] ✅ C Fostersf (mersi.com): sfoster@mersi.com
[615/1252] ✅ Ferida Tadic (mersi.com): ftadic@mersi.com
[616/1252] ✅ Karthik Kuppusamy (locations.questdiagnostics.com): karthikeyan.x.kuppusamy@questdiagnostics.com
[617/1252] ✅ Jan Peters (stvincenthospital.com): jan.peters@stvincenthospital.com
[618/1252] ✅ Brian Trinque (stvincenthospital.com): brian.trinque@stvincenthospital.com
[619/1252] ✅ Ann Meyer (epigendx.com): ameyer@epigendx.com
[620/1252] ✅ Erik Diguilio (quantumpathology.com): ediguilio@quantumpathology.com
[621/1252] ✅ Kristopher Faulend (nagenomics.com): kfaulend@nagenomics.com
[622/1252] ✅ James White (kbmodiagnostics.com): jwhite@kbmodiagnostics.com
[623/1252] ✅ Karthik Kuppusamy (locations.questdiagnostics.com): karthikeyan.x.kuppusamy@questdiagnostics.com
[624/1252] ✅ Cate Spears (cgt.global): cspears@cgt.global
[625/1252] ❌ Bethaleen Ha***s (ethos-labs.com): unavailable
[626/1252] ❌ Crystal Mo***r (biolifeplasma.com): unavailable
[627/1252] ✅ Charolette Jackson (biolifeplasma.com): charolette.jackson@baxalta.com
[628/1252] ✅ Karim Lakhani (homehospital.bwh.harvard.edu): klakhani@g.harvard.edu
[629/1252] ✅ Jay Jussaume (bostonmedflight.org): jay.j@bostonmedflight.org
[630/1252] ✅ Charlie Moore (bostonmedflight.org): charliem@bostonmedflight.org
[631/1252] ✅ James Dargin (bostonmedflight.org): james.dargin@bostonmedflight.org
[632/1252] ❌ Crystal Mo***r (biolifeplasma.com): unavailable
[633/1252] ✅ Charolette Jackson (biolifeplasma.com): charolette.jackson@baxalta.com
[634/1252] ✅ Gitte Pedersen (genomicexpression.com): gitteped@genomicexpression.com
[635/1252] ✅ Matthew Parisi (predictabiosciences.com): matt.parisi@predictabiosciences.com
[636/1252] ✅ Rachel Groggel (informdx.com): rachel.groggel@informdx.com
[637/1252] ✅ Belinda Echartea (informdx.com): belinda.echartea@informdx.com
[638/1252] ✅ Arash Radfar (informdx.com): arash.radfar@informdx.com
[639/1252] ✅ Karthik Kuppusamy (locations.questdiagnostics.com): karthikeyan.x.kuppusamy@questdiagnostics.com
[640/1252] ✅ Jose Pineda (cslplasma.com): jose.pineda@cslplasma.com
[641/1252] ✅ Heather Levanduski (thechc.com): hlevanduski@thechc.com
[642/1252] ❌ Crystal Mo***r (biolifeplasma.com): unavailable
[643/1252] ✅ Charolette Jackson (biolifeplasma.com): charolette.jackson@baxalta.com
[644/1252] ❌ Crystal Mo***r (biolifeplasma.com): unavailable
[645/1252] ✅ Charolette Jackson (biolifeplasma.com): charolette.jackson@baxalta.com
[646/1252] ✅ Alan Amici (infectiousdiseases.med.wayne.edu): alan.amici@wayne.edu
[647/1252] ✅ Heather Levanduski (thechc.com): hlevanduski@thechc.com
[648/1252] ✅ Heather Levanduski (thechc.com): hlevanduski@thechc.com
[649/1252] ❌ Crystal Mo***r (biolifeplasma.com): unavailable
[650/1252] ✅ Charolette Jackson (biolifeplasma.com): charolette.jackson@baxalta.com
[651/1252] ✅ Heather Levanduski (thechc.com): hlevanduski@thechc.com
[652/1252] ✅ Jose Pineda (cslplasma.com): jose.pineda@cslplasma.com
[653/1252] ✅ Karthik Kuppusamy (locations.questdiagnostics.com): karthikeyan.x.kuppusamy@questdiagnostics.com
[654/1252] ✅ Jose Pineda (cslplasma.com): jose.pineda@cslplasma.com
[655/1252] ✅ Jose Pineda (cslplasma.com): jose.pineda@cslplasma.com
[656/1252] ✅ Jose Pineda (cslplasma.com): jose.pineda@cslplasma.com
[657/1252] ❌ Crystal Mo***r (biolifeplasma.com): unavailable
[658/1252] ✅ Charolette Jackson (biolifeplasma.com): charolette.jackson@baxalta.com
[659/1252] ✅ Jose Pineda (cslplasma.com): jose.pineda@cslplasma.com
[660/1252] ✅ Jose Pineda (cslplasma.com): jose.pineda@cslplasma.com
[661/1252] ✅ Jose Pineda (cslplasma.com): jose.pineda@cslplasma.com
[662/1252] ✅ Heather Levanduski (thechc.com): hlevanduski@thechc.com
[663/1252] ✅ Jose Pineda (cslplasma.com): jose.pineda@cslplasma.com
[664/1252] ✅ Karthik Kuppusamy (locations.questdiagnostics.com): karthikeyan.x.kuppusamy@questdiagnostics.com
[665/1252] ✅ Jose Pineda (cslplasma.com): jose.pineda@cslplasma.com
[666/1252] ✅ Jose Pineda (cslplasma.com): jose.pineda@cslplasma.com
[667/1252] ✅ Jose Pineda (cslplasma.com): jose.pineda@cslplasma.com
[668/1252] ❌ Crystal Mo***r (biolifeplasma.com): unavailable
[669/1252] ✅ Charolette Jackson (biolifeplasma.com): charolette.jackson@baxalta.com
[670/1252] ✅ Jose Pineda (cslplasma.com): jose.pineda@cslplasma.com
[671/1252] ❌ Crystal Mo***r (biolifeplasma.com): unavailable
[672/1252] ✅ Charolette Jackson (biolifeplasma.com): charolette.jackson@baxalta.com
[673/1252] ✅ Heather Levanduski (thechc.com): hlevanduski@thechc.com
[674/1252] ❌ Crystal Mo***r (biolifeplasma.com): unavailable
[675/1252] ✅ Charolette Jackson (biolifeplasma.com): charolette.jackson@baxalta.com
[676/1252] ✅ Heather Levanduski (thechc.com): hlevanduski@thechc.com
[677/1252] ✅ Pamela Hackert (oakgov.com): hackertp@oakgov.com
[678/1252] ✅ Jose Pineda (cslplasma.com): jose.pineda@cslplasma.com
[679/1252] ✅ Deb Pelch (lrhc.org): dlpelch@lrhc.org
[680/1252] ❌ David Bj***k (lrhc.org): unavailable
[681/1252] ❌ Josh Ho***l (lifelinkiii.com): unavailable
[682/1252] ✅ Jonathan Schiller (lifelinkiii.com): jschiller@lifelinkiii.com
[683/1252] ✅ Jose Pineda (cslplasma.com): jose.pineda@cslplasma.com
[684/1252] ✅ Joonhyung Cho (mbbnet.ahc.umn.edu): jfcho@umn.edu
[685/1252] ✅ Ryan Kearney (mbbnet.ahc.umn.edu): kearn236@umn.edu
[686/1252] ✅ Sarah Kerr (hpath.com): sarah.kerr@hpath.com
[687/1252] ✅ Svetlana Do (valleymedical.com): sdo@valleymedical.com
[688/1252] ✅ Jerald Mackey (valleymedical.com): jmackey@valleymedical.com
[689/1252] ✅ Jose Pineda (cslplasma.com): jose.pineda@cslplasma.com
[690/1252] ❌ Crystal Mo***r (biolifeplasma.com): unavailable
[691/1252] ✅ Charolette Jackson (biolifeplasma.com): charolette.jackson@baxalta.com
[692/1252] ✅ Jose Pineda (cslplasma.com): jose.pineda@cslplasma.com
[693/1252] ✅ John Pottier (axisclinicalsusa.com): j.pottier@axisclinicals.com
[694/1252] ✅ Andy Buschow (eurofinsus.com): andrewbuschow@eurofinsus.com
[695/1252] ✅ Imran Ali (labcorp.com): imran.ali@covance.com
[696/1252] ✅ Shakti Ramkissoon (labcorp.com): shakti.ramkissoon@covance.com
[697/1252] ❌ Crystal Mo***r (biolifeplasma.com): unavailable
[698/1252] ✅ Charolette Jackson (biolifeplasma.com): charolette.jackson@baxalta.com
[699/1252] ✅ Imran Ali (labcorp.com): imran.ali@covance.com
[700/1252] ✅ Shakti Ramkissoon (labcorp.com): shakti.ramkissoon@covance.com
[701/1252] ❌ Gary St***n (phghouston.com): unavailable
[702/1252] ✅ Jess Evans (ael.com): jgevans@ael.com
[703/1252] ❌ Carl Mi***i (ael.com): unavailable
[704/1252] ✅ Ricky Browning (singingriverhealthsystem.com): ricky.browning@srfcu.org
[705/1252] ✅ Mark Deakle (singingriverhealthsystem.com): mark.deakle@mysrhs.com
[706/1252] ✅ Ijlal Babar (singingriverhealthsystem.com): ijlal.babar@mysrhs.com
[707/1252] ✅ Jess Evans (ael.com): jgevans@ael.com
[708/1252] ❌ Carl Mi***i (ael.com): unavailable
[709/1252] ✅ Andrew Wiseman (plslab.com): awiseman@plslab.com
[710/1252] ❌ Vickie Hu***d (plslab.com): extrapolated
[711/1252] ✅ Warren Herring (trustcarehealth.com): wherring@trustcarehealth.com
[712/1252] ✅ Jose Pineda (cslplasma.com): jose.pineda@cslplasma.com
[713/1252] ✅ Gen Frank (stlouiscountymo.gov): gfrank@stlouisco.com
[714/1252] ✅ Paula Oldeg (stlouiscountymo.gov): poldeg@stlouiscountymo.gov
[715/1252] ❌ Crystal Mo***r (biolifeplasma.com): unavailable
[716/1252] ✅ Charolette Jackson (biolifeplasma.com): charolette.jackson@baxalta.com
[717/1252] ✅ Jose Pineda (cslplasma.com): jose.pineda@cslplasma.com
[718/1252] ✅ Jose Pineda (cslplasma.com): jose.pineda@cslplasma.com
[719/1252] ✅ David Argueta (mercy.net): david.argueta@mercy.net
[720/1252] ✅ Mickey Luna (slu.edu): mickey.luna@slu.edu
[721/1252] ✅ Imran Ali (labcorp.com): imran.ali@covance.com
[722/1252] ✅ Shakti Ramkissoon (labcorp.com): shakti.ramkissoon@covance.com
[723/1252] ✅ Jose Pineda (cslplasma.com): jose.pineda@cslplasma.com
[724/1252] ❌ Crystal Mo***r (biolifeplasma.com): unavailable
[725/1252] ✅ Charolette Jackson (biolifeplasma.com): charolette.jackson@baxalta.com
[726/1252] ✅ Abhay Singh (mogene.com): asingh@mogene.com
[727/1252] ✅ Imran Ali (labcorp.com): imran.ali@covance.com
[728/1252] ✅ Shakti Ramkissoon (labcorp.com): shakti.ramkissoon@covance.com
[729/1252] ❌ Crystal Mo***r (biolifeplasma.com): unavailable
[730/1252] ✅ Charolette Jackson (biolifeplasma.com): charolette.jackson@baxalta.com
[731/1252] ❌ Crystal Mo***r (biolifeplasma.com): unavailable
[732/1252] ✅ Charolette Jackson (biolifeplasma.com): charolette.jackson@baxalta.com
[733/1252] ❌ Crystal Mo***r (biolifeplasma.com): unavailable
[734/1252] ✅ Charolette Jackson (biolifeplasma.com): charolette.jackson@baxalta.com
[735/1252] ❌ Crystal Mo***r (biolifeplasma.com): unavailable
[736/1252] ✅ Charolette Jackson (biolifeplasma.com): charolette.jackson@baxalta.com
[737/1252] ✅ Gen Frank (stlouiscountymo.gov): gfrank@stlouisco.com
[738/1252] ✅ Paula Oldeg (stlouiscountymo.gov): poldeg@stlouiscountymo.gov
[739/1252] ✅ Karthik Kuppusamy (locations.questdiagnostics.com): karthikeyan.x.kuppusamy@questdiagnostics.com
[740/1252] ✅ Karthik Kuppusamy (locations.questdiagnostics.com): karthikeyan.x.kuppusamy@questdiagnostics.com
[741/1252] ✅ Karthik Kuppusamy (locations.questdiagnostics.com): karthikeyan.x.kuppusamy@questdiagnostics.com
[742/1252] ✅ David Argueta (mercy.net): david.argueta@mercy.net
[743/1252] ✅ David Argueta (mercy.net): david.argueta@mercy.net
[744/1252] ✅ Edward Weinstein (panomebio.com): edward.weinstein@panomebio.com
[745/1252] ✅ Rob Sanderson (dphhs.mt.gov): rsanderson@montanaresources.com
[746/1252] ❌ Crystal Mo***r (biolifeplasma.com): unavailable
[747/1252] ✅ Charolette Jackson (biolifeplasma.com): charolette.jackson@baxalta.com
[748/1252] ❌ Pamela Cu***r (westernmontanaclinic.com): unavailable
[749/1252] ❌ Pamela Cu***r (westernmontanaclinic.com): unavailable
[750/1252] ✅ Robert Derrett (billingsclinic.com): rderrett@billingsclinic.org
[751/1252] ✅ Nathan Allen (billingsclinic.com): nallen3@billingsclinic.org
[752/1252] ✅ Chad Hudson (hematologics.com): chudson@hematologics.com
[753/1252] ✅ Robert Derrett (billingsclinic.com): rderrett@billingsclinic.org
[754/1252] ✅ Nathan Allen (billingsclinic.com): nallen3@billingsclinic.org
[755/1252] ✅ Casey Buckingham (benefis.org): caseybuckingham@benefis.org
[756/1252] ✅ Jon Forte (riverstonehealth.org): jon.for@riverstonehealth.org
[757/1252] ❌ Joan Br***r (riverstonehealth.org): unavailable
[758/1252] ✅ Erin Hixson (riverstonehealth.org): erin.hix@riverstonehealth.org
[759/1252] ✅ Jose Pineda (cslplasma.com): jose.pineda@cslplasma.com
[760/1252] ❌ James Mi***r (pathologyservices.com): unavailable
[761/1252] ❌ Lyle Ba***e (pathologyservices.com): unavailable
[762/1252] ❌ Maureen Ti***n (lincoln.ne.gov): unavailable
[763/1252] ✅ Zaki Sabet (precipiodx.com): asabet@precipiodx.com
[764/1252] ✅ David Hudnall (precipiodx.com): dhudnall@precipiodx.com
[765/1252] ✅ Karthik Kuppusamy (questdiagnostics.com): karthikeyan.x.kuppusamy@questdiagnostics.com
[766/1252] ✅ Thomas Buttolph (pmspc.org): buttolpht@pmspc.org
[767/1252] ✅ Christian Young (southernnevadahealthdistrict.org): youngc@snhd.org
[768/1252] ✅ Jose Pineda (cslplasma.com): jose.pineda@cslplasma.com
[769/1252] ✅ Aaron Osborne (optimumedicine.com): aaron.osborne@optimumedicine.com
[770/1252] ✅ Jose Pineda (cslplasma.com): jose.pineda@cslplasma.com
[771/1252] ✅ Imran Ali (labcorp.com): imran.ali@covance.com
[772/1252] ✅ Shakti Ramkissoon (labcorp.com): shakti.ramkissoon@covance.com
[773/1252] ✅ Kelli Rafferty (elliothospital.org): kelli.rafferty@elliot-hs.org
[774/1252] ✅ Andrea Leland (dartmouth-hitchcock.org): andrea.l.leland@hitchcock.org
[775/1252] ✅ Jonathan Thyng (dartmouth-hitchcock.org): jonathan.b.thyng@hitchcock.org
[776/1252] ✅ Glenn Proctor (rmanetwork.com): jproctor@ivirma.com
[777/1252] ✅ Marcy Maguire (rmanetwork.com): mmaguire@rmanj.com
[778/1252] ✅ Dan Santaniello (emsl.com): dsantaniello@emsl.com
[779/1252] ✅ Dominic Gehret (emsl.com): dgehret@emsl.com
[780/1252] ✅ Michael Charlton (atlanticare.org): mjcharlton@atlanticare.org
[781/1252] ✅ Samson Zarbiv (atlanticare.org): szarbiv@atlanticare.org
[782/1252] ✅ Glenn Proctor (rmanetwork.com): jproctor@ivirma.com
[783/1252] ✅ Marcy Maguire (rmanetwork.com): mmaguire@rmanj.com
[784/1252] ✅ Arvind Gurnani (synergymedlabs.com): agurnani@synergymedlabs.com
[785/1252] ✅ Glenn Proctor (rmanetwork.com): jproctor@ivirma.com
[786/1252] ✅ Marcy Maguire (rmanetwork.com): mmaguire@rmanj.com
[787/1252] ✅ Jacob Midwinter (advancedclinical.com): jmidwinter@advancedclinical.com
[788/1252] ✅ Richard Herring (advancedclinical.com): rherring@advancedclinical.com
[789/1252] ✅ Ewa Hajek (advancedclinical.com): ehajek@advancedclinical.com
[790/1252] ✅ James Colston (dermpathdiagnostics.com): cjames@usf.edu
[791/1252] ✅ Rachel Cook (dermpathdiagnostics.com): rcook@dermpathdiagnostics.com
[792/1252] ✅ Molly Pierson (dermpathdiagnostics.com): mpierson@ameripath.com
[793/1252] ✅ Steve Finnern (givelegacy.com): steve.finnern@givelegacy.com
[794/1252] ✅ Christin Leinbach (givelegacy.com): cleinbach@kw.com
[795/1252] ✅ David Pattison (genetikaplus.com): david@neurokaire.com
[796/1252] ✅ Sarah Love (bernco.gov): slove@bernco.gov
[797/1252] ✅ Robin Divine (tricore.org): robin.divine@tricore.org
[798/1252] ✅ Jesse Young (tricore.org): jesse.young@tricore.org
[799/1252] ✅ Karthik Kuppusamy (questdiagnostics.com): karthikeyan.x.kuppusamy@questdiagnostics.com
[800/1252] ✅ Amirali Talasaz (guardanthealth.com): atalasaz@guardanthealth.com
[801/1252] ✅ Hal Rose (bioreference.com): halrose@bioreference.com
[802/1252] ✅ Craig Allen (bioreference.com): crallen@bioreference.com
[803/1252] ✅ Antti Kangas (nightingalehealth.com): antti.kangas@nightingalehealth.com
[804/1252] ✅ Jeffrey Reid (regeneron.com): jeffrey.reid@regeneron.com
[805/1252] ✅ Pablo Viguera (regeneron.com): pablo.viguera@regeneron.com
[806/1252] ✅ Vincent Tammaro (mountsinai.org): vincent.tammaro@mountsinai.org
[807/1252] ✅ Darren Deoraj (mountsinai.org): darren.deoraj@mountsinai.org
[808/1252] ✅ Charles Powell (mountsinai.org): charles.powell@mountsinai.org
[809/1252] ✅ Nader Mherabi (nyulangone.org): nader.mherabi@nyulangone.org
[810/1252] ✅ Jonah Feldman (nyulangone.org): jonah.feldman@nyulangone.org
[811/1252] ✅ Sharon Fox (nyc.gov): sfox@schools.nyc.gov
[812/1252] ✅ Joel Saltz (southampton.stonybrookmedicine.edu): joel.saltz@stonybrookmedicine.edu
[813/1252] ✅ Jose Pineda (cslplasma.com): jose.pineda@cslplasma.com
[814/1252] ✅ Imran Ali (ir.labcorp.com): imran.ali@covance.com
[815/1252] ✅ Shakti Ramkissoon (ir.labcorp.com): shakti.ramkissoon@covance.com
[816/1252] ✅ Julie Graham (waynegov.com): julie.graham@waynegov.com
[817/1252] ✅ Gloria Bartelt (piedmonthealthcare.com): gloria.bartelt@piedmonthealthcare.com
[818/1252] ✅ Kayce Johnson (piedmonthealthcare.com): kayce.johnson@piedmonthealthcare.com
[819/1252] ✅ Robert Kimball (piedmonthealthcare.com): robert.kimball@piedmonthealthcare.com
[820/1252] ✅ Imran Ali (locations.labcorp.com): imran.ali@covance.com
[821/1252] ✅ Shakti Ramkissoon (locations.labcorp.com): shakti.ramkissoon@covance.com
[822/1252] ❌ Alfred Ca***l (celligent.net): unavailable
[823/1252] ❌ Alfred Ca***l (celligent.net): unavailable
[824/1252] ❌ Alfred Ca***l (celligent.net): unavailable
[825/1252] ✅ Imran Ali (labcorp.com): imran.ali@covance.com
[826/1252] ✅ Shakti Ramkissoon (labcorp.com): shakti.ramkissoon@covance.com
[827/1252] ✅ Imran Ali (locations.labcorp.com): imran.ali@covance.com
[828/1252] ✅ Shakti Ramkissoon (locations.labcorp.com): shakti.ramkissoon@covance.com
[829/1252] ❌ Alfred Ca***l (celligent.net): unavailable
[830/1252] ❌ Linda Jo***s (gso.select-labs.com): unavailable
[831/1252] ✅ Imran Ali (labcorp.com): imran.ali@covance.com
[832/1252] ✅ Shakti Ramkissoon (labcorp.com): shakti.ramkissoon@covance.com
[833/1252] ✅ Imran Ali (labcorp.com): imran.ali@covance.com
[834/1252] ✅ Shakti Ramkissoon (labcorp.com): shakti.ramkissoon@covance.com
[835/1252] ✅ Imran Ali (locations.labcorp.com): imran.ali@covance.com
[836/1252] ✅ Shakti Ramkissoon (locations.labcorp.com): shakti.ramkissoon@covance.com
[837/1252] ❌ Crystal Mo***r (biolifeplasma.com): unavailable
[838/1252] ✅ Charolette Jackson (biolifeplasma.com): charolette.jackson@baxalta.com
[839/1252] ✅ Andy Buschow (eurofinsus.com): andrewbuschow@eurofinsus.com
[840/1252] ✅ Sarah Bender (tryonmed.com): sbender@tryonmed.com
[841/1252] ❌ Stephen Al***s (asaplabsandcare.com): unavailable
[842/1252] ✅ Imran Ali (locations.labcorp.com): imran.ali@covance.com
[843/1252] ✅ Shakti Ramkissoon (locations.labcorp.com): shakti.ramkissoon@covance.com
[844/1252] ✅ Chuck Wallington (conehealth.com): charles.wallington@conehealth.com
[845/1252] ✅ Funsho Aduloju (conehealth.com): funsho.aduloju@conehealth.com
[846/1252] ✅ Steven Bokshan (conehealth.com): steven.bokshan@conehealth.com
[847/1252] ✅ Danielle Bumarch (honorbridge.org): dbumarch@honorbridge.org
[848/1252] ❌ Alfred Ca***l (celligent.net): unavailable
[849/1252] ✅ Imran Ali (locations.labcorp.com): imran.ali@covance.com
[850/1252] ✅ Shakti Ramkissoon (locations.labcorp.com): shakti.ramkissoon@covance.com
[851/1252] ❌ Crystal Mo***r (biolifeplasma.com): unavailable
[852/1252] ✅ Charolette Jackson (biolifeplasma.com): charolette.jackson@baxalta.com
[853/1252] ❌ Crystal Mo***r (biolifeplasma.com): unavailable
[854/1252] ✅ Charolette Jackson (biolifeplasma.com): charolette.jackson@baxalta.com
[855/1252] ✅ Jesse Howard (medscanlab.com): jesse.howard@medscanlab.com
[856/1252] ✅ Daniel Hoffman (skinwindermatology.com): drhoffman@skinwindermatology.com
[857/1252] ✅ Imran Ali (locations.labcorp.com): imran.ali@covance.com
[858/1252] ✅ Shakti Ramkissoon (locations.labcorp.com): shakti.ramkissoon@covance.com
[859/1252] ✅ Jeremy Marks (odh.ohio.gov): jeremy.marks@ohio.gov
[860/1252] ✅ Jose Pineda (cslplasma.com): jose.pineda@cslplasma.com
[861/1252] ✅ Jose Pineda (cslplasma.com): jose.pineda@cslplasma.com
[862/1252] ✅ Jose Pineda (cslplasma.com): jose.pineda@cslplasma.com
[863/1252] ❌ Emmett Orr (phdmc.org): unavailable
[864/1252] ✅ Becky Thomas (phdmc.org): bthomas@phdmc.org
[865/1252] ❌ Crystal Mo***r (biolifeplasma.com): unavailable
[866/1252] ✅ Charolette Jackson (biolifeplasma.com): charolette.jackson@baxalta.com
[867/1252] ✅ Karthik Kuppusamy (regional.questdiagnostics.com): karthikeyan.x.kuppusamy@questdiagnostics.com
[868/1252] ✅ Karthik Kuppusamy (questdiagnostics.com): karthikeyan.x.kuppusamy@questdiagnostics.com
[869/1252] ✅ Robin McAllister (acupath.com): rmcallister@acupath.com
[870/1252] ❌ Crystal Mo***r (biolifeplasma.com): unavailable
[871/1252] ✅ Charolette Jackson (biolifeplasma.com): charolette.jackson@baxalta.com
[872/1252] ✅ Benji Butzon (nationwidehistology.com): benji@nationwidehistology.com
[873/1252] ✅ Jose Pineda (cslplasma.com): jose.pineda@cslplasma.com
[874/1252] ✅ Jose Pineda (cslplasma.com): jose.pineda@cslplasma.com
[875/1252] ✅ Jose Pineda (cslplasma.com): jose.pineda@cslplasma.com
[876/1252] ✅ Jose Pineda (cslplasma.com): jose.pineda@cslplasma.com
[877/1252] ✅ Jose Pineda (cslplasma.com): jose.pineda@cslplasma.com
[878/1252] ✅ Jose Pineda (cslplasma.com): jose.pineda@cslplasma.com
[879/1252] ✅ Jose Pineda (cslplasma.com): jose.pineda@cslplasma.com
[880/1252] ❌ Deb Un***h (midwestrecoverycenter.com): unavailable
[881/1252] ❌ Crystal Mo***r (biolifeplasma.com): unavailable
[882/1252] ✅ Charolette Jackson (biolifeplasma.com): charolette.jackson@baxalta.com
[883/1252] ✅ Imran Ali (locations.labcorp.com): imran.ali@covance.com
[884/1252] ✅ Shakti Ramkissoon (locations.labcorp.com): shakti.ramkissoon@covance.com
[885/1252] ✅ Rachel Groggel (informdx.com): rachel.groggel@informdx.com
[886/1252] ✅ Belinda Echartea (informdx.com): belinda.echartea@informdx.com
[887/1252] ✅ Arash Radfar (informdx.com): arash.radfar@informdx.com
[888/1252] ✅ Arif Usmani (benchmarkdiagnostics.com): ausmani@benchmarkdiagnostics.com
[889/1252] ✅ Muayad Mustafa (pureviewlab.com): mo@pureviewlab.com
[890/1252] ✅ John Horack (dentistry.osu.edu): horack.1@osu.edu
[891/1252] ✅ Jose Pineda (cslplasma.com): jose.pineda@cslplasma.com
[892/1252] ✅ Jose Pineda (cslplasma.com): jose.pineda@cslplasma.com
[893/1252] ✅ Tommie Hamilton (health.oklahoma.gov): thamilton@odmhsas.org
[894/1252] ✅ Jose Pineda (cslplasma.com): jose.pineda@cslplasma.com
[895/1252] ✅ Jose Pineda (cslplasma.com): jose.pineda@cslplasma.com
[896/1252] ✅ Jose Pineda (cslplasma.com): jose.pineda@cslplasma.com
[897/1252] ❌ Crystal Mo***r (biolifeplasma.com): unavailable
[898/1252] ✅ Charolette Jackson (biolifeplasma.com): charolette.jackson@baxalta.com
[899/1252] ✅ Daniele Farnedi (solvhealth.com): daniele@solvhealth.com
[900/1252] ✅ Jamie Payne (saintfrancis.com): jamie.payne@saintfrancis.com
[901/1252] ✅ Ajay Dipablm (saintfrancis.com): adipablm@saintfrancis.com
[902/1252] ✅ Jamie Payne (saintfrancis.com): jamie.payne@saintfrancis.com
[903/1252] ✅ Ajay Dipablm (saintfrancis.com): adipablm@saintfrancis.com
[904/1252] ✅ Jamie Payne (saintfrancis.com): jamie.payne@saintfrancis.com
[905/1252] ✅ Ajay Dipablm (saintfrancis.com): adipablm@saintfrancis.com
[906/1252] ❌ Crystal Mo***r (biolifeplasma.com): unavailable
[907/1252] ✅ Charolette Jackson (biolifeplasma.com): charolette.jackson@baxalta.com
[908/1252] ✅ Karthik Kuppusamy (questdiagnostics.com): karthikeyan.x.kuppusamy@questdiagnostics.com
[909/1252] ✅ Imran Ali (labcorp.com): imran.ali@covance.com
[910/1252] ✅ Shakti Ramkissoon (labcorp.com): shakti.ramkissoon@covance.com
[911/1252] ✅ Imran Ali (labcorp.com): imran.ali@covance.com
[912/1252] ✅ Shakti Ramkissoon (labcorp.com): shakti.ramkissoon@covance.com
[913/1252] ✅ Karthik Kuppusamy (questdiagnostics.com): karthikeyan.x.kuppusamy@questdiagnostics.com
[914/1252] ❌ Kenny Di***k (curryhealthnetwork.com): unavailable
[915/1252] ✅ Karthik Kuppusamy (locations.questdiagnostics.com): karthikeyan.x.kuppusamy@questdiagnostics.com
[916/1252] ✅ Jose Pineda (cslplasma.com): jose.pineda@cslplasma.com
[917/1252] ✅ Edmond Salem (salemclinic.org): ees@thesalemlawfirm.com
[918/1252] ❌ James By***t (salemclinic.org): unavailable
[919/1252] ✅ Paul Krull (oregonclinic.com): pkrull@orclinic.com
[920/1252] ✅ Kristina Young (oregonclinic.com): kyoung@orclinic.com
[921/1252] ✅ Brandon Peterson (incytepathology.com): bpeterson@incdx.com
[922/1252] ✅ Brandon Peterson (incytepathology.com): bpeterson@incdx.com
[923/1252] ❌ Michael Da***n (zrtlab.com): unavailable
[924/1252] ✅ David Zava (zrtlab.com): dzava@zrtlab.com
[925/1252] ❌ Kenny Di***k (curryhealthnetwork.com): unavailable
[926/1252] ✅ Imran Ali (locations.labcorp.com): imran.ali@covance.com
[927/1252] ✅ Shakti Ramkissoon (locations.labcorp.com): shakti.ramkissoon@covance.com
[928/1252] ✅ Bill Cox (yvfwc.com): williamco@yvfwc.org
[929/1252] ✅ Lauren Truxillo (yvfwc.com): laurent@yvfwc.org
[930/1252] ✅ Imran Ali (locations.labcorp.com): imran.ali@covance.com
[931/1252] ✅ Shakti Ramkissoon (locations.labcorp.com): shakti.ramkissoon@covance.com
[932/1252] ✅ Imran Ali (locations.labcorp.com): imran.ali@covance.com
[933/1252] ✅ Shakti Ramkissoon (locations.labcorp.com): shakti.ramkissoon@covance.com
[934/1252] ✅ Evan Martin (zoomcare.com): emartin@zoomcare.com
[935/1252] ✅ Randy Nixon (vistapathology.com): nixonr@vistapathology.com
[936/1252] ✅ Brian Golie (goldenwestdiagnostics.com): golie@goldenwestbio.com
[937/1252] ✅ Randy Nixon (vistapathology.com): nixonr@vistapathology.com
[938/1252] ✅ Evan Martin (zoomcare.com): emartin@zoomcare.com
[939/1252] ✅ Susan Collins (locations.geisinger.org): scollins6@geisinger.edu
[940/1252] ✅ Thomas Abbott (gmgtransport.com): tabbott@gmgtransport.com
[941/1252] ✅ Elizabeth Wild (dermpath.upmc.edu): wilde@upmc.edu
[942/1252] ✅ Davor Babic (dermpath.upmc.edu): babicd@upmc.edu
[943/1252] ✅ Kevin Land (dermpath.upmc.edu): landk@upmc.edu
[944/1252] ✅ Daniel Holt (centervilleclinics.com): dholt@centervilleclinics.com
[945/1252] ✅ Lisa Harpster (gw.scasd.org): lmh41@scasd.org
[946/1252] ✅ Maxwell Akuamoah-Boateng (phila.gov): maxwell.akuamoah-boateng@phila.gov
[947/1252] ✅ Aileen Widdoss (biospecialty.com): awiddoss@biospecialty.com
[948/1252] ✅ Douglas Granger (salimetrics.com): dgranger@salimetrics.com
[949/1252] ❌ Robert La***n (salimetrics.com): unavailable
[950/1252] ✅ Michael Ridinger (wellspan.org): mridinger@wellspan.org
[951/1252] ✅ Rahul Kashyap (wellspan.org): rkashyap@wellspan.org
[952/1252] ✅ Fabien Baksh (psppath.com): fkbaksh@psppath.com
[953/1252] ✅ Hemal Gada (providers.upmc.com): hemalgada@upmc.com
[954/1252] ✅ Paul Phrampus (providers.upmc.com): paul.phrampus@upmc.com
[955/1252] ✅ Jose Pineda (cslplasma.com): jose.pineda@cslplasma.com
[956/1252] ✅ Cate Spears (cgt.global): cspears@cgt.global
[957/1252] ✅ Adam Micheletti (prismmolecular.com): amicheletti@prismmolecular.com
[958/1252] ✅ James Colston (dermpathdiagnostics.com): cjames@usf.edu
[959/1252] ✅ Rachel Cook (dermpathdiagnostics.com): rcook@dermpathdiagnostics.com
[960/1252] ✅ Molly Pierson (dermpathdiagnostics.com): mpierson@ameripath.com
[961/1252] ✅ Gabrielle Dubick (pathology.med.upenn.edu): gdubick@wharton.upenn.edu
[962/1252] ✅ John Krolicki (chp.edu): john.krolicki@chp.edu
[963/1252] ✅ Kristen Esposito (chp.edu): kristen.esposito@chp.edu
[964/1252] ✅ Ken Nischal (chp.edu): ken.nischal@chp.edu
[965/1252] ✅ Susan Collins (geisinger.org): scollins6@geisinger.edu
[966/1252] ✅ Karthik Kuppusamy (questdiagnostics.com): karthikeyan.x.kuppusamy@questdiagnostics.com
[967/1252] ✅ Abhishek Agrawal (reviews.birdeye.com): abhishek.agrawal1@birdeye.com
[968/1252] ✅ Karthik Kuppusamy (questdiagnostics.com): karthikeyan.x.kuppusamy@questdiagnostics.com
[969/1252] ✅ Philip Kujawski (vitadox.com): philip@vitadox.com
[970/1252] ✅ Philip Kujawski (vitadox.com): philip@vitadox.com
[971/1252] ✅ Blanca Rivera (hrplabs.com): brivera@hrplabs.com
[972/1252] ✅ Eric Groves (alignable.com): eric@alignable.com
[973/1252] ✅ Philip Kujawski (vitadox.com): philip@vitadox.com
[974/1252] ✅ Karthik Kuppusamy (locations.questdiagnostics.com): karthikeyan.x.kuppusamy@questdiagnostics.com
[975/1252] ❌ Jose Ma***o (salud.pr.gov): unavailable
[976/1252] ✅ Sean Lindsey (bukutelepon.cybo.com): sean@cybo.com
[977/1252] ✅ Philip Kujawski (vitadox.com): philip@vitadox.com
[978/1252] ✅ Philip Kujawski (vitadox.com): philip@vitadox.com
[979/1252] ✅ Philip Kujawski (vitadox.com): philip@vitadox.com
[980/1252] ✅ Philip Kujawski (vitadox.com): philip@vitadox.com
[981/1252] ✅ Philip Kujawski (vitadox.com): philip@vitadox.com
[982/1252] ✅ Melba Caro (costasalud.com): mcaro@costasalud.com
[983/1252] ✅ Edgar Rodriguez (costasalud.com): erodriguez@costasalud.com
[984/1252] ✅ Victor Valentin (labemmanuel.com): victor.valentin@labemmanuel.com
[985/1252] ✅ Victor Valentin (labemmanuel.com): victor.valentin@labemmanuel.com
[986/1252] ✅ Karthik Kuppusamy (questdiagnostics.com): karthikeyan.x.kuppusamy@questdiagnostics.com
[987/1252] ✅ Philip Kujawski (vitadox.com): philip@vitadox.com
[988/1252] ✅ Philip Kujawski (vitadox.com): philip@vitadox.com
[989/1252] ✅ Karthik Kuppusamy (questdiagnostics.com): karthikeyan.x.kuppusamy@questdiagnostics.com
[990/1252] ✅ Philip Kujawski (vitadox.com): philip@vitadox.com
[991/1252] ✅ Karthik Kuppusamy (questdiagnostics.com): karthikeyan.x.kuppusamy@questdiagnostics.com
[992/1252] ✅ Jarvis Zhang (newbizbot.ai): jarvis@newbizbot.ai
[993/1252] ✅ Victor Valentin (labemmanuel.com): victor.valentin@labemmanuel.com
[994/1252] ✅ Philip Kujawski (vitadox.com): philip@vitadox.com
[995/1252] ✅ Karthik Kuppusamy (locations.questdiagnostics.com): karthikeyan.x.kuppusamy@questdiagnostics.com
[996/1252] ❌ Taghi Sh***w (waze.com): unavailable
[997/1252] ✅ Philip Kujawski (vitadox.com): philip@vitadox.com
[998/1252] ✅ Victor Valentin (labemmanuel.com): victor.valentin@labemmanuel.com
[999/1252] ✅ Luis Artache (professionalhospital.net): lartache@professionalhospital.com
[1000/1252] ✅ Philip Kujawski (vitadox.com): philip@vitadox.com
[1001/1252] ✅ Philip Kujawski (vitadox.com): philip@vitadox.com
[1002/1252] ✅ Sean Lindsey (cybo.com): sean@cybo.com
[1003/1252] ✅ Philip Kujawski (vitadox.com): philip@vitadox.com
[1004/1252] ✅ Karthik Kuppusamy (questdiagnostics.com): karthikeyan.x.kuppusamy@questdiagnostics.com
[1005/1252] ✅ Philip Kujawski (vitadox.com): philip@vitadox.com
[1006/1252] ❌ Taghi Sh***w (waze.com): unavailable
[1007/1252] ✅ Philip Kujawski (vitadox.com): philip@vitadox.com
[1008/1252] ❌ Armando Al***o (centrossancristobal.com): unavailable
[1009/1252] ✅ Keishla Davila (metropaviaclinic.com): kagosto@metropaviaclinic.com
[1010/1252] ✅ Ana Miranda-Mercado (mmm-pr.com): ana.miranda-mercado@mmmhc.com
[1011/1252] ✅ Nick Chen (linktr.ee): nick.c@linktr.ee
[1012/1252] ✅ Wilma Virella-Santana (prpathology.com): wvirella-santana@prpathology.com
[1013/1252] ✅ Imran Ali (locations.labcorp.com): imran.ali@covance.com
[1014/1252] ✅ Shakti Ramkissoon (locations.labcorp.com): shakti.ramkissoon@covance.com
[1015/1252] ✅ Imran Ali (locations.labcorp.com): imran.ali@covance.com
[1016/1252] ✅ Shakti Ramkissoon (locations.labcorp.com): shakti.ramkissoon@covance.com
[1017/1252] ✅ Marc Quevedo (dph.sc.gov): marc.quevedo@sc.gov
[1018/1252] ✅ Marc Quevedo (dph.sc.gov): marc.quevedo@sc.gov
[1019/1252] ✅ Marc Quevedo (dph.sc.gov): marc.quevedo@sc.gov
[1020/1252] ✅ Jose Pineda (cslplasma.com): jose.pineda@cslplasma.com
[1021/1252] ✅ Reese Palmer (lradac.org): rpalmer@lradac.org
[1022/1252] ✅ Jose Pineda (cslplasma.com): jose.pineda@cslplasma.com
[1023/1252] ✅ Jose Pineda (cslplasma.com): jose.pineda@cslplasma.com
[1024/1252] ✅ Jon Joffe (prismahealth.org): jon.joffe@prismahealth.org
[1025/1252] ✅ John Erwin (prismahealth.org): john.erwin@prismahealth.org
[1026/1252] ✅ Imran Ali (locations.labcorp.com): imran.ali@covance.com
[1027/1252] ✅ Shakti Ramkissoon (locations.labcorp.com): shakti.ramkissoon@covance.com
[1028/1252] ✅ Jason Polreis (omegaquant.com): jason@omegaquant.com
[1029/1252] ✅ Jose Pineda (cslplasma.com): jose.pineda@cslplasma.com
[1030/1252] ✅ Kevin Marsh (sofha.net): kevinmarsh@sofha.net
[1031/1252] ✅ Kent Wright (sofha.net): kentwright@sofha.org
[1032/1252] ✅ Jose Pineda (cslplasma.com): jose.pineda@cslplasma.com
[1033/1252] ✅ Reed Mullins (cns-llc.us): reed@consfab.com
[1034/1252] ❌ Joe Sc***o (lifelinebloodserv.org): unavailable
[1035/1252] ✅ Latrina Morman (lifelinebloodserv.org): latrina.morman@lifelinebloodserv.org
[1036/1252] ✅ Jose Pineda (cslplasma.com): jose.pineda@cslplasma.com
[1037/1252] ✅ Daniel Dawes (home.mmc.edu): ddawes@mmc.edu
[1038/1252] ✅ Tammi Lavender (home.mmc.edu): tlavender@mmc.edu
[1039/1252] ✅ Jose Pineda (cslplasma.com): jose.pineda@cslplasma.com
[1040/1252] ✅ Kerry Bush (cairndiagnostics.com): kbush@cairndx.com
[1041/1252] ✅ Tyler Hill (cairndiagnostics.com): thill@cairndx.com
[1042/1252] ✅ William Novick (uthsc.edu): wnovick@uthsc.edu
[1043/1252] ✅ Darnecia Garner (uthsc.edu): dgarner@uthsc.edu
[1044/1252] ✅ Cynthia Cross (uthsc.edu): ccross@uthsc.edu
[1045/1252] ✅ Lisa Crawford (mycts.org): lcrawford@mycts.org
[1046/1252] ✅ Audrey Love (mycts.org): alove@mycts.org
[1047/1252] ✅ Eric Deaton (balladhealth.org): eric.deaton@balladhealth.org
[1048/1252] ✅ Landon Combs (balladhealth.org): landon.combs@balladhealth.org
[1049/1252] ✅ Stephen Cwsp (jacksonclinic.com): scwsp@jacksonclinic.com
[1050/1252] ✅ Jose Pineda (cslplasma.com): jose.pineda@cslplasma.com
[1051/1252] ✅ Sanford Sharp (diagnosticpathologyservices.com): sanford_sharp@diagnosticpathologyservices.com
[1052/1252] ❌ Crystal Mo***r (biolifeplasma.com): unavailable
[1053/1252] ✅ Charolette Jackson (biolifeplasma.com): charolette.jackson@baxalta.com
[1054/1252] ✅ Imran Ali (labcorp.com): imran.ali@covance.com
[1055/1252] ✅ Shakti Ramkissoon (labcorp.com): shakti.ramkissoon@covance.com
[1056/1252] ❌ Crystal Mo***r (biolifeplasma.com): unavailable
[1057/1252] ✅ Charolette Jackson (biolifeplasma.com): charolette.jackson@baxalta.com
[1058/1252] ✅ Imran Ali (locations.labcorp.com): imran.ali@covance.com
[1059/1252] ✅ Shakti Ramkissoon (locations.labcorp.com): shakti.ramkissoon@covance.com
[1060/1252] ✅ Linda Cooper (daxor.com): lcooper@daxor.com
[1061/1252] ✅ Eric Mayer (newdaydiagnostics.com): ericmayer@newdaydiagnostics.com
[1062/1252] ✅ Robin McAllister (acupath.com): rmcallister@acupath.com
[1063/1252] ✅ Jamie Phillips (vanderbilthealth.com): james.d.phillips@vumc.org
[1064/1252] ✅ Edwina McNeill-Simaan (vanderbilthealth.com): edwina.o.mcneill-simaan@vumc.org
[1065/1252] ✅ Shravani Durbhakula (vanderbilthealth.com): s.durbhakula@vumc.org
[1066/1252] ✅ Tim Hodge (chronetyx.com): thodge@chronetyx.com
[1067/1252] ✅ Pranil Chandra (pathgroup.com): pchandra@pathgroup.com
[1068/1252] ✅ Kathryn Knight (pathgroup.com): kknight@pathgroup.com
[1069/1252] ❌ Paul Ak***s (ameripath.com): unavailable
[1070/1252] ✅ Marcie Albanesi (ameripath.com): malbanesi@ameripath.com
[1071/1252] ✅ Anuradha Radhakrishnan (ameripath.com): aradhakrishnan@ameripath.com
[1072/1252] ✅ Jose Pineda (cslplasma.com): jose.pineda@cslplasma.com
[1073/1252] ✅ Ethan Braden (dentistry.tamu.edu): ebraden@tamu.edu
[1074/1252] ✅ Jose Pineda (cslplasma.com): jose.pineda@cslplasma.com
[1075/1252] ✅ Jose Pineda (cslplasma.com): jose.pineda@cslplasma.com
[1076/1252] ✅ Jose Pineda (cslplasma.com): jose.pineda@cslplasma.com
[1077/1252] ✅ Imran Ali (labcorp.com): imran.ali@covance.com
[1078/1252] ✅ Shakti Ramkissoon (labcorp.com): shakti.ramkissoon@covance.com
[1079/1252] ✅ Yan Machemer (spectracell.com): yxmachemer@spectracell.com
[1080/1252] ✅ Jose Pineda (cslplasma.com): jose.pineda@cslplasma.com
[1081/1252] ❌ Michael Bl***e (cityoflaredo.com): unavailable
[1082/1252] ❌ Crystal Mo***r (biolifeplasma.com): unavailable
[1083/1252] ✅ Charolette Jackson (biolifeplasma.com): charolette.jackson@baxalta.com
[1084/1252] ❌ Paul Ak***s (ameripath.com): unavailable
[1085/1252] ✅ Marcie Albanesi (ameripath.com): malbanesi@ameripath.com
[1086/1252] ✅ Anuradha Radhakrishnan (ameripath.com): aradhakrishnan@ameripath.com
[1087/1252] ✅ Rusty Crum (cg-labs.com): rcrum@cg-labs.com
[1088/1252] ✅ Imran Ali (locations.labcorp.com): imran.ali@covance.com
[1089/1252] ✅ Shakti Ramkissoon (locations.labcorp.com): shakti.ramkissoon@covance.com
[1090/1252] ✅ Faiz Siddiqui (propath.com): faiz.siddiqui@propath.com
[1091/1252] ✅ Faiz Siddiqui (propath.com): faiz.siddiqui@propath.com
[1092/1252] ✅ Wayne Rigler (averodx.com): wrigler@averodx.com
[1093/1252] ❌ Tony Sp***o (westlakedermatology.com): unavailable
[1094/1252] ❌ Paul Ak***s (ameripath.com): unavailable
[1095/1252] ✅ Marcie Albanesi (ameripath.com): malbanesi@ameripath.com
[1096/1252] ✅ Anuradha Radhakrishnan (ameripath.com): aradhakrishnan@ameripath.com
[1097/1252] ✅ Faiz Siddiqui (propath.com): faiz.siddiqui@propath.com
[1098/1252] ✅ Abhilash Durgam (utphysicians.com): abhilash.durgam@uth.tmc.edu
[1099/1252] ✅ Lisa Crawford (mycts.org): lcrawford@mycts.org
[1100/1252] ✅ Audrey Love (mycts.org): alove@mycts.org
[1101/1252] ✅ Jose Pineda (cslplasma.com): jose.pineda@cslplasma.com
[1102/1252] ✅ Clay Cockerell (dermpath.com): ccockerell@dermpath.com
[1103/1252] ✅ Mark Bernard (resolutehealth.com): mark.bernard@resolutehealth.com
[1104/1252] ✅ Clay Cockerell (dermpath.com): ccockerell@dermpath.com
[1105/1252] ❌ Paul Ak***s (ameripath.com): unavailable
[1106/1252] ✅ Marcie Albanesi (ameripath.com): malbanesi@ameripath.com
[1107/1252] ✅ Anuradha Radhakrishnan (ameripath.com): aradhakrishnan@ameripath.com
[1108/1252] ✅ Jose Pineda (cslplasma.com): jose.pineda@cslplasma.com
[1109/1252] ✅ Imran Ali (locations.labcorp.com): imran.ali@covance.com
[1110/1252] ✅ Shakti Ramkissoon (locations.labcorp.com): shakti.ramkissoon@covance.com
[1111/1252] ❌ Crystal Mo***r (biolifeplasma.com): unavailable
[1112/1252] ✅ Charolette Jackson (biolifeplasma.com): charolette.jackson@baxalta.com
[1113/1252] ✅ Faiz Siddiqui (propath.com): faiz.siddiqui@propath.com
[1114/1252] ❌ Crystal Mo***r (biolifeplasma.com): unavailable
[1115/1252] ✅ Charolette Jackson (biolifeplasma.com): charolette.jackson@baxalta.com
[1116/1252] ❌ Crystal Mo***r (biolifeplasma.com): unavailable
[1117/1252] ✅ Charolette Jackson (biolifeplasma.com): charolette.jackson@baxalta.com
[1118/1252] ✅ Samantha Trimble (stdavids.com): trimble.samantha@stdavids.com
[1119/1252] ✅ Omar Kass-Hout (stdavids.com): kass-hout.omar@stdavids.com
[1120/1252] ✅ Jose Pineda (cslplasma.com): jose.pineda@cslplasma.com
[1121/1252] ✅ Jose Pineda (cslplasma.com): jose.pineda@cslplasma.com
[1122/1252] ✅ Karthik Kuppusamy (questdiagnostics.com): karthikeyan.x.kuppusamy@questdiagnostics.com
[1123/1252] ✅ Jose Pineda (cslplasma.com): jose.pineda@cslplasma.com
[1124/1252] ✅ Jose Pineda (cslplasma.com): jose.pineda@cslplasma.com
[1125/1252] ✅ Robert Haynes (grmedcenter.com): rghaynes@grmedcenter.com
[1126/1252] ✅ Michael Lafriniere (advancedpathologyassociates.com): michael.lafriniere@ccplab.com
[1127/1252] ❌ Crystal Mo***r (biolifeplasma.com): unavailable
[1128/1252] ✅ Charolette Jackson (biolifeplasma.com): charolette.jackson@baxalta.com
[1129/1252] ❌ Crystal Mo***r (biolifeplasma.com): unavailable
[1130/1252] ✅ Charolette Jackson (biolifeplasma.com): charolette.jackson@baxalta.com
[1131/1252] ✅ Saloni Chohan (acies.consulting): salonichohan@acies.holdings
[1132/1252] ✅ John Cangelosi (sagisdx.com): jcangelosi@sagisdx.com
[1133/1252] ✅ Jeanette Gray (pathreflab.com): jgray@pathreflab.com
[1134/1252] ❌ Cameron Re***k (abdalabs.com): unavailable
[1135/1252] ✅ John Rubano (luciddx.com): jdr@luciddx.com
[1136/1252] ✅ Ron Berger (vrlsat.com): ron.berger@vrl.net
[1137/1252] ✅ Jon Moll (vrlsat.com): jon.moll@vrl.net
[1138/1252] ✅ Daniel Cortez (pathology-associates.com): dcortez@pathology-associates.com
[1139/1252] ✅ Mary Ara (wamhs.org): mara@wamhs.org
[1140/1252] ✅ Bob Latta (merchantcircle.com): bob.latta@merchantcircle.com
[1141/1252] ✅ Jose Pineda (cslplasma.com): jose.pineda@cslplasma.com
[1142/1252] ✅ Gregg Moss (intermountainhealthcare.org): gregg.moss@imail.org
[1143/1252] ✅ Farukh Usmani (intermountainhealthcare.org): farukh.usmani@intermountainhealthcare.org
[1144/1252] ❌ Crystal Mo***r (biolifeplasma.com): unavailable
[1145/1252] ✅ Charolette Jackson (biolifeplasma.com): charolette.jackson@baxalta.com
[1146/1252] ❌ Crystal Mo***r (biolifeplasma.com): unavailable
[1147/1252] ✅ Charolette Jackson (biolifeplasma.com): charolette.jackson@baxalta.com
[1148/1252] ❌ Crystal Mo***r (biolifeplasma.com): unavailable
[1149/1252] ✅ Charolette Jackson (biolifeplasma.com): charolette.jackson@baxalta.com
[1150/1252] ❌ Crystal Mo***r (biolifeplasma.com): unavailable
[1151/1252] ✅ Charolette Jackson (biolifeplasma.com): charolette.jackson@baxalta.com
[1152/1252] ❌ Craig Br***d (clinicalconsultants.org): unavailable
[1153/1252] ✅ Kristin Brogaard (inherentbio.com): kristin@inherentbio.com
[1154/1252] ❌ Crystal Mo***r (biolifeplasma.com): unavailable
[1155/1252] ✅ Charolette Jackson (biolifeplasma.com): charolette.jackson@baxalta.com
[1156/1252] ✅ Mark Orton (associatesofpathology.com): mark.orton@mountainstarhealth.com
[1157/1252] ✅ Allan Adler (aeromd.com): aadler@aeromd.com
[1158/1252] ✅ Keith Kocis (aeromd.com): kkocis@aeromd.com
[1159/1252] ✅ Byron Fisher (patientfirst.com): byron.fisher@patientfirst.com
[1160/1252] ✅ Mark Paster (patientfirst.com): mark.paster@patientfirst.com
[1161/1252] ✅ Ehab Esmail (lifenethealth.org): ehab_esmail@lifenethealth.org
[1162/1252] ✅ Steve Julian (lifenethealth.org): steve_julian@lifenethealth.org
[1163/1252] ❌ Janet Vi***o (calculilab.com): unavailable
[1164/1252] ✅ Imran Ali (locations.labcorp.com): imran.ali@covance.com
[1165/1252] ✅ Shakti Ramkissoon (locations.labcorp.com): shakti.ramkissoon@covance.com
[1166/1252] ✅ Imran Ali (locations.labcorp.com): imran.ali@covance.com
[1167/1252] ✅ Shakti Ramkissoon (locations.labcorp.com): shakti.ramkissoon@covance.com
[1168/1252] ✅ Imran Ali (locations.labcorp.com): imran.ali@covance.com
[1169/1252] ✅ Shakti Ramkissoon (locations.labcorp.com): shakti.ramkissoon@covance.com
[1170/1252] ✅ Imran Ali (labcorp.com): imran.ali@covance.com
[1171/1252] ✅ Shakti Ramkissoon (labcorp.com): shakti.ramkissoon@covance.com
[1172/1252] ✅ Imran Ali (locations.labcorp.com): imran.ali@covance.com
[1173/1252] ✅ Shakti Ramkissoon (locations.labcorp.com): shakti.ramkissoon@covance.com
[1174/1252] ✅ Jose Pineda (cslplasma.com): jose.pineda@cslplasma.com
[1175/1252] ✅ Imran Ali (locations.labcorp.com): imran.ali@covance.com
[1176/1252] ✅ Shakti Ramkissoon (locations.labcorp.com): shakti.ramkissoon@covance.com
[1177/1252] ✅ Karthik Kuppusamy (locations.questdiagnostics.com): karthikeyan.x.kuppusamy@questdiagnostics.com
[1178/1252] ✅ Karthik Kuppusamy (locations.questdiagnostics.com): karthikeyan.x.kuppusamy@questdiagnostics.com
[1179/1252] ❌ Matthew Pa***C (vmfh.org): extrapolated
[1180/1252] ❌ Bhanu Gu***a (vmfh.org): unavailable
[1181/1252] ✅ Imran Ali (locations.labcorp.com): imran.ali@covance.com
[1182/1252] ✅ Shakti Ramkissoon (locations.labcorp.com): shakti.ramkissoon@covance.com
[1183/1252] ❌ Matthew Pa***C (euc.vmfh.org): extrapolated
[1184/1252] ❌ Bhanu Gu***a (euc.vmfh.org): unavailable
[1185/1252] ✅ Brandon Peterson (incytepathology.com): bpeterson@incdx.com
[1186/1252] ✅ Brandon Peterson (incytepathology.com): bpeterson@incdx.com
[1187/1252] ✅ Brandon Peterson (incytepathology.com): bpeterson@incdx.com
[1188/1252] ✅ Brad Tuffs (sonichealthcareusa.com): brad.tuffs@propath.com
[1189/1252] ✅ Brad Tuffs (sonichealthcareusa.com): brad.tuffs@propath.com
[1190/1252] ✅ Chad Hovis (camc.org): chad.hovis@camc.org
[1191/1252] ✅ Connie Crede (camc.org): connie.crede@camc.org
[1192/1252] ✅ Eric Mantz (camc.org): eric.mantz@camc.org
[1193/1252] ✅ Jose Pineda (cslplasma.com): jose.pineda@cslplasma.com
[1194/1252] ✅ Jacob Kilgore (marshallhealth.org): jacob.kilgore@mhnetwork.org
[1195/1252] ✅ Kristen Walls (wvapplabs.com): kwalls@wvapplabs.com
[1196/1252] ✅ Brian Hajjar (telostrand.com): brian@telostrand.com
[1197/1252] ✅ Jennifer Schomburg (aurorahealthcare.org): jennifer.schomburg@aah.org
[1198/1252] ✅ Andres Gonzalez (froedtert.com): andres.gonzalez@froedtert.com
[1199/1252] ✅ Jennifer Schomburg (aurorahealthcare.org): jennifer.schomburg@aah.org
[1200/1252] ✅ Jennifer Schomburg (aurorahealthcare.org): jennifer.schomburg@aah.org
[1201/1252] ✅ Mark Huth (ghcscw.com): mhuth@ghcscw.com
[1202/1252] ✅ Matthew Swedlund (ghcscw.com): mswedlund@ghcscw.com
[1203/1252] ✅ Molly Vandervest (bellin.org): molly.vandervest@bellin.org
[1204/1252] ✅ Daniel Koster (bellin.org): daniel.koster@bellin.org
[1205/1252] ✅ Jennifer Schomburg (aurorahealthcare.org): jennifer.schomburg@aah.org
[1206/1252] ✅ Jose Pineda (cslplasma.com): jose.pineda@cslplasma.com
[1207/1252] ❌ Crystal Mo***r (biolifeplasma.com): unavailable
[1208/1252] ✅ Charolette Jackson (biolifeplasma.com): charolette.jackson@baxalta.com
[1209/1252] ✅ Andres Gonzalez (froedtert.com): andres.gonzalez@froedtert.com
[1210/1252] ✅ Jennifer Schomburg (aurorahealthcare.org): jennifer.schomburg@aah.org
[1211/1252] ❌ Crystal Mo***r (biolifeplasma.com): unavailable
[1212/1252] ✅ Charolette Jackson (biolifeplasma.com): charolette.jackson@baxalta.com
[1213/1252] ❌ Konstance Kn***x (coppelabs.com): unavailable
[1214/1252] ❌ Crystal Mo***r (biolifeplasma.com): unavailable
[1215/1252] ✅ Charolette Jackson (biolifeplasma.com): charolette.jackson@baxalta.com
[1216/1252] ❌ Crystal Mo***r (biolifeplasma.com): unavailable
[1217/1252] ✅ Charolette Jackson (biolifeplasma.com): charolette.jackson@baxalta.com
[1218/1252] ❌ Crystal Mo***r (biolifeplasma.com): unavailable
[1219/1252] ✅ Charolette Jackson (biolifeplasma.com): charolette.jackson@baxalta.com
[1220/1252] ❌ Crystal Mo***r (biolifeplasma.com): unavailable
[1221/1252] ✅ Charolette Jackson (biolifeplasma.com): charolette.jackson@baxalta.com
[1222/1252] ✅ Jennifer Schomburg (aurorahealthcare.org): jennifer.schomburg@aah.org
[1223/1252] ❌ Crystal Mo***r (biolifeplasma.com): unavailable
[1224/1252] ✅ Charolette Jackson (biolifeplasma.com): charolette.jackson@baxalta.com
[1225/1252] ✅ Keith Bakken (uwlax.edu): keith_bakken@uwlax.edu
[1226/1252] ✅ Jennifer Schomburg (aurorahealthcare.org): jennifer.schomburg@aah.org
[1227/1252] ❌ Crystal Mo***r (biolifeplasma.com): unavailable
[1228/1252] ✅ Charolette Jackson (biolifeplasma.com): charolette.jackson@baxalta.com
[1229/1252] ❌ Crystal Mo***r (biolifeplasma.com): unavailable
[1230/1252] ✅ Charolette Jackson (biolifeplasma.com): charolette.jackson@baxalta.com
[1231/1252] ✅ Andres Gonzalez (froedtert.com): andres.gonzalez@froedtert.com
[1232/1252] ✅ Jose Pineda (cslplasma.com): jose.pineda@cslplasma.com
[1233/1252] ❌ Crystal Mo***r (biolifeplasma.com): unavailable
[1234/1252] ✅ Charolette Jackson (biolifeplasma.com): charolette.jackson@baxalta.com
[1235/1252] ✅ Andres Gonzalez (froedtert.com): andres.gonzalez@froedtert.com
[1236/1252] ✅ Andres Gonzalez (froedtert.com): andres.gonzalez@froedtert.com
[1237/1252] ✅ Andres Gonzalez (froedtert.com): andres.gonzalez@froedtert.com
[1238/1252] ✅ Karthik Kuppusamy (locations.questdiagnostics.com): karthikeyan.x.kuppusamy@questdiagnostics.com
[1239/1252] ✅ Jose Pineda (cslplasma.com): jose.pineda@cslplasma.com
[1240/1252] ❌ Ogden Dr***l (health.wyo.gov): unavailable
[1241/1252] ❌ Kandasamy Um***y (dhawy.com): unavailable
[1242/1252] ❌ Jeff Ka***s (dhawy.com): unavailable
[1243/1252] ✅ Garan Ito (dlslab.com): gito@dlslab.com
[1244/1252] ✅ Wesley Kim (dlslab.com): wkim@dlslab.com
[1245/1252] ✅ Garan Ito (dlslab.com): gito@dlslab.com
[1246/1252] ✅ Wesley Kim (dlslab.com): wkim@dlslab.com
[1247/1252] ✅ Garan Ito (dlslab.com): gito@dlslab.com
[1248/1252] ✅ Wesley Kim (dlslab.com): wkim@dlslab.com
[1249/1252] ❌ Kevin Pa***t (nutripath.com.au): unavailable
[1250/1252] ✅ Andrew Cavaggion (nutripath.com.au): andrew@nutripath.com.au
[1251/1252] ✅ Penny Latham (evetechnologies.com): latham@evetechnologies.com
[1252/1252] ✅ Ohad Sharon (spotitearly.com): ohad@spotitearly.com

✅ Done.
   Revealed:  1033 (82.5%)
   No match:  219
   Credits:   1033 ($1.033)
