📋 Apollo verified emails to re-verify: 1033
💾 Output: verify_full.csv
💳 Max cost: ~$10.33

[1/1033] ✅ imran.ali@covance.com (Other)
[2/1033] ✅ shakti.ramkissoon@covance.com (Other)
[3/1033] ✅ rhoward@uab.edu (Microsoft)
[4/1033] ❌ gregory.dodd@adph.state.al.us verified=False (Other)
[5/1033] ✅ imran.ali@covance.com (Other)
[6/1033] ✅ shakti.ramkissoon@covance.com (Other)
[7/1033] ❌ gregory.dodd@adph.state.al.us verified=False (Other)
[8/1033] ✅ rhoward@uab.edu (Microsoft)
[9/1033] ✅ ptheriot@bgapc.com (Microsoft)
[10/1033] ✅ imran.ali@covance.com (Other)
[11/1033] ✅ shakti.ramkissoon@covance.com (Other)
[12/1033] ✅ jose.pineda@cslplasma.com (Other)
[13/1033] ✅ imran.ali@covance.com (Other)
[14/1033] ✅ shakti.ramkissoon@covance.com (Other)
[15/1033] ✅ nhopper@southeastlabs.com (Microsoft)
[16/1033] ✅ egooco@madisoncorelabs.com (Microsoft)
[17/1033] ✅ imran.ali@covance.com (Other)
[18/1033] ✅ shakti.ramkissoon@covance.com (Other)
[19/1033] ✅ charolette.jackson@baxalta.com (Other)
[20/1033] ✅ jose.pineda@cslplasma.com (Other)
[21/1033] ✅ oaltun@health.southalabama.edu (Microsoft)
[22/1033] ✅ ironman@cerflux.com (Microsoft)
[23/1033] ✅ imran.ali@covance.com (Other)
[24/1033] ✅ shakti.ramkissoon@covance.com (Other)
[25/1033] ✅ karthikeyan.x.kuppusamy@questdiagnostics.com (Other)
[26/1033] ✅ karthikeyan.x.kuppusamy@questdiagnostics.com (Other)
[27/1033] ✅ bill.chaplin@lifemedalaska.com (Microsoft)
[28/1033] ✅ jason.johnson@gmr.net (Other)
[29/1033] ✅ kkotlan-jones@cellnetix.com (Microsoft)
[30/1033] ✅ jmolnar@cellnetix.com (Microsoft)
[31/1033] ✅ imran.ali@covance.com (Other)
[32/1033] ✅ shakti.ramkissoon@covance.com (Other)
[33/1033] ❌ mohammedhassan@arizona.edu verified=False (Other)
[34/1033] ✅ travis.dean@pima.gov (Microsoft)
[35/1033] ✅ jose.pineda@cslplasma.com (Other)
[36/1033] ✅ jcangelosi@sagisdx.com (Other)
[37/1033] ✅ ajohns@virtualscientific.net (Other)
[38/1033] ✅ jleanos@affderm.com (Microsoft)
[39/1033] ✅ jleanos@affderm.com (Microsoft)
[40/1033] ❌ mohammedhassan@arizona.edu verified=False (Other)
[41/1033] ❌ malbanesi@ameripath.com verified=False (Other)
[42/1033] ❌ aradhakrishnan@ameripath.com verified=False (Other)
[43/1033] ✅ mlott@azgastrohealth.com (Google)
[44/1033] ❌ malbanesi@ameripath.com verified=False (Other)
[45/1033] ❌ aradhakrishnan@ameripath.com verified=False (Other)
[46/1033] ✅ kparker@cndlifesciences.com (Microsoft)
[47/1033] ✅ imran.ali@covance.com (Other)
[48/1033] ✅ shakti.ramkissoon@covance.com (Other)
[49/1033] ✅ david.argueta@mercy.net (Other)
[50/1033] ✅ randy.bosch@unity-health.org (Microsoft)
[51/1033] ✅ namato@baxterregional.org (Other)
[52/1033] ✅ jgevans@ael.com (Other)
[53/1033] ✅ david.argueta@mercy.net (Other)
[54/1033] ✅ karthikeyan.x.kuppusamy@questdiagnostics.com (Other)
[55/1033] ✅ karthikeyan.x.kuppusamy@questdiagnostics.com (Other)
[56/1033] ✅ sbhasin@carecredit.com (Other)
[57/1033] ❌ dbercher@uams.edu verified=False (Other)
[58/1033] ✅ imran.ali@covance.com (Other)
[59/1033] ✅ shakti.ramkissoon@covance.com (Other)
[60/1033] ✅ khadijah.davis@ppfa.org (Other)
[61/1033] ✅ aaron.warren2@cdcr.ca.gov (Microsoft)
[62/1033] ❌ aarron.corvalis@eurekaca.gov verified=False (Other)
[63/1033] ❌ daniellam@psychemedics.com verified=False (Other)
[64/1033] ✅ aboyamyan@foundationlaboratory.com (Microsoft)
[65/1033] ✅ aaron.warren2@cdcr.ca.gov (Microsoft)
[66/1033] ❌ aarron.corvalis@eurekaca.gov verified=False (Other)
[67/1033] ✅ sliu@igenex.com (Microsoft)
[68/1033] ✅ karthikeyan.x.kuppusamy@questdiagnostics.com (Other)
[69/1033] ✅ paulomi.shah@sonoma-county.org (Other)
[70/1033] ❌ kmclennan@ucdavis.edu verified=False (Microsoft)
[71/1033] ✅ karthikeyan.x.kuppusamy@questdiagnostics.com (Other)
[72/1033] ✅ mike.pettit@ventura.org (Microsoft)
[73/1033] ✅ karthikeyan.x.kuppusamy@questdiagnostics.com (Other)
[74/1033] ✅ nparmelee@countyofsb.org (Other)
[75/1033] ✅ gavin@mercuryevent.com (Microsoft)
[76/1033] ✅ aaron.warren2@cdcr.ca.gov (Microsoft)
[77/1033] ❌ aarron.corvalis@eurekaca.gov verified=False (Other)
[78/1033] ✅ karthikeyan.x.kuppusamy@questdiagnostics.com (Other)
[79/1033] ❌ michael.telegan@maderacounty.com verified=False (Other)
[80/1033] ✅ andrea.martinez@maderacounty.com (Other)
[81/1033] ✅ ashieu@smcgov.org (Other)
[82/1033] ❌ bruce.douglas@calpath.com verified=False (Microsoft)
[83/1033] ✅ aaron.warren2@cdcr.ca.gov (Microsoft)
[84/1033] ❌ aarron.corvalis@eurekaca.gov verified=False (Other)
[85/1033] ✅ aaron.warren2@cdcr.ca.gov (Microsoft)
[86/1033] ❌ aarron.corvalis@eurekaca.gov verified=False (Other)
[87/1033] ✅ scott.evans@sharp.com (Other)
[88/1033] ✅ elisa.romero@sharp.com (Other)
[89/1033] ❌ philip@vitadox.com verified=False (Microsoft)
[90/1033] ✅ shrutyp@corelabandxray.com (Google)
[91/1033] ✅ tali.regev@sinailabs.com (Microsoft)
[92/1033] ✅ daniele@solvhealth.com (Google)
[93/1033] ✅ scott.evans@sharp.com (Other)
[94/1033] ✅ elisa.romero@sharp.com (Other)
[95/1033] ✅ sonia.solin@havingbabies.com (Other)
[96/1033] ❌ feinmanivf@havingbabies.com verified=False (Other)
[97/1033] ✅ scott.evans@sharp.com (Other)
[98/1033] ✅ elisa.romero@sharp.com (Other)
[99/1033] ✅ shf@scrippshealth.org (Other)
[100/1033] ✅ nayak.keshav@scrippshealth.org (Other)
[101/1033] ✅ ejurka@peninsulapathologists.com (Google)
[102/1033] ✅ yigit@cleat.ai (Google)
[103/1033] ❌ philip@vitadox.com verified=False (Microsoft)
[104/1033] ✅ khadijah.davis@ppfa.org (Other)
[105/1033] ✅ khadijah.davis@ppfa.org (Other)
[106/1033] ✅ bhervey@uci.edu (Other)
[107/1033] ✅ xiaofl12@uci.edu (Other)
[108/1033] ✅ rblum@omnipathology.com (Other)
[109/1033] ✅ mdipano@nanostring.com (Microsoft)
[110/1033] ✅ imran.ali@covance.com (Other)
[111/1033] ✅ shakti.ramkissoon@covance.com (Other)
[112/1033] ✅ jspisso@mednet.ucla.edu (Other)
[113/1033] ✅ drseify@newportplastic.com (Google)
[114/1033] ✅ christen.diel@deltapathology.com (Other)
[115/1033] ❌ bruce.douglas@calpath.com verified=False (Microsoft)
[116/1033] ✅ sonia.solin@havingbabies.com (Other)
[117/1033] ❌ feinmanivf@havingbabies.com verified=False (Other)
[118/1033] ✅ scott.evans@sharp.com (Other)
[119/1033] ✅ elisa.romero@sharp.com (Other)
[120/1033] ✅ brs@sdfamilyderm.com (Google)
[121/1033] ✅ sonia.solin@havingbabies.com (Other)
[122/1033] ❌ feinmanivf@havingbabies.com verified=False (Other)
[123/1033] ✅ jimmy@orangecountylabs.com (Other)
[124/1033] ✅ maguirre4@memorialcare.org (Other)
[125/1033] ✅ jim.boyle@hoag.org (Other)
[126/1033] ❌ susan.nasab@hoag.org verified=False (Other)
[127/1033] ✅ lab@bachdx.com (Microsoft)
[128/1033] ✅ grizz@helixbayarea.com (Google)
[129/1033] ✅ aaron.warren2@cdcr.ca.gov (Microsoft)
[130/1033] ❌ aarron.corvalis@eurekaca.gov verified=False (Other)
[131/1033] ✅ jowen@genomictestingcooperative.com (Other)
[132/1033] ❌ acharifa@genomictestingcooperative.com verified=False (Other)
[133/1033] ✅ scott.evans@sharp.com (Other)
[134/1033] ✅ elisa.romero@sharp.com (Other)
[135/1033] ✅ brandon.sim@astranahealth.com (Other)
[136/1033] ✅ kevin@visualvisitor.com (Google)
[137/1033] ✅ cwasson@carisls.com (Other)
[138/1033] ✅ scott.evans@sharp.com (Other)
[139/1033] ✅ elisa.romero@sharp.com (Other)
[140/1033] ✅ jose.pineda@cslplasma.com (Other)
[141/1033] ❌ philip@vitadox.com verified=False (Microsoft)
[142/1033] ✅ cwasson@carisls.com (Other)
[143/1033] ✅ charolette.jackson@baxalta.com (Other)
[144/1033] ✅ charolette.jackson@baxalta.com (Other)
[145/1033] ✅ charolette.jackson@baxalta.com (Other)
[146/1033] ✅ charolette.jackson@baxalta.com (Other)
[147/1033] ✅ charolette.jackson@baxalta.com (Other)
[148/1033] ✅ charolette.jackson@baxalta.com (Other)
[149/1033] ✅ travis.adams@neogenomics.com (Other)
[150/1033] ✅ motti.edelstein@sutterhealth.org (Microsoft)
[151/1033] ✅ inga@doctor2me.com (Google)
[152/1033] ✅ czerwas@fulgentgenetics.com (Microsoft)
[153/1033] ✅ hgao@fulgentgenetics.com (Microsoft)
[154/1033] ✅ yener.a.balan@kp.org (Other)
[155/1033] ✅ kvelaga@kaiserpermanente.org (Other)
[156/1033] ✅ jordan@thrivelab.com (Google)
[157/1033] ✅ mlee@prolacta.com (Other)
[158/1033] ✅ rachel.groggel@informdx.com (Microsoft)
[159/1033] ✅ belinda.echartea@informdx.com (Microsoft)
[160/1033] ✅ arash.radfar@informdx.com (Microsoft)
[161/1033] ✅ rachel.groggel@informdx.com (Microsoft)
[162/1033] ✅ belinda.echartea@informdx.com (Microsoft)
[163/1033] ✅ arash.radfar@informdx.com (Microsoft)
[164/1033] ❌ xj.moses@state.co.us verified=False (Other)
[165/1033] ✅ jose.pineda@cslplasma.com (Other)
[166/1033] ✅ charolette.jackson@baxalta.com (Other)
[167/1033] ✅ jose.pineda@cslplasma.com (Other)
[168/1033] ✅ jackie.schierenberg@commonspirit.org (Other)
[169/1033] ✅ charolette.jackson@baxalta.com (Other)
[170/1033] ✅ jackie.schierenberg@commonspirit.org (Other)
[171/1033] ✅ jerry@rockymountainlabs.com (Other)
[172/1033] ✅ jose.pineda@cslplasma.com (Other)
[173/1033] ✅ imran.ali@covance.com (Other)
[174/1033] ✅ shakti.ramkissoon@covance.com (Other)
[175/1033] ✅ charolette.jackson@baxalta.com (Other)
[176/1033] ✅ karthikeyan.x.kuppusamy@questdiagnostics.com (Other)
[177/1033] ✅ karthikeyan.x.kuppusamy@questdiagnostics.com (Other)
[178/1033] ✅ karthikeyan.x.kuppusamy@questdiagnostics.com (Other)
[179/1033] ✅ justin.hickey@ct.gov (Other)
[180/1033] ❌ dana.marnane@greenwichhospital.org verified=False (Other)
[181/1033] ❌ antonio.perugino@trinityhealthofne.org verified=False (Other)
[182/1033] ✅ karthikeyan.x.kuppusamy@questdiagnostics.com (Other)
[183/1033] ✅ karthikeyan.x.kuppusamy@questdiagnostics.com (Other)
[184/1033] ✅ lidia.fonseca@pfizer.com (Other)
[185/1033] ✅ amy.hanson@pfizer.com (Other)
[186/1033] ✅ karthikeyan.x.kuppusamy@questdiagnostics.com (Other)
[187/1033] ❌ guido.pollevick@accureference.com verified=False (Other)
[188/1033] ❌ julian.espasas@accureference.com verified=False (Other)
[189/1033] ✅ jshlomo@connecticutgi.org (Other)
[190/1033] ✅ karthikeyan.x.kuppusamy@questdiagnostics.com (Other)
[191/1033] ✅ karthikeyan.x.kuppusamy@questdiagnostics.com (Other)
[192/1033] ✅ karthikeyan.x.kuppusamy@questdiagnostics.com (Other)
[193/1033] ✅ karthikeyan.x.kuppusamy@questdiagnostics.com (Other)
[194/1033] ✅ karthikeyan.x.kuppusamy@questdiagnostics.com (Other)
[195/1033] ✅ karthikeyan.x.kuppusamy@questdiagnostics.com (Other)
[196/1033] ✅ karthikeyan.x.kuppusamy@questdiagnostics.com (Other)
[197/1033] ✅ shannon.orgel@yale.edu (Microsoft)
[198/1033] ❌ rosalyn.andrews@yale.edu verified=False (Microsoft)
[199/1033] ✅ karthikeyan.x.kuppusamy@questdiagnostics.com (Other)
[200/1033] ✅ karthikeyan.x.kuppusamy@questdiagnostics.com (Other)
[201/1033] ✅ karthikeyan.x.kuppusamy@questdiagnostics.com (Other)
[202/1033] ✅ imran.ali@covance.com (Other)
[203/1033] ✅ shakti.ramkissoon@covance.com (Other)
[204/1033] ✅ imran.ali@covance.com (Other)
[205/1033] ✅ shakti.ramkissoon@covance.com (Other)
[206/1033] ✅ imran.ali@covance.com (Other)
[207/1033] ✅ shakti.ramkissoon@covance.com (Other)
[208/1033] ✅ karthikeyan.x.kuppusamy@questdiagnostics.com (Other)
[209/1033] ✅ karthikeyan.x.kuppusamy@questdiagnostics.com (Other)
[210/1033] ✅ karthikeyan.x.kuppusamy@questdiagnostics.com (Other)
[211/1033] ✅ karthikeyan.x.kuppusamy@questdiagnostics.com (Other)
[212/1033] ✅ imran.ali@covance.com (Other)
[213/1033] ✅ shakti.ramkissoon@covance.com (Other)
[214/1033] ✅ imran.ali@covance.com (Other)
[215/1033] ✅ shakti.ramkissoon@covance.com (Other)
[216/1033] ✅ imran.ali@covance.com (Other)
[217/1033] ✅ shakti.ramkissoon@covance.com (Other)
[218/1033] ✅ imran.ali@covance.com (Other)
[219/1033] ✅ shakti.ramkissoon@covance.com (Other)
[220/1033] ✅ david.coker@delaware.gov (Microsoft)
[221/1033] ✅ julie.willey@delaware.gov (Microsoft)
[222/1033] ✅ gabrielle.pastore@qps.com (Other)
[223/1033] ✅ jennifer@sunwisederm.com (Google)
[224/1033] ✅ jose.pineda@cslplasma.com (Other)
❌ [Errno 54] Connection reset by peer
[225/1033] ❌ shankara@rsmdiagnosticslab.com verified=None (error)
[226/1033] ✅ nrodic@epiarx.com (Microsoft)
[227/1033] ✅ hemandu.malhotra@flhealth.gov (Other)
[228/1033] ✅ michael.wydotis@flhealth.gov (Other)
[229/1033] ✅ rdeutsch@cellsciencesystems.com (Other)
[230/1033] ✅ glarranaga@cellsciencesystems.com (Other)
[231/1033] ✅ hemandu.malhotra@flhealth.gov (Other)
[232/1033] ✅ michael.wydotis@flhealth.gov (Other)
[233/1033] ✅ hemandu.malhotra@flhealth.gov (Other)
[234/1033] ✅ michael.wydotis@flhealth.gov (Other)
[235/1033] ✅ hemandu.malhotra@flhealth.gov (Other)
[236/1033] ✅ michael.wydotis@flhealth.gov (Other)
[237/1033] ✅ charolette.jackson@baxalta.com (Other)
[238/1033] ✅ hemandu.malhotra@flhealth.gov (Other)
[239/1033] ✅ michael.wydotis@flhealth.gov (Other)
[240/1033] ❌ g.brenner@miami.edu verified=False (Other)
❌ [Errno 54] Connection reset by peer
[241/1033] ❌ jose.pineda@cslplasma.com verified=None (error)
[242/1033] ✅ khadijah.davis@ppfa.org (Other)
[243/1033] ❌ malbanesi@ameripath.com verified=False (Other)
[244/1033] ❌ aradhakrishnan@ameripath.com verified=False (Other)
[245/1033] ❌ malbanesi@ameripath.com verified=False (Other)
[246/1033] ❌ aradhakrishnan@ameripath.com verified=False (Other)
[247/1033] ✅ foundation@leehealth.org (Other)
[248/1033] ✅ george.mandybur@leehealth.org (Other)
❌ [Errno 54] Connection reset by peer
[249/1033] ❌ jose.pineda@cslplasma.com verified=None (error)
[250/1033] ✅ jose.pineda@cslplasma.com (Other)
[251/1033] ✅ travis.adams@neogenomics.com (Other)
[252/1033] ❌ alisonmincey@miami.edu verified=False (Other)
[253/1033] ✅ jose.pineda@cslplasma.com (Other)
[254/1033] ✅ jose.pineda@cslplasma.com (Other)
[255/1033] ✅ sigrid@nilogen.com (Microsoft)
[256/1033] ✅ egon@nilogen.com (Microsoft)
[257/1033] ✅ jose.pineda@cslplasma.com (Other)
[258/1033] ✅ jose.pineda@cslplasma.com (Other)
[259/1033] ✅ sean@ohmlabs.ai (Google)
[260/1033] ❌ g.brenner@miami.edu verified=False (Other)
[261/1033] ✅ charolette.jackson@baxalta.com (Other)
[262/1033] ✅ jose.pineda@cslplasma.com (Other)
[263/1033] ✅ jose.pineda@cslplasma.com (Other)
[264/1033] ✅ aa@aidshealth.org (Other)
[265/1033] ✅ julius.kamwesiga@aidshealth.org (Other)
[266/1033] ✅ travis.adams@neogenomics.com (Other)
[267/1033] ✅ jose.pineda@cslplasma.com (Other)
[268/1033] ✅ jose.pineda@cslplasma.com (Other)
[269/1033] ✅ jose.pineda@cslplasma.com (Other)
[270/1033] ✅ jose.pineda@cslplasma.com (Other)
[271/1033] ✅ charolette.jackson@baxalta.com (Other)
[272/1033] ✅ jedd.roe@jax.ufl.edu (Other)
[273/1033] ✅ foundation@leehealth.org (Other)
[274/1033] ✅ george.mandybur@leehealth.org (Other)
[275/1033] ✅ jose.pineda@cslplasma.com (Other)
[276/1033] ❌ alisonmincey@miami.edu verified=False (Other)
[277/1033] ✅ jose.pineda@cslplasma.com (Other)
[278/1033] ✅ sbhasin@carecredit.com (Other)
[279/1033] ✅ alexander.herbst@onspotdermatology.com (Google)
[280/1033] ✅ griswold.heather@mayo.edu (Other)
[281/1033] ✅ makhni.sonya@mayo.edu (Other)
[282/1033] ✅ jeff@rtrl.us (Google)
[283/1033] ✅ jose.pineda@cslplasma.com (Other)
[284/1033] ✅ charolette.jackson@baxalta.com (Other)
[285/1033] ❌ malbanesi@ameripath.com verified=False (Other)
[286/1033] ❌ aradhakrishnan@ameripath.com verified=False (Other)
[287/1033] ✅ foundation@leehealth.org (Other)
[288/1033] ✅ george.mandybur@leehealth.org (Other)
[289/1033] ✅ joe@mymedexlab.com (Other)
[290/1033] ❌ alisonmincey@miami.edu verified=False (Other)
[291/1033] ✅ jan.witowski@ataraxis.ai (Google)
[292/1033] ✅ andrew@deaconinvestments.ca (Microsoft)
[293/1033] ✅ khadijah.davis@ppfa.org (Other)
[294/1033] ✅ jimmy.desantis@gdc.ga.gov (Other)
[295/1033] ✅ jimmy.desantis@gdc.ga.gov (Other)
[296/1033] ✅ jimmy.desantis@gdc.ga.gov (Other)
[297/1033] ✅ jimmy.desantis@gdc.ga.gov (Other)
[298/1033] ✅ danand@skinpathsolutions.com (Other)
[299/1033] ✅ sstark@sghs.org (Other)
[300/1033] ✅ pamodeo@sghs.org (Other)
[301/1033] ✅ jose.pineda@cslplasma.com (Other)
[302/1033] ✅ jose.pineda@cslplasma.com (Other)
[303/1033] ✅ jose.pineda@cslplasma.com (Other)
[304/1033] ✅ tony.hoffman@diagnosticsolutionslab.com (Microsoft)
[305/1033] ✅ charolette.jackson@baxalta.com (Other)
[306/1033] ✅ charolette.jackson@baxalta.com (Other)
[307/1033] ✅ andrewbuschow@eurofinsus.com (Microsoft)
[308/1033] ✅ imran.ali@covance.com (Other)
[309/1033] ✅ shakti.ramkissoon@covance.com (Other)
[310/1033] ✅ charolette.jackson@baxalta.com (Other)
[311/1033] ✅ charolette.jackson@baxalta.com (Other)
[312/1033] ✅ jose.pineda@cslplasma.com (Other)
[313/1033] ❌ malbanesi@ameripath.com verified=False (Other)
[314/1033] ❌ aradhakrishnan@ameripath.com verified=False (Other)
[315/1033] ✅ yener.a.balan@kp.org (Other)
[316/1033] ✅ kvelaga@kaiserpermanente.org (Other)
❌ [Errno 54] Connection reset by peer
[317/1033] ❌ daniel.hall@hawaiilabs.com verified=None (error)
[318/1033] ✅ frederick.jacobs@hawaiilabs.com (Other)
[319/1033] ✅ gito@dlslab.com (Microsoft)
[320/1033] ✅ wkim@dlslab.com (Microsoft)
[321/1033] ✅ daniel.hall@hawaiilabs.com (Other)
[322/1033] ✅ frederick.jacobs@hawaiilabs.com (Other)
[323/1033] ✅ daniel.hall@hawaiilabs.com (Other)
[324/1033] ✅ frederick.jacobs@hawaiilabs.com (Other)
[325/1033] ✅ daniel.hall@hawaiilabs.com (Other)
[326/1033] ✅ frederick.jacobs@hawaiilabs.com (Other)
[327/1033] ✅ yener.a.balan@kp.org (Other)
[328/1033] ✅ kvelaga@kaiserpermanente.org (Other)
[329/1033] ✅ yener.a.balan@kp.org (Other)
[330/1033] ✅ kvelaga@kaiserpermanente.org (Other)
[331/1033] ✅ yener.a.balan@kp.org (Other)
[332/1033] ✅ kvelaga@kaiserpermanente.org (Other)
[333/1033] ✅ gito@dlslab.com (Microsoft)
[334/1033] ✅ wkim@dlslab.com (Microsoft)
[335/1033] ✅ daniel.hall@hawaiilabs.com (Other)
[336/1033] ✅ frederick.jacobs@hawaiilabs.com (Other)
[337/1033] ✅ bjeffries@cityofboise.org (Microsoft)
[338/1033] ❌ bpeterson@incdx.com verified=False (Other)
[339/1033] ✅ charolette.jackson@baxalta.com (Other)
[340/1033] ✅ stegere@slhs.org (Other)
[341/1033] ✅ robisona@slhs.org (Other)
[342/1033] ❌ bpeterson@incdx.com verified=False (Other)
[343/1033] ✅ chudson@hematologics.com (Other)
[344/1033] ✅ jose.pineda@cslplasma.com (Other)
[345/1033] ✅ imran.ali@covance.com (Other)
[346/1033] ✅ shakti.ramkissoon@covance.com (Other)
[347/1033] ✅ stegere@slhs.org (Other)
[348/1033] ✅ robisona@slhs.org (Other)
[349/1033] ✅ jose.pineda@cslplasma.com (Other)
[350/1033] ✅ john@medstarlab.com (Google)
[351/1033] ✅ christopher@medassay.com (Other)
[352/1033] ✅ jose.pineda@cslplasma.com (Other)
[353/1033] ✅ imran.ali@covance.com (Other)
[354/1033] ✅ shakti.ramkissoon@covance.com (Other)
[355/1033] ✅ dandre.carpenter@advocatehealth.com (Other)
[356/1033] ✅ dean.karahalios@advocatehealth.com (Other)
[357/1033] ✅ karthikeyan.x.kuppusamy@questdiagnostics.com (Other)
[358/1033] ✅ dfleisner@spiriplex.com (Microsoft)
[359/1033] ✅ jose.pineda@cslplasma.com (Other)
[360/1033] ✅ walterburns@sourcemp.com (Other)
[361/1033] ✅ jose.pineda@cslplasma.com (Other)
[362/1033] ✅ charolette.jackson@baxalta.com (Other)
[363/1033] ✅ jose.pineda@cslplasma.com (Other)
[364/1033] ✅ shannon.lawton@kindbody.com (Google)
[365/1033] ✅ haley.kluegel@kindbody.com (Google)
[366/1033] ✅ charolette.jackson@baxalta.com (Other)
[367/1033] ✅ charolette.jackson@baxalta.com (Other)
[368/1033] ✅ charolette.jackson@baxalta.com (Other)
[369/1033] ✅ charolette.jackson@baxalta.com (Other)
[370/1033] ✅ charolette.jackson@baxalta.com (Other)
[371/1033] ✅ travis.adams@neogenomics.com (Other)
[372/1033] ✅ charolette.jackson@baxalta.com (Other)
[373/1033] ✅ pw@cytopath.cc (Google)
[374/1033] ✅ imran.ali@covance.com (Other)
[375/1033] ✅ shakti.ramkissoon@covance.com (Other)
[376/1033] ✅ kim@sbmf.org (Microsoft)
[377/1033] ✅ charolette.jackson@baxalta.com (Other)
[378/1033] ✅ charolette.jackson@baxalta.com (Other)
[379/1033] ❌ velia@marionhealth.org verified=False (Other)
[380/1033] ✅ kholly@marionhealth.org (Other)
[381/1033] ✅ jose.pineda@cslplasma.com (Other)
[382/1033] ✅ daniele@solvhealth.com (Google)
[383/1033] ✅ charolette.jackson@baxalta.com (Other)
[384/1033] ✅ charolette.jackson@baxalta.com (Other)
[385/1033] ✅ charolette.jackson@baxalta.com (Other)
[386/1033] ✅ imran.ali@covance.com (Other)
[387/1033] ✅ shakti.ramkissoon@covance.com (Other)
[388/1033] ✅ jose.pineda@cslplasma.com (Other)
[389/1033] ✅ charolette.jackson@baxalta.com (Other)
[390/1033] ✅ jose.pineda@cslplasma.com (Other)
[391/1033] ✅ kim@sbmf.org (Microsoft)
[392/1033] ✅ imran.ali@covance.com (Other)
[393/1033] ✅ shakti.ramkissoon@covance.com (Other)
[394/1033] ✅ caebersold@solarisdx.com (Other)
[395/1033] ✅ skoirala@solarisdx.com (Other)
[396/1033] ✅ botine@mgmc.com (Microsoft)
[397/1033] ✅ imran.ali@covance.com (Other)
[398/1033] ✅ shakti.ramkissoon@covance.com (Other)
[399/1033] ✅ sarah-hansen@uiowa.edu (Microsoft)
[400/1033] ✅ nungs@uiowa.edu (Microsoft)
[401/1033] ✅ sarah-hansen@uiowa.edu (Microsoft)
[402/1033] ✅ nungs@uiowa.edu (Microsoft)
[403/1033] ✅ charolette.jackson@baxalta.com (Other)
[404/1033] ✅ charolette.jackson@baxalta.com (Other)
[405/1033] ✅ charolette.jackson@baxalta.com (Other)
[406/1033] ✅ imran.ali@covance.com (Other)
[407/1033] ✅ shakti.ramkissoon@covance.com (Other)
[408/1033] ✅ charolette.jackson@baxalta.com (Other)
[409/1033] ✅ michael.dowd@element.com (Other)
[410/1033] ✅ charolette.jackson@baxalta.com (Other)
[411/1033] ✅ charolette.jackson@baxalta.com (Other)
[412/1033] ✅ charolette.jackson@baxalta.com (Other)
[413/1033] ✅ charolette.jackson@baxalta.com (Other)
[414/1033] ✅ john.fagan@hrilabs.org (Google)
[415/1033] ✅ alan@jocoauto.com (Google)
[416/1033] ✅ jose.leon@jocogov.org (Microsoft)
[417/1033] ✅ imran.ali@covance.com (Other)
[418/1033] ✅ shakti.ramkissoon@covance.com (Other)
❌ [Errno 54] Connection reset by peer
[419/1033] ❌ imran.ali@covance.com verified=None (error)
[420/1033] ✅ shakti.ramkissoon@covance.com (Other)
[421/1033] ✅ imran.ali@covance.com (Other)
[422/1033] ✅ shakti.ramkissoon@covance.com (Other)
[423/1033] ✅ imran.ali@covance.com (Other)
[424/1033] ✅ shakti.ramkissoon@covance.com (Other)
[425/1033] ✅ imran.ali@covance.com (Other)
[426/1033] ✅ shakti.ramkissoon@covance.com (Other)
[427/1033] ✅ imran.ali@covance.com (Other)
[428/1033] ✅ shakti.ramkissoon@covance.com (Other)
[429/1033] ✅ imran.ali@covance.com (Other)
[430/1033] ✅ shakti.ramkissoon@covance.com (Other)
[431/1033] ✅ imran.ali@covance.com (Other)
[432/1033] ✅ shakti.ramkissoon@covance.com (Other)
[433/1033] ✅ neal.daugherty@mawdpathology.com (Other)
[434/1033] ✅ egawith@kcbariatric.com (Microsoft)
[435/1033] ✅ imran.ali@covance.com (Other)
[436/1033] ✅ shakti.ramkissoon@covance.com (Other)
[437/1033] ✅ lauren.day@hmhco.com (Other)
[438/1033] ✅ janet@wkrbc.org (Google)
[439/1033] ✅ patrick.ivey@louisville.edu (Microsoft)
[440/1033] ❌ holliephillips@arh.org verified=False (Other)
[441/1033] ✅ jreader@russellcohospital.org (Other)
[442/1033] ✅ imran.ali@covance.com (Other)
[443/1033] ✅ shakti.ramkissoon@covance.com (Other)
[444/1033] ✅ reckartc@ggclinic.com (Microsoft)
[445/1033] ✅ rachel.groggel@informdx.com (Microsoft)
[446/1033] ✅ belinda.echartea@informdx.com (Microsoft)
[447/1033] ✅ arash.radfar@informdx.com (Microsoft)
❌ timed out
[448/1033] ❌ jim.henderson@latech.edu verified=None (error)
[449/1033] ✅ christen.diel@deltapathology.com (Other)
[450/1033] ✅ christen.diel@deltapathology.com (Other)
[451/1033] ✅ christen.diel@deltapathology.com (Other)
[452/1033] ✅ christen.diel@deltapathology.com (Other)
[453/1033] ✅ danand@skinpathsolutions.com (Other)
[454/1033] ✅ kmeyers@batonrougeclinic.com (Other)
[455/1033] ✅ christen.diel@deltapathology.com (Other)
[456/1033] ✅ imran.ali@covance.com (Other)
[457/1033] ✅ shakti.ramkissoon@covance.com (Other)
[458/1033] ✅ imran.ali@covance.com (Other)
[459/1033] ✅ shakti.ramkissoon@covance.com (Other)
[460/1033] ✅ dmack@marybird.com (Other)
[461/1033] ✅ kkovtun@marybird.com (Other)
[462/1033] ✅ christen.diel@deltapathology.com (Other)
[463/1033] ✅ sstremming@admabio.com (Microsoft)
[464/1033] ✅ christen.diel@deltapathology.com (Other)
[465/1033] ✅ christen.diel@deltapathology.com (Other)
[466/1033] ✅ christen.diel@deltapathology.com (Other)
[467/1033] ✅ christen.diel@deltapathology.com (Other)
[468/1033] ✅ christen.diel@deltapathology.com (Other)
[469/1033] ✅ elizabeth.roos@ochsnerlsuhs.org (Microsoft)
[470/1033] ✅ george.lozano@ochsnerlsuhs.org (Microsoft)
[471/1033] ✅ mattie.daughtry@legislature.maine.gov (Other)
[472/1033] ✅ karthikeyan.x.kuppusamy@questdiagnostics.com (Other)
[473/1033] ✅ david.davis@maryland.gov (Google)
[474/1033] ✅ dara.king@maryland.gov (Google)
[475/1033] ✅ rward@umaryland.edu (Microsoft)
[476/1033] ✅ kstorm@umaryland.edu (Microsoft)
[477/1033] ✅ drock@lighthealth.org (Other)
[478/1033] ✅ yoanna.moisides@baltimorecity.gov (Other)
[479/1033] ✅ imran.ali@covance.com (Other)
[480/1033] ✅ shakti.ramkissoon@covance.com (Other)
[481/1033] ✅ rbrockenbrough@co.pg.md.us (Microsoft)
[482/1033] ✅ agleason@smithers.com (Other)
[483/1033] ✅ nyao@smithers.com (Other)
[484/1033] ✅ sawan@philifesciences.com (Google)
[485/1033] ✅ jose.pineda@cslplasma.com (Other)
[486/1033] ✅ joe.abdo@oxfordbiodynamics.com (Microsoft)
[487/1033] ✅ jayne.green@oxfordbiodynamics.com (Microsoft)
[488/1033] ❌ jliddell1@partners.org verified=False (Other)
[489/1033] ✅ karthikeyan.x.kuppusamy@questdiagnostics.com (Other)
[490/1033] ✅ bethany@imgendx.com (Other)
[491/1033] ✅ cchew@cleanslatecenters.com (Other)
[492/1033] ✅ rthompson@cleanslatecenters.com (Other)
[493/1033] ✅ dshaikh@cleanslatecenters.com (Other)
[494/1033] ✅ sfoster@mersi.com (Microsoft)
[495/1033] ✅ ftadic@mersi.com (Microsoft)
[496/1033] ✅ karthikeyan.x.kuppusamy@questdiagnostics.com (Other)
[497/1033] ❌ jan.peters@stvincenthospital.com verified=False (Microsoft)
[498/1033] ❌ brian.trinque@stvincenthospital.com verified=False (Microsoft)
[499/1033] ✅ ameyer@epigendx.com (Microsoft)
[500/1033] ✅ ediguilio@quantumpathology.com (Microsoft)
[501/1033] ✅ kfaulend@nagenomics.com (Other)
[502/1033] ✅ jwhite@kbmodiagnostics.com (Google)
[503/1033] ✅ karthikeyan.x.kuppusamy@questdiagnostics.com (Other)
[504/1033] ✅ cspears@cgt.global (Microsoft)
[505/1033] ✅ charolette.jackson@baxalta.com (Other)
[506/1033] ✅ klakhani@g.harvard.edu (Google)
[507/1033] ❌ jay.j@bostonmedflight.org verified=False (Other)
[508/1033] ✅ charliem@bostonmedflight.org (Other)
[509/1033] ❌ james.dargin@bostonmedflight.org verified=False (Other)
[510/1033] ✅ charolette.jackson@baxalta.com (Other)
[511/1033] ❌ gitteped@genomicexpression.com verified=False (Other)
[512/1033] ✅ matt.parisi@predictabiosciences.com (Other)
[513/1033] ✅ rachel.groggel@informdx.com (Microsoft)
[514/1033] ✅ belinda.echartea@informdx.com (Microsoft)
[515/1033] ✅ arash.radfar@informdx.com (Microsoft)
[516/1033] ✅ karthikeyan.x.kuppusamy@questdiagnostics.com (Other)
[517/1033] ✅ jose.pineda@cslplasma.com (Other)
[518/1033] ✅ hlevanduski@thechc.com (Other)
[519/1033] ✅ charolette.jackson@baxalta.com (Other)
[520/1033] ✅ charolette.jackson@baxalta.com (Other)
[521/1033] ✅ alan.amici@wayne.edu (Microsoft)
[522/1033] ✅ hlevanduski@thechc.com (Other)
[523/1033] ✅ hlevanduski@thechc.com (Other)
[524/1033] ✅ charolette.jackson@baxalta.com (Other)
[525/1033] ✅ hlevanduski@thechc.com (Other)
[526/1033] ✅ jose.pineda@cslplasma.com (Other)
[527/1033] ✅ karthikeyan.x.kuppusamy@questdiagnostics.com (Other)
[528/1033] ✅ jose.pineda@cslplasma.com (Other)
[529/1033] ✅ jose.pineda@cslplasma.com (Other)
[530/1033] ✅ jose.pineda@cslplasma.com (Other)
[531/1033] ✅ charolette.jackson@baxalta.com (Other)
[532/1033] ✅ jose.pineda@cslplasma.com (Other)
[533/1033] ✅ jose.pineda@cslplasma.com (Other)
[534/1033] ✅ jose.pineda@cslplasma.com (Other)
[535/1033] ✅ hlevanduski@thechc.com (Other)
[536/1033] ✅ jose.pineda@cslplasma.com (Other)
[537/1033] ✅ karthikeyan.x.kuppusamy@questdiagnostics.com (Other)
[538/1033] ✅ jose.pineda@cslplasma.com (Other)
[539/1033] ✅ jose.pineda@cslplasma.com (Other)
[540/1033] ✅ jose.pineda@cslplasma.com (Other)
[541/1033] ✅ charolette.jackson@baxalta.com (Other)
[542/1033] ✅ jose.pineda@cslplasma.com (Other)
[543/1033] ✅ charolette.jackson@baxalta.com (Other)
[544/1033] ✅ hlevanduski@thechc.com (Other)
[545/1033] ✅ charolette.jackson@baxalta.com (Other)
[546/1033] ✅ hlevanduski@thechc.com (Other)
[547/1033] ✅ hackertp@oakgov.com (Microsoft)
[548/1033] ✅ jose.pineda@cslplasma.com (Other)
[549/1033] ✅ dlpelch@lrhc.org (Microsoft)
[550/1033] ✅ jschiller@lifelinkiii.com (Other)
[551/1033] ✅ jose.pineda@cslplasma.com (Other)
[552/1033] ✅ jfcho@umn.edu (Other)
[553/1033] ❌ kearn236@umn.edu verified=False (Other)
[554/1033] ✅ sarah.kerr@hpath.com (Microsoft)
[555/1033] ❌ sdo@valleymedical.com verified=False (Other)
[556/1033] ✅ jmackey@valleymedical.com (Other)
[557/1033] ✅ jose.pineda@cslplasma.com (Other)
[558/1033] ✅ charolette.jackson@baxalta.com (Other)
[559/1033] ✅ jose.pineda@cslplasma.com (Other)
[560/1033] ✅ j.pottier@axisclinicals.com (Microsoft)
[561/1033] ✅ andrewbuschow@eurofinsus.com (Microsoft)
[562/1033] ✅ imran.ali@covance.com (Other)
[563/1033] ✅ shakti.ramkissoon@covance.com (Other)
[564/1033] ✅ charolette.jackson@baxalta.com (Other)
[565/1033] ✅ imran.ali@covance.com (Other)
[566/1033] ✅ shakti.ramkissoon@covance.com (Other)
[567/1033] ✅ jgevans@ael.com (Other)
[568/1033] ✅ ricky.browning@srfcu.org (Microsoft)
[569/1033] ✅ mark.deakle@mysrhs.com (Microsoft)
[570/1033] ✅ ijlal.babar@mysrhs.com (Microsoft)
[571/1033] ✅ jgevans@ael.com (Other)
[572/1033] ✅ awiseman@plslab.com (Other)
[573/1033] ✅ wherring@trustcarehealth.com (Microsoft)
[574/1033] ✅ jose.pineda@cslplasma.com (Other)
[575/1033] ❌ gfrank@stlouisco.com verified=False (Other)
[576/1033] ✅ poldeg@stlouiscountymo.gov (Other)
[577/1033] ✅ charolette.jackson@baxalta.com (Other)
[578/1033] ✅ jose.pineda@cslplasma.com (Other)
[579/1033] ✅ jose.pineda@cslplasma.com (Other)
[580/1033] ✅ david.argueta@mercy.net (Other)
[581/1033] ❌ mickey.luna@slu.edu verified=False (Other)
[582/1033] ✅ imran.ali@covance.com (Other)
[583/1033] ✅ shakti.ramkissoon@covance.com (Other)
[584/1033] ✅ jose.pineda@cslplasma.com (Other)
[585/1033] ✅ charolette.jackson@baxalta.com (Other)
[586/1033] ✅ asingh@mogene.com (Google)
[587/1033] ✅ imran.ali@covance.com (Other)
[588/1033] ✅ shakti.ramkissoon@covance.com (Other)
[589/1033] ✅ charolette.jackson@baxalta.com (Other)
[590/1033] ✅ charolette.jackson@baxalta.com (Other)
[591/1033] ✅ charolette.jackson@baxalta.com (Other)
[592/1033] ✅ charolette.jackson@baxalta.com (Other)
[593/1033] ❌ gfrank@stlouisco.com verified=False (Other)
[594/1033] ✅ poldeg@stlouiscountymo.gov (Other)
[595/1033] ✅ karthikeyan.x.kuppusamy@questdiagnostics.com (Other)
[596/1033] ✅ karthikeyan.x.kuppusamy@questdiagnostics.com (Other)
[597/1033] ✅ karthikeyan.x.kuppusamy@questdiagnostics.com (Other)
[598/1033] ✅ david.argueta@mercy.net (Other)
[599/1033] ✅ david.argueta@mercy.net (Other)
[600/1033] ✅ edward.weinstein@panomebio.com (Microsoft)
[601/1033] ✅ rsanderson@montanaresources.com (Microsoft)
[602/1033] ✅ charolette.jackson@baxalta.com (Other)
[603/1033] ✅ rderrett@billingsclinic.org (Microsoft)
[604/1033] ✅ nallen3@billingsclinic.org (Microsoft)
[605/1033] ✅ chudson@hematologics.com (Other)
[606/1033] ✅ rderrett@billingsclinic.org (Microsoft)
[607/1033] ✅ nallen3@billingsclinic.org (Microsoft)
[608/1033] ✅ caseybuckingham@benefis.org (Microsoft)
[609/1033] ✅ jon.for@riverstonehealth.org (Other)
[610/1033] ❌ erin.hix@riverstonehealth.org verified=False (Other)
[611/1033] ✅ jose.pineda@cslplasma.com (Other)
[612/1033] ✅ asabet@precipiodx.com (Google)
[613/1033] ❌ dhudnall@precipiodx.com verified=False (Google)
[614/1033] ✅ karthikeyan.x.kuppusamy@questdiagnostics.com (Other)
[615/1033] ✅ buttolpht@pmspc.org (Other)
[616/1033] ✅ youngc@snhd.org (Other)
[617/1033] ✅ jose.pineda@cslplasma.com (Other)
[618/1033] ✅ aaron.osborne@optimumedicine.com (Microsoft)
[619/1033] ✅ jose.pineda@cslplasma.com (Other)
[620/1033] ✅ imran.ali@covance.com (Other)
[621/1033] ✅ shakti.ramkissoon@covance.com (Other)
[622/1033] ✅ kelli.rafferty@elliot-hs.org (Other)
[623/1033] ✅ andrea.l.leland@hitchcock.org (Other)
[624/1033] ✅ jonathan.b.thyng@hitchcock.org (Other)
[625/1033] ✅ jproctor@ivirma.com (Microsoft)
[626/1033] ✅ mmaguire@rmanj.com (Microsoft)
[627/1033] ✅ dsantaniello@emsl.com (Other)
[628/1033] ✅ dgehret@emsl.com (Other)
[629/1033] ✅ mjcharlton@atlanticare.org (Other)
[630/1033] ✅ szarbiv@atlanticare.org (Other)
[631/1033] ✅ jproctor@ivirma.com (Microsoft)
[632/1033] ✅ mmaguire@rmanj.com (Microsoft)
[633/1033] ✅ agurnani@synergymedlabs.com (Google)
[634/1033] ✅ jproctor@ivirma.com (Microsoft)
[635/1033] ✅ mmaguire@rmanj.com (Microsoft)
[636/1033] ✅ jmidwinter@advancedclinical.com (Microsoft)
[637/1033] ✅ rherring@advancedclinical.com (Microsoft)
[638/1033] ✅ ehajek@advancedclinical.com (Microsoft)
[639/1033] ❌ cjames@usf.edu verified=False (Microsoft)
[640/1033] ❌ rcook@dermpathdiagnostics.com verified=False (Other)
[641/1033] ❌ mpierson@ameripath.com verified=False (Other)
[642/1033] ❌ steve.finnern@givelegacy.com verified=False (Google)
[643/1033] ✅ cleinbach@kw.com (Google)
[644/1033] ✅ david@neurokaire.com (Google)
[645/1033] ✅ slove@bernco.gov (Microsoft)
[646/1033] ✅ robin.divine@tricore.org (Microsoft)
[647/1033] ✅ jesse.young@tricore.org (Microsoft)
[648/1033] ✅ karthikeyan.x.kuppusamy@questdiagnostics.com (Other)
[649/1033] ✅ atalasaz@guardanthealth.com (Microsoft)
[650/1033] ❌ halrose@bioreference.com verified=False (Other)
[651/1033] ❌ crallen@bioreference.com verified=False (Other)
[652/1033] ✅ antti.kangas@nightingalehealth.com (Microsoft)
[653/1033] ✅ jeffrey.reid@regeneron.com (Other)
[654/1033] ✅ pablo.viguera@regeneron.com (Other)
[655/1033] ✅ vincent.tammaro@mountsinai.org (Other)
[656/1033] ✅ darren.deoraj@mountsinai.org (Other)
[657/1033] ✅ charles.powell@mountsinai.org (Other)
[658/1033] ✅ nader.mherabi@nyulangone.org (Other)
[659/1033] ✅ jonah.feldman@nyulangone.org (Other)
[660/1033] ✅ sfox@schools.nyc.gov (Microsoft)
[661/1033] ✅ joel.saltz@stonybrookmedicine.edu (Microsoft)
[662/1033] ✅ jose.pineda@cslplasma.com (Other)
[663/1033] ✅ imran.ali@covance.com (Other)
[664/1033] ✅ shakti.ramkissoon@covance.com (Other)
[665/1033] ✅ julie.graham@waynegov.com (Other)
[666/1033] ✅ gloria.bartelt@piedmonthealthcare.com (Other)
[667/1033] ✅ kayce.johnson@piedmonthealthcare.com (Other)
[668/1033] ✅ robert.kimball@piedmonthealthcare.com (Other)
[669/1033] ✅ imran.ali@covance.com (Other)
[670/1033] ✅ shakti.ramkissoon@covance.com (Other)
[671/1033] ✅ imran.ali@covance.com (Other)
[672/1033] ✅ shakti.ramkissoon@covance.com (Other)
[673/1033] ✅ imran.ali@covance.com (Other)
[674/1033] ✅ shakti.ramkissoon@covance.com (Other)
[675/1033] ✅ imran.ali@covance.com (Other)
[676/1033] ✅ shakti.ramkissoon@covance.com (Other)
[677/1033] ✅ imran.ali@covance.com (Other)
[678/1033] ✅ shakti.ramkissoon@covance.com (Other)
[679/1033] ✅ imran.ali@covance.com (Other)
[680/1033] ✅ shakti.ramkissoon@covance.com (Other)
[681/1033] ✅ charolette.jackson@baxalta.com (Other)
[682/1033] ✅ andrewbuschow@eurofinsus.com (Microsoft)
[683/1033] ✅ sbender@tryonmed.com (Microsoft)
[684/1033] ✅ imran.ali@covance.com (Other)
[685/1033] ✅ shakti.ramkissoon@covance.com (Other)
[686/1033] ✅ charles.wallington@conehealth.com (Other)
[687/1033] ✅ funsho.aduloju@conehealth.com (Other)
[688/1033] ✅ steven.bokshan@conehealth.com (Other)
[689/1033] ✅ dbumarch@honorbridge.org (Microsoft)
[690/1033] ✅ imran.ali@covance.com (Other)
[691/1033] ✅ shakti.ramkissoon@covance.com (Other)
[692/1033] ✅ charolette.jackson@baxalta.com (Other)
[693/1033] ✅ charolette.jackson@baxalta.com (Other)
[694/1033] ✅ jesse.howard@medscanlab.com (Google)
[695/1033] ✅ drhoffman@skinwindermatology.com (Google)
[696/1033] ✅ imran.ali@covance.com (Other)
[697/1033] ✅ shakti.ramkissoon@covance.com (Other)
[698/1033] ✅ jeremy.marks@ohio.gov (Microsoft)
[699/1033] ✅ jose.pineda@cslplasma.com (Other)
[700/1033] ✅ jose.pineda@cslplasma.com (Other)
[701/1033] ✅ jose.pineda@cslplasma.com (Other)
[702/1033] ✅ bthomas@phdmc.org (Other)
[703/1033] ✅ charolette.jackson@baxalta.com (Other)
[704/1033] ✅ karthikeyan.x.kuppusamy@questdiagnostics.com (Other)
[705/1033] ✅ karthikeyan.x.kuppusamy@questdiagnostics.com (Other)
[706/1033] ✅ rmcallister@acupath.com (Microsoft)
[707/1033] ✅ charolette.jackson@baxalta.com (Other)
[708/1033] ❌ benji@nationwidehistology.com verified=False (Google)
[709/1033] ✅ jose.pineda@cslplasma.com (Other)
[710/1033] ✅ jose.pineda@cslplasma.com (Other)
[711/1033] ✅ jose.pineda@cslplasma.com (Other)
[712/1033] ✅ jose.pineda@cslplasma.com (Other)
[713/1033] ✅ jose.pineda@cslplasma.com (Other)
[714/1033] ✅ jose.pineda@cslplasma.com (Other)
[715/1033] ✅ jose.pineda@cslplasma.com (Other)
[716/1033] ✅ charolette.jackson@baxalta.com (Other)
[717/1033] ✅ imran.ali@covance.com (Other)
[718/1033] ✅ shakti.ramkissoon@covance.com (Other)
[719/1033] ✅ rachel.groggel@informdx.com (Microsoft)
[720/1033] ✅ belinda.echartea@informdx.com (Microsoft)
[721/1033] ✅ arash.radfar@informdx.com (Microsoft)
[722/1033] ✅ ausmani@benchmarkdiagnostics.com (Microsoft)
[723/1033] ✅ mo@pureviewlab.com (Google)
[724/1033] ❌ horack.1@osu.edu verified=False (Other)
[725/1033] ✅ jose.pineda@cslplasma.com (Other)
[726/1033] ✅ jose.pineda@cslplasma.com (Other)
[727/1033] ✅ thamilton@odmhsas.org (Other)
[728/1033] ✅ jose.pineda@cslplasma.com (Other)
[729/1033] ✅ jose.pineda@cslplasma.com (Other)
[730/1033] ✅ jose.pineda@cslplasma.com (Other)
[731/1033] ✅ charolette.jackson@baxalta.com (Other)
[732/1033] ✅ daniele@solvhealth.com (Google)
[733/1033] ✅ jamie.payne@saintfrancis.com (Other)
[734/1033] ❌ adipablm@saintfrancis.com verified=False (Other)
[735/1033] ✅ jamie.payne@saintfrancis.com (Other)
[736/1033] ❌ adipablm@saintfrancis.com verified=False (Other)
[737/1033] ✅ jamie.payne@saintfrancis.com (Other)
[738/1033] ❌ adipablm@saintfrancis.com verified=False (Other)
[739/1033] ✅ charolette.jackson@baxalta.com (Other)
[740/1033] ✅ karthikeyan.x.kuppusamy@questdiagnostics.com (Other)
[741/1033] ✅ imran.ali@covance.com (Other)
[742/1033] ✅ shakti.ramkissoon@covance.com (Other)
[743/1033] ✅ imran.ali@covance.com (Other)
[744/1033] ✅ shakti.ramkissoon@covance.com (Other)
[745/1033] ✅ karthikeyan.x.kuppusamy@questdiagnostics.com (Other)
[746/1033] ✅ karthikeyan.x.kuppusamy@questdiagnostics.com (Other)
[747/1033] ✅ jose.pineda@cslplasma.com (Other)
[748/1033] ✅ ees@thesalemlawfirm.com (Google)
[749/1033] ✅ pkrull@orclinic.com (Microsoft)
[750/1033] ✅ kyoung@orclinic.com (Microsoft)
[751/1033] ❌ bpeterson@incdx.com verified=False (Other)
[752/1033] ❌ bpeterson@incdx.com verified=False (Other)
[753/1033] ✅ dzava@zrtlab.com (Microsoft)
[754/1033] ✅ imran.ali@covance.com (Other)
[755/1033] ✅ shakti.ramkissoon@covance.com (Other)
[756/1033] ✅ williamco@yvfwc.org (Microsoft)
[757/1033] ✅ laurent@yvfwc.org (Microsoft)
[758/1033] ✅ imran.ali@covance.com (Other)
[759/1033] ✅ shakti.ramkissoon@covance.com (Other)
[760/1033] ✅ imran.ali@covance.com (Other)
[761/1033] ✅ shakti.ramkissoon@covance.com (Other)
[762/1033] ✅ emartin@zoomcare.com (Other)
[763/1033] ❌ nixonr@vistapathology.com verified=False (Other)
[764/1033] ✅ golie@goldenwestbio.com (Microsoft)
[765/1033] ❌ nixonr@vistapathology.com verified=False (Other)
[766/1033] ✅ emartin@zoomcare.com (Other)
[767/1033] ✅ scollins6@geisinger.edu (Microsoft)
[768/1033] ✅ tabbott@gmgtransport.com (Other)
[769/1033] ❌ wilde@upmc.edu verified=False (Other)
[770/1033] ❌ babicd@upmc.edu verified=False (Other)
[771/1033] ❌ landk@upmc.edu verified=False (Other)
[772/1033] ✅ dholt@centervilleclinics.com (Other)
[773/1033] ✅ lmh41@scasd.org (Google)
[774/1033] ✅ maxwell.akuamoah-boateng@phila.gov (Microsoft)
[775/1033] ✅ awiddoss@biospecialty.com (Microsoft)
[776/1033] ✅ dgranger@salimetrics.com (Other)
[777/1033] ✅ mridinger@wellspan.org (Other)
[778/1033] ✅ rkashyap@wellspan.org (Other)
[779/1033] ✅ fkbaksh@psppath.com (Microsoft)
[780/1033] ❌ hemalgada@upmc.com verified=False (Other)
[781/1033] ✅ paul.phrampus@upmc.com (Other)
[782/1033] ✅ jose.pineda@cslplasma.com (Other)
[783/1033] ✅ cspears@cgt.global (Microsoft)
[784/1033] ✅ amicheletti@prismmolecular.com (Google)
[785/1033] ❌ cjames@usf.edu verified=False (Microsoft)
[786/1033] ❌ rcook@dermpathdiagnostics.com verified=False (Other)
[787/1033] ❌ mpierson@ameripath.com verified=False (Other)
[788/1033] ✅ gdubick@wharton.upenn.edu (Other)
[789/1033] ❌ john.krolicki@chp.edu verified=False (Other)
[790/1033] ❌ kristen.esposito@chp.edu verified=False (Other)
[791/1033] ❌ ken.nischal@chp.edu verified=False (Other)
[792/1033] ✅ scollins6@geisinger.edu (Microsoft)
[793/1033] ✅ karthikeyan.x.kuppusamy@questdiagnostics.com (Other)
[794/1033] ✅ abhishek.agrawal1@birdeye.com (Google)
[795/1033] ✅ karthikeyan.x.kuppusamy@questdiagnostics.com (Other)
[796/1033] ❌ philip@vitadox.com verified=False (Microsoft)
[797/1033] ❌ philip@vitadox.com verified=False (Microsoft)
[798/1033] ❌ brivera@hrplabs.com verified=False (Other)
[799/1033] ✅ eric@alignable.com (Google)
[800/1033] ❌ philip@vitadox.com verified=False (Microsoft)
[801/1033] ✅ karthikeyan.x.kuppusamy@questdiagnostics.com (Other)
[802/1033] ✅ sean@cybo.com (Other)
[803/1033] ❌ philip@vitadox.com verified=False (Microsoft)
[804/1033] ❌ philip@vitadox.com verified=False (Microsoft)
[805/1033] ❌ philip@vitadox.com verified=False (Microsoft)
[806/1033] ❌ philip@vitadox.com verified=False (Microsoft)
[807/1033] ❌ philip@vitadox.com verified=False (Microsoft)
[808/1033] ✅ mcaro@costasalud.com (Other)
[809/1033] ✅ erodriguez@costasalud.com (Other)
[810/1033] ✅ victor.valentin@labemmanuel.com (Google)
[811/1033] ✅ victor.valentin@labemmanuel.com (Google)
[812/1033] ✅ karthikeyan.x.kuppusamy@questdiagnostics.com (Other)
[813/1033] ❌ philip@vitadox.com verified=False (Microsoft)
[814/1033] ❌ philip@vitadox.com verified=False (Microsoft)
[815/1033] ✅ karthikeyan.x.kuppusamy@questdiagnostics.com (Other)
[816/1033] ❌ philip@vitadox.com verified=False (Microsoft)
[817/1033] ✅ karthikeyan.x.kuppusamy@questdiagnostics.com (Other)
[818/1033] ✅ jarvis@newbizbot.ai (Google)
[819/1033] ✅ victor.valentin@labemmanuel.com (Google)
[820/1033] ❌ philip@vitadox.com verified=False (Microsoft)
[821/1033] ✅ karthikeyan.x.kuppusamy@questdiagnostics.com (Other)
[822/1033] ❌ philip@vitadox.com verified=False (Microsoft)
[823/1033] ✅ victor.valentin@labemmanuel.com (Google)
[824/1033] ❌ lartache@professionalhospital.com verified=False (Google)
[825/1033] ❌ philip@vitadox.com verified=False (Microsoft)
[826/1033] ❌ philip@vitadox.com verified=False (Microsoft)
[827/1033] ✅ sean@cybo.com (Other)
[828/1033] ❌ philip@vitadox.com verified=False (Microsoft)
[829/1033] ✅ karthikeyan.x.kuppusamy@questdiagnostics.com (Other)
[830/1033] ❌ philip@vitadox.com verified=False (Microsoft)
[831/1033] ❌ philip@vitadox.com verified=False (Microsoft)
[832/1033] ✅ kagosto@metropaviaclinic.com (Microsoft)
[833/1033] ✅ ana.miranda-mercado@mmmhc.com (Other)
[834/1033] ✅ nick.c@linktr.ee (Google)
[835/1033] ❌ wvirella-santana@prpathology.com verified=False (Microsoft)
[836/1033] ✅ imran.ali@covance.com (Other)
[837/1033] ✅ shakti.ramkissoon@covance.com (Other)
[838/1033] ✅ imran.ali@covance.com (Other)
[839/1033] ✅ shakti.ramkissoon@covance.com (Other)
[840/1033] ❌ marc.quevedo@sc.gov verified=False (Other)
[841/1033] ❌ marc.quevedo@sc.gov verified=False (Other)
[842/1033] ❌ marc.quevedo@sc.gov verified=False (Other)
[843/1033] ✅ jose.pineda@cslplasma.com (Other)
[844/1033] ✅ rpalmer@lradac.org (Microsoft)
[845/1033] ✅ jose.pineda@cslplasma.com (Other)
[846/1033] ✅ jose.pineda@cslplasma.com (Other)
[847/1033] ✅ jon.joffe@prismahealth.org (Other)
[848/1033] ❌ john.erwin@prismahealth.org verified=False (Other)
[849/1033] ✅ imran.ali@covance.com (Other)
[850/1033] ✅ shakti.ramkissoon@covance.com (Other)
[851/1033] ✅ jason@omegaquant.com (Other)
[852/1033] ✅ jose.pineda@cslplasma.com (Other)
[853/1033] ✅ kevinmarsh@sofha.net (Other)
[854/1033] ❌ kentwright@sofha.org verified=False (Other)
[855/1033] ✅ jose.pineda@cslplasma.com (Other)
[856/1033] ❌ reed@consfab.com verified=False (Microsoft)
[857/1033] ✅ latrina.morman@lifelinebloodserv.org (Other)
[858/1033] ✅ jose.pineda@cslplasma.com (Other)
[859/1033] ✅ ddawes@mmc.edu (Microsoft)
[860/1033] ✅ tlavender@mmc.edu (Microsoft)
[861/1033] ✅ jose.pineda@cslplasma.com (Other)
[862/1033] ✅ kbush@cairndx.com (Other)
[863/1033] ✅ thill@cairndx.com (Other)
[864/1033] ✅ wnovick@uthsc.edu (Microsoft)
[865/1033] ❌ dgarner@uthsc.edu verified=False (Microsoft)
[866/1033] ❌ ccross@uthsc.edu verified=False (Microsoft)
[867/1033] ✅ lcrawford@mycts.org (Microsoft)
[868/1033] ✅ alove@mycts.org (Microsoft)
[869/1033] ✅ eric.deaton@balladhealth.org (Microsoft)
[870/1033] ✅ landon.combs@balladhealth.org (Microsoft)
[871/1033] ❌ scwsp@jacksonclinic.com verified=False (Other)
[872/1033] ✅ jose.pineda@cslplasma.com (Other)
[873/1033] ❌ sanford_sharp@diagnosticpathologyservices.com verified=False (Other)
[874/1033] ✅ charolette.jackson@baxalta.com (Other)
[875/1033] ✅ imran.ali@covance.com (Other)
[876/1033] ✅ shakti.ramkissoon@covance.com (Other)
[877/1033] ✅ charolette.jackson@baxalta.com (Other)
[878/1033] ✅ imran.ali@covance.com (Other)
[879/1033] ✅ shakti.ramkissoon@covance.com (Other)
[880/1033] ✅ lcooper@daxor.com (Google)
[881/1033] ✅ ericmayer@newdaydiagnostics.com (Microsoft)
[882/1033] ✅ rmcallister@acupath.com (Microsoft)
[883/1033] ✅ james.d.phillips@vumc.org (Microsoft)
[884/1033] ✅ edwina.o.mcneill-simaan@vumc.org (Microsoft)
[885/1033] ✅ s.durbhakula@vumc.org (Microsoft)
[886/1033] ✅ thodge@chronetyx.com (Microsoft)
[887/1033] ✅ pchandra@pathgroup.com (Other)
[888/1033] ✅ kknight@pathgroup.com (Other)
[889/1033] ❌ malbanesi@ameripath.com verified=False (Other)
[890/1033] ❌ aradhakrishnan@ameripath.com verified=False (Other)
[891/1033] ✅ jose.pineda@cslplasma.com (Other)
[892/1033] ❌ ebraden@tamu.edu verified=False (Other)
[893/1033] ✅ jose.pineda@cslplasma.com (Other)
[894/1033] ✅ jose.pineda@cslplasma.com (Other)
[895/1033] ✅ jose.pineda@cslplasma.com (Other)
[896/1033] ✅ imran.ali@covance.com (Other)
[897/1033] ✅ shakti.ramkissoon@covance.com (Other)
[898/1033] ✅ yxmachemer@spectracell.com (Other)
[899/1033] ✅ jose.pineda@cslplasma.com (Other)
[900/1033] ✅ charolette.jackson@baxalta.com (Other)
[901/1033] ❌ malbanesi@ameripath.com verified=False (Other)
[902/1033] ❌ aradhakrishnan@ameripath.com verified=False (Other)
[903/1033] ✅ rcrum@cg-labs.com (Other)
[904/1033] ✅ imran.ali@covance.com (Other)
[905/1033] ✅ shakti.ramkissoon@covance.com (Other)
[906/1033] ❌ faiz.siddiqui@propath.com verified=False (Other)
[907/1033] ❌ faiz.siddiqui@propath.com verified=False (Other)
[908/1033] ✅ wrigler@averodx.com (Microsoft)
[909/1033] ❌ malbanesi@ameripath.com verified=False (Other)
[910/1033] ❌ aradhakrishnan@ameripath.com verified=False (Other)
[911/1033] ❌ faiz.siddiqui@propath.com verified=False (Other)
[912/1033] ✅ abhilash.durgam@uth.tmc.edu (Microsoft)
[913/1033] ✅ lcrawford@mycts.org (Microsoft)
[914/1033] ✅ alove@mycts.org (Microsoft)
[915/1033] ✅ jose.pineda@cslplasma.com (Other)
[916/1033] ✅ ccockerell@dermpath.com (Microsoft)
[917/1033] ❌ mark.bernard@resolutehealth.com verified=False (Microsoft)
[918/1033] ✅ ccockerell@dermpath.com (Microsoft)
[919/1033] ❌ malbanesi@ameripath.com verified=False (Other)
[920/1033] ❌ aradhakrishnan@ameripath.com verified=False (Other)
[921/1033] ✅ jose.pineda@cslplasma.com (Other)
[922/1033] ✅ imran.ali@covance.com (Other)
[923/1033] ✅ shakti.ramkissoon@covance.com (Other)
[924/1033] ✅ charolette.jackson@baxalta.com (Other)
[925/1033] ❌ faiz.siddiqui@propath.com verified=False (Other)
[926/1033] ✅ charolette.jackson@baxalta.com (Other)
[927/1033] ✅ charolette.jackson@baxalta.com (Other)
[928/1033] ❌ trimble.samantha@stdavids.com verified=False (Other)
[929/1033] ❌ kass-hout.omar@stdavids.com verified=False (Other)
[930/1033] ✅ jose.pineda@cslplasma.com (Other)
[931/1033] ✅ jose.pineda@cslplasma.com (Other)
[932/1033] ✅ karthikeyan.x.kuppusamy@questdiagnostics.com (Other)
[933/1033] ✅ jose.pineda@cslplasma.com (Other)
[934/1033] ✅ jose.pineda@cslplasma.com (Other)
[935/1033] ✅ rghaynes@grmedcenter.com (Other)
[936/1033] ✅ michael.lafriniere@ccplab.com (Other)
[937/1033] ✅ charolette.jackson@baxalta.com (Other)
[938/1033] ✅ charolette.jackson@baxalta.com (Other)
[939/1033] ✅ salonichohan@acies.holdings (Microsoft)
[940/1033] ✅ jcangelosi@sagisdx.com (Other)
[941/1033] ✅ jgray@pathreflab.com (Other)
[942/1033] ✅ jdr@luciddx.com (Other)
[943/1033] ✅ ron.berger@vrl.net (Microsoft)
[944/1033] ✅ jon.moll@vrl.net (Microsoft)
[945/1033] ✅ dcortez@pathology-associates.com (Microsoft)
[946/1033] ✅ mara@wamhs.org (Other)
[947/1033] ❌ bob.latta@merchantcircle.com verified=False (Google)
[948/1033] ✅ jose.pineda@cslplasma.com (Other)
[949/1033] ✅ gregg.moss@imail.org (Other)
[950/1033] ✅ farukh.usmani@intermountainhealthcare.org (Other)
[951/1033] ✅ charolette.jackson@baxalta.com (Other)
[952/1033] ✅ charolette.jackson@baxalta.com (Other)
[953/1033] ✅ charolette.jackson@baxalta.com (Other)
[954/1033] ✅ charolette.jackson@baxalta.com (Other)
[955/1033] ✅ kristin@inherentbio.com (Google)
[956/1033] ✅ charolette.jackson@baxalta.com (Other)
[957/1033] ✅ mark.orton@mountainstarhealth.com (Other)
[958/1033] ✅ aadler@aeromd.com (Google)
[959/1033] ✅ kkocis@aeromd.com (Google)
[960/1033] ✅ byron.fisher@patientfirst.com (Other)
[961/1033] ❌ mark.paster@patientfirst.com verified=False (Other)
[962/1033] ❌ ehab_esmail@lifenethealth.org verified=False (Other)
[963/1033] ✅ steve_julian@lifenethealth.org (Other)
[964/1033] ✅ imran.ali@covance.com (Other)
[965/1033] ✅ shakti.ramkissoon@covance.com (Other)
[966/1033] ✅ imran.ali@covance.com (Other)
[967/1033] ✅ shakti.ramkissoon@covance.com (Other)
[968/1033] ✅ imran.ali@covance.com (Other)
[969/1033] ✅ shakti.ramkissoon@covance.com (Other)
[970/1033] ✅ imran.ali@covance.com (Other)
[971/1033] ✅ shakti.ramkissoon@covance.com (Other)
[972/1033] ✅ imran.ali@covance.com (Other)
[973/1033] ✅ shakti.ramkissoon@covance.com (Other)
[974/1033] ✅ jose.pineda@cslplasma.com (Other)
[975/1033] ✅ imran.ali@covance.com (Other)
[976/1033] ✅ shakti.ramkissoon@covance.com (Other)
[977/1033] ✅ karthikeyan.x.kuppusamy@questdiagnostics.com (Other)
[978/1033] ✅ karthikeyan.x.kuppusamy@questdiagnostics.com (Other)
[979/1033] ✅ imran.ali@covance.com (Other)
[980/1033] ✅ shakti.ramkissoon@covance.com (Other)
[981/1033] ❌ bpeterson@incdx.com verified=False (Other)
[982/1033] ❌ bpeterson@incdx.com verified=False (Other)
[983/1033] ❌ bpeterson@incdx.com verified=False (Other)
[984/1033] ✅ brad.tuffs@propath.com (Other)
[985/1033] ✅ brad.tuffs@propath.com (Other)
[986/1033] ✅ chad.hovis@camc.org (Microsoft)
[987/1033] ✅ connie.crede@camc.org (Microsoft)
[988/1033] ✅ eric.mantz@camc.org (Microsoft)
[989/1033] ✅ jose.pineda@cslplasma.com (Other)
[990/1033] ✅ jacob.kilgore@mhnetwork.org (Other)
[991/1033] ✅ kwalls@wvapplabs.com (Google)
[992/1033] ✅ brian@telostrand.com (Microsoft)
[993/1033] ✅ jennifer.schomburg@aah.org (Other)
[994/1033] ❌ andres.gonzalez@froedtert.com verified=False (Other)
[995/1033] ✅ jennifer.schomburg@aah.org (Other)
[996/1033] ✅ jennifer.schomburg@aah.org (Other)
[997/1033] ✅ mhuth@ghcscw.com (Microsoft)
[998/1033] ✅ mswedlund@ghcscw.com (Microsoft)
[999/1033] ✅ molly.vandervest@bellin.org (Other)
[1000/1033] ✅ daniel.koster@bellin.org (Other)
[1001/1033] ✅ jennifer.schomburg@aah.org (Other)
[1002/1033] ✅ jose.pineda@cslplasma.com (Other)
[1003/1033] ✅ charolette.jackson@baxalta.com (Other)
[1004/1033] ❌ andres.gonzalez@froedtert.com verified=False (Other)
[1005/1033] ✅ jennifer.schomburg@aah.org (Other)
[1006/1033] ✅ charolette.jackson@baxalta.com (Other)
[1007/1033] ✅ charolette.jackson@baxalta.com (Other)
[1008/1033] ✅ charolette.jackson@baxalta.com (Other)
[1009/1033] ✅ charolette.jackson@baxalta.com (Other)
[1010/1033] ✅ charolette.jackson@baxalta.com (Other)
[1011/1033] ✅ jennifer.schomburg@aah.org (Other)
[1012/1033] ✅ charolette.jackson@baxalta.com (Other)
[1013/1033] ❌ keith_bakken@uwlax.edu verified=False (Microsoft)
[1014/1033] ✅ jennifer.schomburg@aah.org (Other)
[1015/1033] ✅ charolette.jackson@baxalta.com (Other)
[1016/1033] ✅ charolette.jackson@baxalta.com (Other)
[1017/1033] ❌ andres.gonzalez@froedtert.com verified=False (Other)
[1018/1033] ✅ jose.pineda@cslplasma.com (Other)
[1019/1033] ✅ charolette.jackson@baxalta.com (Other)
[1020/1033] ❌ andres.gonzalez@froedtert.com verified=False (Other)
[1021/1033] ❌ andres.gonzalez@froedtert.com verified=False (Other)
[1022/1033] ❌ andres.gonzalez@froedtert.com verified=False (Other)
[1023/1033] ✅ karthikeyan.x.kuppusamy@questdiagnostics.com (Other)
[1024/1033] ✅ jose.pineda@cslplasma.com (Other)
[1025/1033] ✅ gito@dlslab.com (Microsoft)
[1026/1033] ✅ wkim@dlslab.com (Microsoft)
[1027/1033] ✅ gito@dlslab.com (Microsoft)
[1028/1033] ✅ wkim@dlslab.com (Microsoft)
[1029/1033] ✅ gito@dlslab.com (Microsoft)
[1030/1033] ✅ wkim@dlslab.com (Microsoft)
[1031/1033] ✅ andrew@nutripath.com.au (Microsoft)
[1032/1033] ✅ latham@evetechnologies.com (Microsoft)
[1033/1033] ✅ ohad@spotitearly.com (Google)

✅ Done.
   Valid:   878 (85.0%)
   Invalid: 155
   Credits: 1033 (~$10.33)
